[I 2024-03-08 18:26:20,959] A new study created in memory with name: no-name-85d1308b-a140-41cd-80d7-3727a2f9580a
/ghome/group07/anaconda3/envs/torch/lib/python3.10/site-packages/torchvision/models/_utils.py:223: UserWarning: Arguments other than a weight enum or `None` for 'weights' are deprecated since 0.13 and may be removed in the future. The current behavior is equivalent to passing `weights=ResNet18_Weights.IMAGENET1K_V1`. You can also use `weights=ResNet18_Weights.DEFAULT` to get the most up-to-date weights.
  warnings.warn(msg)
[I 2024-03-08 18:26:27,065] Trial 0 finished with value: 1.4071871127633218 and parameters: {'knn_metric': 'chebyshev', 'n_neighbors': 22, 'batch_size': 16}. Best is trial 0 with value: 1.4071871127633218.
/ghome/group07/anaconda3/envs/torch/lib/python3.10/site-packages/torchvision/models/_utils.py:223: UserWarning: Arguments other than a weight enum or `None` for 'weights' are deprecated since 0.13 and may be removed in the future. The current behavior is equivalent to passing `weights=ResNet18_Weights.IMAGENET1K_V1`. You can also use `weights=ResNet18_Weights.DEFAULT` to get the most up-to-date weights.
  warnings.warn(msg)
[I 2024-03-08 18:26:32,723] Trial 1 finished with value: 1.3484510532837684 and parameters: {'knn_metric': 'chebyshev', 'n_neighbors': 13, 'batch_size': 8}. Best is trial 0 with value: 1.4071871127633218.
/ghome/group07/anaconda3/envs/torch/lib/python3.10/site-packages/torchvision/models/_utils.py:223: UserWarning: Arguments other than a weight enum or `None` for 'weights' are deprecated since 0.13 and may be removed in the future. The current behavior is equivalent to passing `weights=ResNet18_Weights.IMAGENET1K_V1`. You can also use `weights=ResNet18_Weights.DEFAULT` to get the most up-to-date weights.
  warnings.warn(msg)
[I 2024-03-08 18:26:37,288] Trial 2 finished with value: 1.6802973977695164 and parameters: {'knn_metric': 'minkowski', 'n_neighbors': 23, 'batch_size': 64}. Best is trial 2 with value: 1.6802973977695164.
/ghome/group07/anaconda3/envs/torch/lib/python3.10/site-packages/torchvision/models/_utils.py:223: UserWarning: Arguments other than a weight enum or `None` for 'weights' are deprecated since 0.13 and may be removed in the future. The current behavior is equivalent to passing `weights=ResNet18_Weights.IMAGENET1K_V1`. You can also use `weights=ResNet18_Weights.DEFAULT` to get the most up-to-date weights.
  warnings.warn(msg)
[I 2024-03-08 18:26:41,706] Trial 3 finished with value: 1.599752168525403 and parameters: {'knn_metric': 'minkowski', 'n_neighbors': 46, 'batch_size': 16}. Best is trial 2 with value: 1.6802973977695164.
/ghome/group07/anaconda3/envs/torch/lib/python3.10/site-packages/torchvision/models/_utils.py:223: UserWarning: Arguments other than a weight enum or `None` for 'weights' are deprecated since 0.13 and may be removed in the future. The current behavior is equivalent to passing `weights=ResNet18_Weights.IMAGENET1K_V1`. You can also use `weights=ResNet18_Weights.DEFAULT` to get the most up-to-date weights.
  warnings.warn(msg)
[I 2024-03-08 18:26:47,395] Trial 4 finished with value: 1.3132589838909552 and parameters: {'knn_metric': 'chebyshev', 'n_neighbors': 12, 'batch_size': 8}. Best is trial 2 with value: 1.6802973977695164.
/ghome/group07/anaconda3/envs/torch/lib/python3.10/site-packages/torchvision/models/_utils.py:223: UserWarning: Arguments other than a weight enum or `None` for 'weights' are deprecated since 0.13 and may be removed in the future. The current behavior is equivalent to passing `weights=ResNet18_Weights.IMAGENET1K_V1`. You can also use `weights=ResNet18_Weights.DEFAULT` to get the most up-to-date weights.
  warnings.warn(msg)
[I 2024-03-08 18:26:52,434] Trial 5 finished with value: 1.5660470879801753 and parameters: {'knn_metric': 'manhattan', 'n_neighbors': 7, 'batch_size': 16}. Best is trial 2 with value: 1.6802973977695164.
/ghome/group07/anaconda3/envs/torch/lib/python3.10/site-packages/torchvision/models/_utils.py:223: UserWarning: Arguments other than a weight enum or `None` for 'weights' are deprecated since 0.13 and may be removed in the future. The current behavior is equivalent to passing `weights=ResNet18_Weights.IMAGENET1K_V1`. You can also use `weights=ResNet18_Weights.DEFAULT` to get the most up-to-date weights.
  warnings.warn(msg)
[I 2024-03-08 18:26:58,010] Trial 6 finished with value: 1.6741016109045845 and parameters: {'knn_metric': 'euclidean', 'n_neighbors': 29, 'batch_size': 128}. Best is trial 2 with value: 1.6802973977695164.
/ghome/group07/anaconda3/envs/torch/lib/python3.10/site-packages/torchvision/models/_utils.py:223: UserWarning: Arguments other than a weight enum or `None` for 'weights' are deprecated since 0.13 and may be removed in the future. The current behavior is equivalent to passing `weights=ResNet18_Weights.IMAGENET1K_V1`. You can also use `weights=ResNet18_Weights.DEFAULT` to get the most up-to-date weights.
  warnings.warn(msg)
[I 2024-03-08 18:27:03,268] Trial 7 finished with value: 1.631970260223048 and parameters: {'knn_metric': 'manhattan', 'n_neighbors': 37, 'batch_size': 32}. Best is trial 2 with value: 1.6802973977695164.
/ghome/group07/anaconda3/envs/torch/lib/python3.10/site-packages/torchvision/models/_utils.py:223: UserWarning: Arguments other than a weight enum or `None` for 'weights' are deprecated since 0.13 and may be removed in the future. The current behavior is equivalent to passing `weights=ResNet18_Weights.IMAGENET1K_V1`. You can also use `weights=ResNet18_Weights.DEFAULT` to get the most up-to-date weights.
  warnings.warn(msg)
[I 2024-03-08 18:27:08,728] Trial 8 finished with value: 1.6701363073110282 and parameters: {'knn_metric': 'manhattan', 'n_neighbors': 11, 'batch_size': 128}. Best is trial 2 with value: 1.6802973977695164.
/ghome/group07/anaconda3/envs/torch/lib/python3.10/site-packages/torchvision/models/_utils.py:223: UserWarning: Arguments other than a weight enum or `None` for 'weights' are deprecated since 0.13 and may be removed in the future. The current behavior is equivalent to passing `weights=ResNet18_Weights.IMAGENET1K_V1`. You can also use `weights=ResNet18_Weights.DEFAULT` to get the most up-to-date weights.
  warnings.warn(msg)
[I 2024-03-08 18:27:13,976] Trial 9 finished with value: 1.6329615861214377 and parameters: {'knn_metric': 'manhattan', 'n_neighbors': 27, 'batch_size': 64}. Best is trial 2 with value: 1.6802973977695164.
/ghome/group07/anaconda3/envs/torch/lib/python3.10/site-packages/torchvision/models/_utils.py:223: UserWarning: Arguments other than a weight enum or `None` for 'weights' are deprecated since 0.13 and may be removed in the future. The current behavior is equivalent to passing `weights=ResNet18_Weights.IMAGENET1K_V1`. You can also use `weights=ResNet18_Weights.DEFAULT` to get the most up-to-date weights.
  warnings.warn(msg)
[I 2024-03-08 18:27:18,429] Trial 10 finished with value: 1.6567534076827752 and parameters: {'knn_metric': 'minkowski', 'n_neighbors': 21, 'batch_size': 64}. Best is trial 2 with value: 1.6802973977695164.
/ghome/group07/anaconda3/envs/torch/lib/python3.10/site-packages/torchvision/models/_utils.py:223: UserWarning: Arguments other than a weight enum or `None` for 'weights' are deprecated since 0.13 and may be removed in the future. The current behavior is equivalent to passing `weights=ResNet18_Weights.IMAGENET1K_V1`. You can also use `weights=ResNet18_Weights.DEFAULT` to get the most up-to-date weights.
  warnings.warn(msg)
[I 2024-03-08 18:27:22,960] Trial 11 finished with value: 1.6765799256505582 and parameters: {'knn_metric': 'euclidean', 'n_neighbors': 34, 'batch_size': 128}. Best is trial 2 with value: 1.6802973977695164.
/ghome/group07/anaconda3/envs/torch/lib/python3.10/site-packages/torchvision/models/_utils.py:223: UserWarning: Arguments other than a weight enum or `None` for 'weights' are deprecated since 0.13 and may be removed in the future. The current behavior is equivalent to passing `weights=ResNet18_Weights.IMAGENET1K_V1`. You can also use `weights=ResNet18_Weights.DEFAULT` to get the most up-to-date weights.
  warnings.warn(msg)
[I 2024-03-08 18:27:27,426] Trial 12 finished with value: 1.6879801734820328 and parameters: {'knn_metric': 'euclidean', 'n_neighbors': 37, 'batch_size': 128}. Best is trial 12 with value: 1.6879801734820328.
/ghome/group07/anaconda3/envs/torch/lib/python3.10/site-packages/torchvision/models/_utils.py:223: UserWarning: Arguments other than a weight enum or `None` for 'weights' are deprecated since 0.13 and may be removed in the future. The current behavior is equivalent to passing `weights=ResNet18_Weights.IMAGENET1K_V1`. You can also use `weights=ResNet18_Weights.DEFAULT` to get the most up-to-date weights.
  warnings.warn(msg)
[I 2024-03-08 18:27:31,862] Trial 13 finished with value: 1.6822800495662946 and parameters: {'knn_metric': 'minkowski', 'n_neighbors': 44, 'batch_size': 64}. Best is trial 12 with value: 1.6879801734820328.
/ghome/group07/anaconda3/envs/torch/lib/python3.10/site-packages/torchvision/models/_utils.py:223: UserWarning: Arguments other than a weight enum or `None` for 'weights' are deprecated since 0.13 and may be removed in the future. The current behavior is equivalent to passing `weights=ResNet18_Weights.IMAGENET1K_V1`. You can also use `weights=ResNet18_Weights.DEFAULT` to get the most up-to-date weights.
  warnings.warn(msg)
[I 2024-03-08 18:27:36,268] Trial 14 finished with value: 1.629987608426271 and parameters: {'knn_metric': 'euclidean', 'n_neighbors': 49, 'batch_size': 32}. Best is trial 12 with value: 1.6879801734820328.
/ghome/group07/anaconda3/envs/torch/lib/python3.10/site-packages/torchvision/models/_utils.py:223: UserWarning: Arguments other than a weight enum or `None` for 'weights' are deprecated since 0.13 and may be removed in the future. The current behavior is equivalent to passing `weights=ResNet18_Weights.IMAGENET1K_V1`. You can also use `weights=ResNet18_Weights.DEFAULT` to get the most up-to-date weights.
  warnings.warn(msg)
[I 2024-03-08 18:27:42,379] Trial 15 finished with value: 1.6708798017348203 and parameters: {'knn_metric': 'euclidean', 'n_neighbors': 42, 'batch_size': 128}. Best is trial 12 with value: 1.6879801734820328.
/ghome/group07/anaconda3/envs/torch/lib/python3.10/site-packages/torchvision/models/_utils.py:223: UserWarning: Arguments other than a weight enum or `None` for 'weights' are deprecated since 0.13 and may be removed in the future. The current behavior is equivalent to passing `weights=ResNet18_Weights.IMAGENET1K_V1`. You can also use `weights=ResNet18_Weights.DEFAULT` to get the most up-to-date weights.
  warnings.warn(msg)
[I 2024-03-08 18:27:46,462] Trial 16 finished with value: 1.6721189591078058 and parameters: {'knn_metric': 'minkowski', 'n_neighbors': 39, 'batch_size': 64}. Best is trial 12 with value: 1.6879801734820328.
/ghome/group07/anaconda3/envs/torch/lib/python3.10/site-packages/torchvision/models/_utils.py:223: UserWarning: Arguments other than a weight enum or `None` for 'weights' are deprecated since 0.13 and may be removed in the future. The current behavior is equivalent to passing `weights=ResNet18_Weights.IMAGENET1K_V1`. You can also use `weights=ResNet18_Weights.DEFAULT` to get the most up-to-date weights.
  warnings.warn(msg)
[I 2024-03-08 18:27:50,969] Trial 17 finished with value: 1.6857496902106563 and parameters: {'knn_metric': 'euclidean', 'n_neighbors': 44, 'batch_size': 128}. Best is trial 12 with value: 1.6879801734820328.
/ghome/group07/anaconda3/envs/torch/lib/python3.10/site-packages/torchvision/models/_utils.py:223: UserWarning: Arguments other than a weight enum or `None` for 'weights' are deprecated since 0.13 and may be removed in the future. The current behavior is equivalent to passing `weights=ResNet18_Weights.IMAGENET1K_V1`. You can also use `weights=ResNet18_Weights.DEFAULT` to get the most up-to-date weights.
  warnings.warn(msg)
[I 2024-03-08 18:27:55,669] Trial 18 finished with value: 1.6788104089219331 and parameters: {'knn_metric': 'euclidean', 'n_neighbors': 32, 'batch_size': 128}. Best is trial 12 with value: 1.6879801734820328.
/ghome/group07/anaconda3/envs/torch/lib/python3.10/site-packages/torchvision/models/_utils.py:223: UserWarning: Arguments other than a weight enum or `None` for 'weights' are deprecated since 0.13 and may be removed in the future. The current behavior is equivalent to passing `weights=ResNet18_Weights.IMAGENET1K_V1`. You can also use `weights=ResNet18_Weights.DEFAULT` to get the most up-to-date weights.
  warnings.warn(msg)
[I 2024-03-08 18:28:00,243] Trial 19 finished with value: 1.6708798017348203 and parameters: {'knn_metric': 'euclidean', 'n_neighbors': 50, 'batch_size': 128}. Best is trial 12 with value: 1.6879801734820328.
/ghome/group07/anaconda3/envs/torch/lib/python3.10/site-packages/torchvision/models/_utils.py:223: UserWarning: Arguments other than a weight enum or `None` for 'weights' are deprecated since 0.13 and may be removed in the future. The current behavior is equivalent to passing `weights=ResNet18_Weights.IMAGENET1K_V1`. You can also use `weights=ResNet18_Weights.DEFAULT` to get the most up-to-date weights.
  warnings.warn(msg)
[I 2024-03-08 18:28:04,753] Trial 20 finished with value: 1.6765799256505587 and parameters: {'knn_metric': 'euclidean', 'n_neighbors': 40, 'batch_size': 128}. Best is trial 12 with value: 1.6879801734820328.
/ghome/group07/anaconda3/envs/torch/lib/python3.10/site-packages/torchvision/models/_utils.py:223: UserWarning: Arguments other than a weight enum or `None` for 'weights' are deprecated since 0.13 and may be removed in the future. The current behavior is equivalent to passing `weights=ResNet18_Weights.IMAGENET1K_V1`. You can also use `weights=ResNet18_Weights.DEFAULT` to get the most up-to-date weights.
  warnings.warn(msg)
[I 2024-03-08 18:28:09,050] Trial 21 finished with value: 1.6594795539033456 and parameters: {'knn_metric': 'minkowski', 'n_neighbors': 44, 'batch_size': 64}. Best is trial 12 with value: 1.6879801734820328.
/ghome/group07/anaconda3/envs/torch/lib/python3.10/site-packages/torchvision/models/_utils.py:223: UserWarning: Arguments other than a weight enum or `None` for 'weights' are deprecated since 0.13 and may be removed in the future. The current behavior is equivalent to passing `weights=ResNet18_Weights.IMAGENET1K_V1`. You can also use `weights=ResNet18_Weights.DEFAULT` to get the most up-to-date weights.
  warnings.warn(msg)
[I 2024-03-08 18:28:13,668] Trial 22 finished with value: 1.6850061957868654 and parameters: {'knn_metric': 'euclidean', 'n_neighbors': 45, 'batch_size': 128}. Best is trial 12 with value: 1.6879801734820328.
/ghome/group07/anaconda3/envs/torch/lib/python3.10/site-packages/torchvision/models/_utils.py:223: UserWarning: Arguments other than a weight enum or `None` for 'weights' are deprecated since 0.13 and may be removed in the future. The current behavior is equivalent to passing `weights=ResNet18_Weights.IMAGENET1K_V1`. You can also use `weights=ResNet18_Weights.DEFAULT` to get the most up-to-date weights.
  warnings.warn(msg)
[I 2024-03-08 18:28:18,355] Trial 23 finished with value: 1.6847583643122668 and parameters: {'knn_metric': 'euclidean', 'n_neighbors': 35, 'batch_size': 128}. Best is trial 12 with value: 1.6879801734820328.
/ghome/group07/anaconda3/envs/torch/lib/python3.10/site-packages/torchvision/models/_utils.py:223: UserWarning: Arguments other than a weight enum or `None` for 'weights' are deprecated since 0.13 and may be removed in the future. The current behavior is equivalent to passing `weights=ResNet18_Weights.IMAGENET1K_V1`. You can also use `weights=ResNet18_Weights.DEFAULT` to get the most up-to-date weights.
  warnings.warn(msg)
[I 2024-03-08 18:28:22,849] Trial 24 finished with value: 1.6728624535315981 and parameters: {'knn_metric': 'euclidean', 'n_neighbors': 48, 'batch_size': 128}. Best is trial 12 with value: 1.6879801734820328.
/ghome/group07/anaconda3/envs/torch/lib/python3.10/site-packages/torchvision/models/_utils.py:223: UserWarning: Arguments other than a weight enum or `None` for 'weights' are deprecated since 0.13 and may be removed in the future. The current behavior is equivalent to passing `weights=ResNet18_Weights.IMAGENET1K_V1`. You can also use `weights=ResNet18_Weights.DEFAULT` to get the most up-to-date weights.
  warnings.warn(msg)
[I 2024-03-08 18:28:27,322] Trial 25 finished with value: 1.6827757125154883 and parameters: {'knn_metric': 'euclidean', 'n_neighbors': 40, 'batch_size': 128}. Best is trial 12 with value: 1.6879801734820328.
/ghome/group07/anaconda3/envs/torch/lib/python3.10/site-packages/torchvision/models/_utils.py:223: UserWarning: Arguments other than a weight enum or `None` for 'weights' are deprecated since 0.13 and may be removed in the future. The current behavior is equivalent to passing `weights=ResNet18_Weights.IMAGENET1K_V1`. You can also use `weights=ResNet18_Weights.DEFAULT` to get the most up-to-date weights.
  warnings.warn(msg)
[I 2024-03-08 18:28:31,626] Trial 26 finished with value: 1.6337050805452302 and parameters: {'knn_metric': 'euclidean', 'n_neighbors': 45, 'batch_size': 32}. Best is trial 12 with value: 1.6879801734820328.
/ghome/group07/anaconda3/envs/torch/lib/python3.10/site-packages/torchvision/models/_utils.py:223: UserWarning: Arguments other than a weight enum or `None` for 'weights' are deprecated since 0.13 and may be removed in the future. The current behavior is equivalent to passing `weights=ResNet18_Weights.IMAGENET1K_V1`. You can also use `weights=ResNet18_Weights.DEFAULT` to get the most up-to-date weights.
  warnings.warn(msg)
[I 2024-03-08 18:28:36,259] Trial 27 finished with value: 1.6820322180916967 and parameters: {'knn_metric': 'euclidean', 'n_neighbors': 30, 'batch_size': 128}. Best is trial 12 with value: 1.6879801734820328.
/ghome/group07/anaconda3/envs/torch/lib/python3.10/site-packages/torchvision/models/_utils.py:223: UserWarning: Arguments other than a weight enum or `None` for 'weights' are deprecated since 0.13 and may be removed in the future. The current behavior is equivalent to passing `weights=ResNet18_Weights.IMAGENET1K_V1`. You can also use `weights=ResNet18_Weights.DEFAULT` to get the most up-to-date weights.
  warnings.warn(msg)
[I 2024-03-08 18:28:41,198] Trial 28 finished with value: 1.5184634448574976 and parameters: {'knn_metric': 'euclidean', 'n_neighbors': 36, 'batch_size': 8}. Best is trial 12 with value: 1.6879801734820328.
/ghome/group07/anaconda3/envs/torch/lib/python3.10/site-packages/torchvision/models/_utils.py:223: UserWarning: Arguments other than a weight enum or `None` for 'weights' are deprecated since 0.13 and may be removed in the future. The current behavior is equivalent to passing `weights=ResNet18_Weights.IMAGENET1K_V1`. You can also use `weights=ResNet18_Weights.DEFAULT` to get the most up-to-date weights.
  warnings.warn(msg)
[I 2024-03-08 18:28:45,671] Trial 29 finished with value: 1.5942998760842624 and parameters: {'knn_metric': 'euclidean', 'n_neighbors': 42, 'batch_size': 16}. Best is trial 12 with value: 1.6879801734820328.
/ghome/group07/anaconda3/envs/torch/lib/python3.10/site-packages/torchvision/models/_utils.py:223: UserWarning: Arguments other than a weight enum or `None` for 'weights' are deprecated since 0.13 and may be removed in the future. The current behavior is equivalent to passing `weights=ResNet18_Weights.IMAGENET1K_V1`. You can also use `weights=ResNet18_Weights.DEFAULT` to get the most up-to-date weights.
  warnings.warn(msg)
[I 2024-03-08 18:28:51,138] Trial 30 finished with value: 1.5420074349442388 and parameters: {'knn_metric': 'chebyshev', 'n_neighbors': 47, 'batch_size': 128}. Best is trial 12 with value: 1.6879801734820328.
/ghome/group07/anaconda3/envs/torch/lib/python3.10/site-packages/torchvision/models/_utils.py:223: UserWarning: Arguments other than a weight enum or `None` for 'weights' are deprecated since 0.13 and may be removed in the future. The current behavior is equivalent to passing `weights=ResNet18_Weights.IMAGENET1K_V1`. You can also use `weights=ResNet18_Weights.DEFAULT` to get the most up-to-date weights.
  warnings.warn(msg)
[I 2024-03-08 18:28:56,137] Trial 31 finished with value: 1.6765799256505582 and parameters: {'knn_metric': 'euclidean', 'n_neighbors': 35, 'batch_size': 128}. Best is trial 12 with value: 1.6879801734820328.
/ghome/group07/anaconda3/envs/torch/lib/python3.10/site-packages/torchvision/models/_utils.py:223: UserWarning: Arguments other than a weight enum or `None` for 'weights' are deprecated since 0.13 and may be removed in the future. The current behavior is equivalent to passing `weights=ResNet18_Weights.IMAGENET1K_V1`. You can also use `weights=ResNet18_Weights.DEFAULT` to get the most up-to-date weights.
  warnings.warn(msg)
[I 2024-03-08 18:29:00,639] Trial 32 finished with value: 1.6840148698884763 and parameters: {'knn_metric': 'euclidean', 'n_neighbors': 38, 'batch_size': 128}. Best is trial 12 with value: 1.6879801734820328.
/ghome/group07/anaconda3/envs/torch/lib/python3.10/site-packages/torchvision/models/_utils.py:223: UserWarning: Arguments other than a weight enum or `None` for 'weights' are deprecated since 0.13 and may be removed in the future. The current behavior is equivalent to passing `weights=ResNet18_Weights.IMAGENET1K_V1`. You can also use `weights=ResNet18_Weights.DEFAULT` to get the most up-to-date weights.
  warnings.warn(msg)
[I 2024-03-08 18:29:13,072] Trial 33 finished with value: 1.4996282527881055 and parameters: {'knn_metric': 'chebyshev', 'n_neighbors': 32, 'batch_size': 128}. Best is trial 12 with value: 1.6879801734820328.
/ghome/group07/anaconda3/envs/torch/lib/python3.10/site-packages/torchvision/models/_utils.py:223: UserWarning: Arguments other than a weight enum or `None` for 'weights' are deprecated since 0.13 and may be removed in the future. The current behavior is equivalent to passing `weights=ResNet18_Weights.IMAGENET1K_V1`. You can also use `weights=ResNet18_Weights.DEFAULT` to get the most up-to-date weights.
  warnings.warn(msg)
[I 2024-03-08 18:29:17,981] Trial 34 finished with value: 1.526641883519208 and parameters: {'knn_metric': 'euclidean', 'n_neighbors': 43, 'batch_size': 8}. Best is trial 12 with value: 1.6879801734820328.
/ghome/group07/anaconda3/envs/torch/lib/python3.10/site-packages/torchvision/models/_utils.py:223: UserWarning: Arguments other than a weight enum or `None` for 'weights' are deprecated since 0.13 and may be removed in the future. The current behavior is equivalent to passing `weights=ResNet18_Weights.IMAGENET1K_V1`. You can also use `weights=ResNet18_Weights.DEFAULT` to get the most up-to-date weights.
  warnings.warn(msg)
[I 2024-03-08 18:29:23,818] Trial 35 finished with value: 1.681288723667906 and parameters: {'knn_metric': 'euclidean', 'n_neighbors': 22, 'batch_size': 128}. Best is trial 12 with value: 1.6879801734820328.
/ghome/group07/anaconda3/envs/torch/lib/python3.10/site-packages/torchvision/models/_utils.py:223: UserWarning: Arguments other than a weight enum or `None` for 'weights' are deprecated since 0.13 and may be removed in the future. The current behavior is equivalent to passing `weights=ResNet18_Weights.IMAGENET1K_V1`. You can also use `weights=ResNet18_Weights.DEFAULT` to get the most up-to-date weights.
  warnings.warn(msg)
[I 2024-03-08 18:29:31,932] Trial 36 finished with value: 1.5323420074349448 and parameters: {'knn_metric': 'chebyshev', 'n_neighbors': 26, 'batch_size': 128}. Best is trial 12 with value: 1.6879801734820328.
/ghome/group07/anaconda3/envs/torch/lib/python3.10/site-packages/torchvision/models/_utils.py:223: UserWarning: Arguments other than a weight enum or `None` for 'weights' are deprecated since 0.13 and may be removed in the future. The current behavior is equivalent to passing `weights=ResNet18_Weights.IMAGENET1K_V1`. You can also use `weights=ResNet18_Weights.DEFAULT` to get the most up-to-date weights.
  warnings.warn(msg)
[I 2024-03-08 18:29:38,422] Trial 37 finished with value: 1.6215613382899634 and parameters: {'knn_metric': 'euclidean', 'n_neighbors': 18, 'batch_size': 16}. Best is trial 12 with value: 1.6879801734820328.
/ghome/group07/anaconda3/envs/torch/lib/python3.10/site-packages/torchvision/models/_utils.py:223: UserWarning: Arguments other than a weight enum or `None` for 'weights' are deprecated since 0.13 and may be removed in the future. The current behavior is equivalent to passing `weights=ResNet18_Weights.IMAGENET1K_V1`. You can also use `weights=ResNet18_Weights.DEFAULT` to get the most up-to-date weights.
  warnings.warn(msg)
[I 2024-03-08 18:29:51,288] Trial 38 finished with value: 1.5687732342007443 and parameters: {'knn_metric': 'euclidean', 'n_neighbors': 33, 'batch_size': 8}. Best is trial 12 with value: 1.6879801734820328.
/ghome/group07/anaconda3/envs/torch/lib/python3.10/site-packages/torchvision/models/_utils.py:223: UserWarning: Arguments other than a weight enum or `None` for 'weights' are deprecated since 0.13 and may be removed in the future. The current behavior is equivalent to passing `weights=ResNet18_Weights.IMAGENET1K_V1`. You can also use `weights=ResNet18_Weights.DEFAULT` to get the most up-to-date weights.
  warnings.warn(msg)
[I 2024-03-08 18:30:18,813] Trial 39 finished with value: 1.6835192069392808 and parameters: {'knn_metric': 'manhattan', 'n_neighbors': 41, 'batch_size': 128}. Best is trial 12 with value: 1.6879801734820328.
/ghome/group07/anaconda3/envs/torch/lib/python3.10/site-packages/torchvision/models/_utils.py:223: UserWarning: Arguments other than a weight enum or `None` for 'weights' are deprecated since 0.13 and may be removed in the future. The current behavior is equivalent to passing `weights=ResNet18_Weights.IMAGENET1K_V1`. You can also use `weights=ResNet18_Weights.DEFAULT` to get the most up-to-date weights.
  warnings.warn(msg)
[I 2024-03-08 18:30:28,998] Trial 40 finished with value: 1.4696406443618346 and parameters: {'knn_metric': 'chebyshev', 'n_neighbors': 37, 'batch_size': 32}. Best is trial 12 with value: 1.6879801734820328.
/ghome/group07/anaconda3/envs/torch/lib/python3.10/site-packages/torchvision/models/_utils.py:223: UserWarning: Arguments other than a weight enum or `None` for 'weights' are deprecated since 0.13 and may be removed in the future. The current behavior is equivalent to passing `weights=ResNet18_Weights.IMAGENET1K_V1`. You can also use `weights=ResNet18_Weights.DEFAULT` to get the most up-to-date weights.
  warnings.warn(msg)
[I 2024-03-08 18:30:33,541] Trial 41 finished with value: 1.6793060718711266 and parameters: {'knn_metric': 'euclidean', 'n_neighbors': 38, 'batch_size': 128}. Best is trial 12 with value: 1.6879801734820328.
/ghome/group07/anaconda3/envs/torch/lib/python3.10/site-packages/torchvision/models/_utils.py:223: UserWarning: Arguments other than a weight enum or `None` for 'weights' are deprecated since 0.13 and may be removed in the future. The current behavior is equivalent to passing `weights=ResNet18_Weights.IMAGENET1K_V1`. You can also use `weights=ResNet18_Weights.DEFAULT` to get the most up-to-date weights.
  warnings.warn(msg)
[I 2024-03-08 18:30:38,085] Trial 42 finished with value: 1.6850061957868645 and parameters: {'knn_metric': 'euclidean', 'n_neighbors': 46, 'batch_size': 128}. Best is trial 12 with value: 1.6879801734820328.
/ghome/group07/anaconda3/envs/torch/lib/python3.10/site-packages/torchvision/models/_utils.py:223: UserWarning: Arguments other than a weight enum or `None` for 'weights' are deprecated since 0.13 and may be removed in the future. The current behavior is equivalent to passing `weights=ResNet18_Weights.IMAGENET1K_V1`. You can also use `weights=ResNet18_Weights.DEFAULT` to get the most up-to-date weights.
  warnings.warn(msg)
[I 2024-03-08 18:30:42,603] Trial 43 finished with value: 1.6765799256505578 and parameters: {'knn_metric': 'euclidean', 'n_neighbors': 46, 'batch_size': 128}. Best is trial 12 with value: 1.6879801734820328.
/ghome/group07/anaconda3/envs/torch/lib/python3.10/site-packages/torchvision/models/_utils.py:223: UserWarning: Arguments other than a weight enum or `None` for 'weights' are deprecated since 0.13 and may be removed in the future. The current behavior is equivalent to passing `weights=ResNet18_Weights.IMAGENET1K_V1`. You can also use `weights=ResNet18_Weights.DEFAULT` to get the most up-to-date weights.
  warnings.warn(msg)
[I 2024-03-08 18:30:47,154] Trial 44 finished with value: 1.6758364312267655 and parameters: {'knn_metric': 'euclidean', 'n_neighbors': 47, 'batch_size': 128}. Best is trial 12 with value: 1.6879801734820328.
/ghome/group07/anaconda3/envs/torch/lib/python3.10/site-packages/torchvision/models/_utils.py:223: UserWarning: Arguments other than a weight enum or `None` for 'weights' are deprecated since 0.13 and may be removed in the future. The current behavior is equivalent to passing `weights=ResNet18_Weights.IMAGENET1K_V1`. You can also use `weights=ResNet18_Weights.DEFAULT` to get the most up-to-date weights.
  warnings.warn(msg)
[I 2024-03-08 18:30:52,301] Trial 45 finished with value: 1.582403965303593 and parameters: {'knn_metric': 'manhattan', 'n_neighbors': 50, 'batch_size': 16}. Best is trial 12 with value: 1.6879801734820328.
/ghome/group07/anaconda3/envs/torch/lib/python3.10/site-packages/torchvision/models/_utils.py:223: UserWarning: Arguments other than a weight enum or `None` for 'weights' are deprecated since 0.13 and may be removed in the future. The current behavior is equivalent to passing `weights=ResNet18_Weights.IMAGENET1K_V1`. You can also use `weights=ResNet18_Weights.DEFAULT` to get the most up-to-date weights.
  warnings.warn(msg)
[I 2024-03-08 18:30:56,825] Trial 46 finished with value: 1.6614622057001243 and parameters: {'knn_metric': 'euclidean', 'n_neighbors': 45, 'batch_size': 128}. Best is trial 12 with value: 1.6879801734820328.
/ghome/group07/anaconda3/envs/torch/lib/python3.10/site-packages/torchvision/models/_utils.py:223: UserWarning: Arguments other than a weight enum or `None` for 'weights' are deprecated since 0.13 and may be removed in the future. The current behavior is equivalent to passing `weights=ResNet18_Weights.IMAGENET1K_V1`. You can also use `weights=ResNet18_Weights.DEFAULT` to get the most up-to-date weights.
  warnings.warn(msg)
[I 2024-03-08 18:31:01,233] Trial 47 finished with value: 1.6817843866171005 and parameters: {'knn_metric': 'euclidean', 'n_neighbors': 25, 'batch_size': 128}. Best is trial 12 with value: 1.6879801734820328.
/ghome/group07/anaconda3/envs/torch/lib/python3.10/site-packages/torchvision/models/_utils.py:223: UserWarning: Arguments other than a weight enum or `None` for 'weights' are deprecated since 0.13 and may be removed in the future. The current behavior is equivalent to passing `weights=ResNet18_Weights.IMAGENET1K_V1`. You can also use `weights=ResNet18_Weights.DEFAULT` to get the most up-to-date weights.
  warnings.warn(msg)
[I 2024-03-08 18:31:05,721] Trial 48 finished with value: 1.6859975216852536 and parameters: {'knn_metric': 'minkowski', 'n_neighbors': 42, 'batch_size': 128}. Best is trial 12 with value: 1.6879801734820328.
/ghome/group07/anaconda3/envs/torch/lib/python3.10/site-packages/torchvision/models/_utils.py:223: UserWarning: Arguments other than a weight enum or `None` for 'weights' are deprecated since 0.13 and may be removed in the future. The current behavior is equivalent to passing `weights=ResNet18_Weights.IMAGENET1K_V1`. You can also use `weights=ResNet18_Weights.DEFAULT` to get the most up-to-date weights.
  warnings.warn(msg)
[I 2024-03-08 18:31:09,882] Trial 49 finished with value: 1.623543990086741 and parameters: {'knn_metric': 'minkowski', 'n_neighbors': 43, 'batch_size': 32}. Best is trial 12 with value: 1.6879801734820328.
/ghome/group07/anaconda3/envs/torch/lib/python3.10/site-packages/torchvision/models/_utils.py:223: UserWarning: Arguments other than a weight enum or `None` for 'weights' are deprecated since 0.13 and may be removed in the future. The current behavior is equivalent to passing `weights=ResNet18_Weights.IMAGENET1K_V1`. You can also use `weights=ResNet18_Weights.DEFAULT` to get the most up-to-date weights.
  warnings.warn(msg)
[I 2024-03-08 18:31:14,384] Trial 50 finished with value: 1.6805452292441143 and parameters: {'knn_metric': 'minkowski', 'n_neighbors': 41, 'batch_size': 128}. Best is trial 12 with value: 1.6879801734820328.
/ghome/group07/anaconda3/envs/torch/lib/python3.10/site-packages/torchvision/models/_utils.py:223: UserWarning: Arguments other than a weight enum or `None` for 'weights' are deprecated since 0.13 and may be removed in the future. The current behavior is equivalent to passing `weights=ResNet18_Weights.IMAGENET1K_V1`. You can also use `weights=ResNet18_Weights.DEFAULT` to get the most up-to-date weights.
  warnings.warn(msg)
[I 2024-03-08 18:31:18,823] Trial 51 finished with value: 1.662205700123916 and parameters: {'knn_metric': 'minkowski', 'n_neighbors': 48, 'batch_size': 128}. Best is trial 12 with value: 1.6879801734820328.
/ghome/group07/anaconda3/envs/torch/lib/python3.10/site-packages/torchvision/models/_utils.py:223: UserWarning: Arguments other than a weight enum or `None` for 'weights' are deprecated since 0.13 and may be removed in the future. The current behavior is equivalent to passing `weights=ResNet18_Weights.IMAGENET1K_V1`. You can also use `weights=ResNet18_Weights.DEFAULT` to get the most up-to-date weights.
  warnings.warn(msg)
[I 2024-03-08 18:31:23,250] Trial 52 finished with value: 1.6681536555142502 and parameters: {'knn_metric': 'minkowski', 'n_neighbors': 30, 'batch_size': 128}. Best is trial 12 with value: 1.6879801734820328.
/ghome/group07/anaconda3/envs/torch/lib/python3.10/site-packages/torchvision/models/_utils.py:223: UserWarning: Arguments other than a weight enum or `None` for 'weights' are deprecated since 0.13 and may be removed in the future. The current behavior is equivalent to passing `weights=ResNet18_Weights.IMAGENET1K_V1`. You can also use `weights=ResNet18_Weights.DEFAULT` to get the most up-to-date weights.
  warnings.warn(msg)
[I 2024-03-08 18:31:28,290] Trial 53 finished with value: 1.662701363073111 and parameters: {'knn_metric': 'minkowski', 'n_neighbors': 45, 'batch_size': 128}. Best is trial 12 with value: 1.6879801734820328.
/ghome/group07/anaconda3/envs/torch/lib/python3.10/site-packages/torchvision/models/_utils.py:223: UserWarning: Arguments other than a weight enum or `None` for 'weights' are deprecated since 0.13 and may be removed in the future. The current behavior is equivalent to passing `weights=ResNet18_Weights.IMAGENET1K_V1`. You can also use `weights=ResNet18_Weights.DEFAULT` to get the most up-to-date weights.
  warnings.warn(msg)
[I 2024-03-08 18:31:33,607] Trial 54 finished with value: 1.6485749690210656 and parameters: {'knn_metric': 'manhattan', 'n_neighbors': 36, 'batch_size': 128}. Best is trial 12 with value: 1.6879801734820328.
/ghome/group07/anaconda3/envs/torch/lib/python3.10/site-packages/torchvision/models/_utils.py:223: UserWarning: Arguments other than a weight enum or `None` for 'weights' are deprecated since 0.13 and may be removed in the future. The current behavior is equivalent to passing `weights=ResNet18_Weights.IMAGENET1K_V1`. You can also use `weights=ResNet18_Weights.DEFAULT` to get the most up-to-date weights.
  warnings.warn(msg)
[I 2024-03-08 18:31:37,985] Trial 55 finished with value: 1.6748451053283773 and parameters: {'knn_metric': 'euclidean', 'n_neighbors': 5, 'batch_size': 64}. Best is trial 12 with value: 1.6879801734820328.
/ghome/group07/anaconda3/envs/torch/lib/python3.10/site-packages/torchvision/models/_utils.py:223: UserWarning: Arguments other than a weight enum or `None` for 'weights' are deprecated since 0.13 and may be removed in the future. The current behavior is equivalent to passing `weights=ResNet18_Weights.IMAGENET1K_V1`. You can also use `weights=ResNet18_Weights.DEFAULT` to get the most up-to-date weights.
  warnings.warn(msg)
[I 2024-03-08 18:31:42,441] Trial 56 finished with value: 1.6691449814126393 and parameters: {'knn_metric': 'euclidean', 'n_neighbors': 40, 'batch_size': 128}. Best is trial 12 with value: 1.6879801734820328.
/ghome/group07/anaconda3/envs/torch/lib/python3.10/site-packages/torchvision/models/_utils.py:223: UserWarning: Arguments other than a weight enum or `None` for 'weights' are deprecated since 0.13 and may be removed in the future. The current behavior is equivalent to passing `weights=ResNet18_Weights.IMAGENET1K_V1`. You can also use `weights=ResNet18_Weights.DEFAULT` to get the most up-to-date weights.
  warnings.warn(msg)
[I 2024-03-08 18:31:47,174] Trial 57 finished with value: 1.5417596034696412 and parameters: {'knn_metric': 'euclidean', 'n_neighbors': 43, 'batch_size': 8}. Best is trial 12 with value: 1.6879801734820328.
/ghome/group07/anaconda3/envs/torch/lib/python3.10/site-packages/torchvision/models/_utils.py:223: UserWarning: Arguments other than a weight enum or `None` for 'weights' are deprecated since 0.13 and may be removed in the future. The current behavior is equivalent to passing `weights=ResNet18_Weights.IMAGENET1K_V1`. You can also use `weights=ResNet18_Weights.DEFAULT` to get the most up-to-date weights.
  warnings.warn(msg)
[I 2024-03-08 18:31:51,683] Trial 58 finished with value: 1.6798017348203218 and parameters: {'knn_metric': 'minkowski', 'n_neighbors': 39, 'batch_size': 128}. Best is trial 12 with value: 1.6879801734820328.
/ghome/group07/anaconda3/envs/torch/lib/python3.10/site-packages/torchvision/models/_utils.py:223: UserWarning: Arguments other than a weight enum or `None` for 'weights' are deprecated since 0.13 and may be removed in the future. The current behavior is equivalent to passing `weights=ResNet18_Weights.IMAGENET1K_V1`. You can also use `weights=ResNet18_Weights.DEFAULT` to get the most up-to-date weights.
  warnings.warn(msg)
[I 2024-03-08 18:31:55,989] Trial 59 finished with value: 1.6002478314745978 and parameters: {'knn_metric': 'euclidean', 'n_neighbors': 34, 'batch_size': 16}. Best is trial 12 with value: 1.6879801734820328.
/ghome/group07/anaconda3/envs/torch/lib/python3.10/site-packages/torchvision/models/_utils.py:223: UserWarning: Arguments other than a weight enum or `None` for 'weights' are deprecated since 0.13 and may be removed in the future. The current behavior is equivalent to passing `weights=ResNet18_Weights.IMAGENET1K_V1`. You can also use `weights=ResNet18_Weights.DEFAULT` to get the most up-to-date weights.
  warnings.warn(msg)
[I 2024-03-08 18:32:00,486] Trial 60 finished with value: 1.6879801734820328 and parameters: {'knn_metric': 'euclidean', 'n_neighbors': 48, 'batch_size': 128}. Best is trial 12 with value: 1.6879801734820328.
/ghome/group07/anaconda3/envs/torch/lib/python3.10/site-packages/torchvision/models/_utils.py:223: UserWarning: Arguments other than a weight enum or `None` for 'weights' are deprecated since 0.13 and may be removed in the future. The current behavior is equivalent to passing `weights=ResNet18_Weights.IMAGENET1K_V1`. You can also use `weights=ResNet18_Weights.DEFAULT` to get the most up-to-date weights.
  warnings.warn(msg)
[I 2024-03-08 18:32:04,940] Trial 61 finished with value: 1.6810408921933089 and parameters: {'knn_metric': 'euclidean', 'n_neighbors': 47, 'batch_size': 128}. Best is trial 12 with value: 1.6879801734820328.
/ghome/group07/anaconda3/envs/torch/lib/python3.10/site-packages/torchvision/models/_utils.py:223: UserWarning: Arguments other than a weight enum or `None` for 'weights' are deprecated since 0.13 and may be removed in the future. The current behavior is equivalent to passing `weights=ResNet18_Weights.IMAGENET1K_V1`. You can also use `weights=ResNet18_Weights.DEFAULT` to get the most up-to-date weights.
  warnings.warn(msg)
[I 2024-03-08 18:32:09,480] Trial 62 finished with value: 1.6726146220570008 and parameters: {'knn_metric': 'euclidean', 'n_neighbors': 49, 'batch_size': 128}. Best is trial 12 with value: 1.6879801734820328.
/ghome/group07/anaconda3/envs/torch/lib/python3.10/site-packages/torchvision/models/_utils.py:223: UserWarning: Arguments other than a weight enum or `None` for 'weights' are deprecated since 0.13 and may be removed in the future. The current behavior is equivalent to passing `weights=ResNet18_Weights.IMAGENET1K_V1`. You can also use `weights=ResNet18_Weights.DEFAULT` to get the most up-to-date weights.
  warnings.warn(msg)
[I 2024-03-08 18:32:14,022] Trial 63 finished with value: 1.7028500619578684 and parameters: {'knn_metric': 'euclidean', 'n_neighbors': 45, 'batch_size': 128}. Best is trial 63 with value: 1.7028500619578684.
/ghome/group07/anaconda3/envs/torch/lib/python3.10/site-packages/torchvision/models/_utils.py:223: UserWarning: Arguments other than a weight enum or `None` for 'weights' are deprecated since 0.13 and may be removed in the future. The current behavior is equivalent to passing `weights=ResNet18_Weights.IMAGENET1K_V1`. You can also use `weights=ResNet18_Weights.DEFAULT` to get the most up-to-date weights.
  warnings.warn(msg)
[I 2024-03-08 18:32:18,490] Trial 64 finished with value: 1.674845105328377 and parameters: {'knn_metric': 'euclidean', 'n_neighbors': 45, 'batch_size': 128}. Best is trial 63 with value: 1.7028500619578684.
/ghome/group07/anaconda3/envs/torch/lib/python3.10/site-packages/torchvision/models/_utils.py:223: UserWarning: Arguments other than a weight enum or `None` for 'weights' are deprecated since 0.13 and may be removed in the future. The current behavior is equivalent to passing `weights=ResNet18_Weights.IMAGENET1K_V1`. You can also use `weights=ResNet18_Weights.DEFAULT` to get the most up-to-date weights.
  warnings.warn(msg)
[I 2024-03-08 18:32:23,054] Trial 65 finished with value: 1.6780669144981415 and parameters: {'knn_metric': 'euclidean', 'n_neighbors': 50, 'batch_size': 64}. Best is trial 63 with value: 1.7028500619578684.
/ghome/group07/anaconda3/envs/torch/lib/python3.10/site-packages/torchvision/models/_utils.py:223: UserWarning: Arguments other than a weight enum or `None` for 'weights' are deprecated since 0.13 and may be removed in the future. The current behavior is equivalent to passing `weights=ResNet18_Weights.IMAGENET1K_V1`. You can also use `weights=ResNet18_Weights.DEFAULT` to get the most up-to-date weights.
  warnings.warn(msg)
[I 2024-03-08 18:32:27,788] Trial 66 finished with value: 1.6760842627013628 and parameters: {'knn_metric': 'euclidean', 'n_neighbors': 44, 'batch_size': 128}. Best is trial 63 with value: 1.7028500619578684.
/ghome/group07/anaconda3/envs/torch/lib/python3.10/site-packages/torchvision/models/_utils.py:223: UserWarning: Arguments other than a weight enum or `None` for 'weights' are deprecated since 0.13 and may be removed in the future. The current behavior is equivalent to passing `weights=ResNet18_Weights.IMAGENET1K_V1`. You can also use `weights=ResNet18_Weights.DEFAULT` to get the most up-to-date weights.
  warnings.warn(msg)
[I 2024-03-08 18:32:33,119] Trial 67 finished with value: 1.514745972738538 and parameters: {'knn_metric': 'chebyshev', 'n_neighbors': 48, 'batch_size': 128}. Best is trial 63 with value: 1.7028500619578684.
/ghome/group07/anaconda3/envs/torch/lib/python3.10/site-packages/torchvision/models/_utils.py:223: UserWarning: Arguments other than a weight enum or `None` for 'weights' are deprecated since 0.13 and may be removed in the future. The current behavior is equivalent to passing `weights=ResNet18_Weights.IMAGENET1K_V1`. You can also use `weights=ResNet18_Weights.DEFAULT` to get the most up-to-date weights.
  warnings.warn(msg)
[I 2024-03-08 18:32:37,326] Trial 68 finished with value: 1.6389095415117723 and parameters: {'knn_metric': 'euclidean', 'n_neighbors': 42, 'batch_size': 32}. Best is trial 63 with value: 1.7028500619578684.
/ghome/group07/anaconda3/envs/torch/lib/python3.10/site-packages/torchvision/models/_utils.py:223: UserWarning: Arguments other than a weight enum or `None` for 'weights' are deprecated since 0.13 and may be removed in the future. The current behavior is equivalent to passing `weights=ResNet18_Weights.IMAGENET1K_V1`. You can also use `weights=ResNet18_Weights.DEFAULT` to get the most up-to-date weights.
  warnings.warn(msg)
[I 2024-03-08 18:32:42,677] Trial 69 finished with value: 1.6884758364312273 and parameters: {'knn_metric': 'manhattan', 'n_neighbors': 47, 'batch_size': 128}. Best is trial 63 with value: 1.7028500619578684.
/ghome/group07/anaconda3/envs/torch/lib/python3.10/site-packages/torchvision/models/_utils.py:223: UserWarning: Arguments other than a weight enum or `None` for 'weights' are deprecated since 0.13 and may be removed in the future. The current behavior is equivalent to passing `weights=ResNet18_Weights.IMAGENET1K_V1`. You can also use `weights=ResNet18_Weights.DEFAULT` to get the most up-to-date weights.
  warnings.warn(msg)
[I 2024-03-08 18:32:48,013] Trial 70 finished with value: 1.6728624535315983 and parameters: {'knn_metric': 'manhattan', 'n_neighbors': 44, 'batch_size': 128}. Best is trial 63 with value: 1.7028500619578684.
/ghome/group07/anaconda3/envs/torch/lib/python3.10/site-packages/torchvision/models/_utils.py:223: UserWarning: Arguments other than a weight enum or `None` for 'weights' are deprecated since 0.13 and may be removed in the future. The current behavior is equivalent to passing `weights=ResNet18_Weights.IMAGENET1K_V1`. You can also use `weights=ResNet18_Weights.DEFAULT` to get the most up-to-date weights.
  warnings.warn(msg)
[I 2024-03-08 18:32:53,321] Trial 71 finished with value: 1.6753407682775712 and parameters: {'knn_metric': 'manhattan', 'n_neighbors': 46, 'batch_size': 128}. Best is trial 63 with value: 1.7028500619578684.
/ghome/group07/anaconda3/envs/torch/lib/python3.10/site-packages/torchvision/models/_utils.py:223: UserWarning: Arguments other than a weight enum or `None` for 'weights' are deprecated since 0.13 and may be removed in the future. The current behavior is equivalent to passing `weights=ResNet18_Weights.IMAGENET1K_V1`. You can also use `weights=ResNet18_Weights.DEFAULT` to get the most up-to-date weights.
  warnings.warn(msg)
[I 2024-03-08 18:32:58,628] Trial 72 finished with value: 1.6666666666666674 and parameters: {'knn_metric': 'manhattan', 'n_neighbors': 49, 'batch_size': 128}. Best is trial 63 with value: 1.7028500619578684.
/ghome/group07/anaconda3/envs/torch/lib/python3.10/site-packages/torchvision/models/_utils.py:223: UserWarning: Arguments other than a weight enum or `None` for 'weights' are deprecated since 0.13 and may be removed in the future. The current behavior is equivalent to passing `weights=ResNet18_Weights.IMAGENET1K_V1`. You can also use `weights=ResNet18_Weights.DEFAULT` to get the most up-to-date weights.
  warnings.warn(msg)
[I 2024-03-08 18:33:03,860] Trial 73 finished with value: 1.651796778190831 and parameters: {'knn_metric': 'manhattan', 'n_neighbors': 47, 'batch_size': 128}. Best is trial 63 with value: 1.7028500619578684.
/ghome/group07/anaconda3/envs/torch/lib/python3.10/site-packages/torchvision/models/_utils.py:223: UserWarning: Arguments other than a weight enum or `None` for 'weights' are deprecated since 0.13 and may be removed in the future. The current behavior is equivalent to passing `weights=ResNet18_Weights.IMAGENET1K_V1`. You can also use `weights=ResNet18_Weights.DEFAULT` to get the most up-to-date weights.
  warnings.warn(msg)
[I 2024-03-08 18:33:08,319] Trial 74 finished with value: 1.6869888475836428 and parameters: {'knn_metric': 'euclidean', 'n_neighbors': 41, 'batch_size': 128}. Best is trial 63 with value: 1.7028500619578684.
/ghome/group07/anaconda3/envs/torch/lib/python3.10/site-packages/torchvision/models/_utils.py:223: UserWarning: Arguments other than a weight enum or `None` for 'weights' are deprecated since 0.13 and may be removed in the future. The current behavior is equivalent to passing `weights=ResNet18_Weights.IMAGENET1K_V1`. You can also use `weights=ResNet18_Weights.DEFAULT` to get the most up-to-date weights.
  warnings.warn(msg)
[I 2024-03-08 18:33:12,707] Trial 75 finished with value: 1.6773234200743496 and parameters: {'knn_metric': 'minkowski', 'n_neighbors': 41, 'batch_size': 128}. Best is trial 63 with value: 1.7028500619578684.
/ghome/group07/anaconda3/envs/torch/lib/python3.10/site-packages/torchvision/models/_utils.py:223: UserWarning: Arguments other than a weight enum or `None` for 'weights' are deprecated since 0.13 and may be removed in the future. The current behavior is equivalent to passing `weights=ResNet18_Weights.IMAGENET1K_V1`. You can also use `weights=ResNet18_Weights.DEFAULT` to get the most up-to-date weights.
  warnings.warn(msg)
[I 2024-03-08 18:33:17,486] Trial 76 finished with value: 1.506071871127634 and parameters: {'knn_metric': 'euclidean', 'n_neighbors': 42, 'batch_size': 8}. Best is trial 63 with value: 1.7028500619578684.
/ghome/group07/anaconda3/envs/torch/lib/python3.10/site-packages/torchvision/models/_utils.py:223: UserWarning: Arguments other than a weight enum or `None` for 'weights' are deprecated since 0.13 and may be removed in the future. The current behavior is equivalent to passing `weights=ResNet18_Weights.IMAGENET1K_V1`. You can also use `weights=ResNet18_Weights.DEFAULT` to get the most up-to-date weights.
  warnings.warn(msg)
[I 2024-03-08 18:33:22,724] Trial 77 finished with value: 1.6785625774473352 and parameters: {'knn_metric': 'manhattan', 'n_neighbors': 39, 'batch_size': 128}. Best is trial 63 with value: 1.7028500619578684.
/ghome/group07/anaconda3/envs/torch/lib/python3.10/site-packages/torchvision/models/_utils.py:223: UserWarning: Arguments other than a weight enum or `None` for 'weights' are deprecated since 0.13 and may be removed in the future. The current behavior is equivalent to passing `weights=ResNet18_Weights.IMAGENET1K_V1`. You can also use `weights=ResNet18_Weights.DEFAULT` to get the most up-to-date weights.
  warnings.warn(msg)
[I 2024-03-08 18:33:27,165] Trial 78 finished with value: 1.6830235439900862 and parameters: {'knn_metric': 'euclidean', 'n_neighbors': 44, 'batch_size': 128}. Best is trial 63 with value: 1.7028500619578684.
/ghome/group07/anaconda3/envs/torch/lib/python3.10/site-packages/torchvision/models/_utils.py:223: UserWarning: Arguments other than a weight enum or `None` for 'weights' are deprecated since 0.13 and may be removed in the future. The current behavior is equivalent to passing `weights=ResNet18_Weights.IMAGENET1K_V1`. You can also use `weights=ResNet18_Weights.DEFAULT` to get the most up-to-date weights.
  warnings.warn(msg)
[I 2024-03-08 18:33:31,439] Trial 79 finished with value: 1.5848822800495663 and parameters: {'knn_metric': 'euclidean', 'n_neighbors': 43, 'batch_size': 16}. Best is trial 63 with value: 1.7028500619578684.
/ghome/group07/anaconda3/envs/torch/lib/python3.10/site-packages/torchvision/models/_utils.py:223: UserWarning: Arguments other than a weight enum or `None` for 'weights' are deprecated since 0.13 and may be removed in the future. The current behavior is equivalent to passing `weights=ResNet18_Weights.IMAGENET1K_V1`. You can also use `weights=ResNet18_Weights.DEFAULT` to get the most up-to-date weights.
  warnings.warn(msg)
[I 2024-03-08 18:33:36,488] Trial 80 finished with value: 1.5030978934324666 and parameters: {'knn_metric': 'chebyshev', 'n_neighbors': 48, 'batch_size': 64}. Best is trial 63 with value: 1.7028500619578684.
/ghome/group07/anaconda3/envs/torch/lib/python3.10/site-packages/torchvision/models/_utils.py:223: UserWarning: Arguments other than a weight enum or `None` for 'weights' are deprecated since 0.13 and may be removed in the future. The current behavior is equivalent to passing `weights=ResNet18_Weights.IMAGENET1K_V1`. You can also use `weights=ResNet18_Weights.DEFAULT` to get the most up-to-date weights.
  warnings.warn(msg)
[I 2024-03-08 18:33:41,013] Trial 81 finished with value: 1.6723667905824036 and parameters: {'knn_metric': 'euclidean', 'n_neighbors': 46, 'batch_size': 128}. Best is trial 63 with value: 1.7028500619578684.
/ghome/group07/anaconda3/envs/torch/lib/python3.10/site-packages/torchvision/models/_utils.py:223: UserWarning: Arguments other than a weight enum or `None` for 'weights' are deprecated since 0.13 and may be removed in the future. The current behavior is equivalent to passing `weights=ResNet18_Weights.IMAGENET1K_V1`. You can also use `weights=ResNet18_Weights.DEFAULT` to get the most up-to-date weights.
  warnings.warn(msg)
[I 2024-03-08 18:33:45,485] Trial 82 finished with value: 1.6842627013630724 and parameters: {'knn_metric': 'euclidean', 'n_neighbors': 46, 'batch_size': 128}. Best is trial 63 with value: 1.7028500619578684.
/ghome/group07/anaconda3/envs/torch/lib/python3.10/site-packages/torchvision/models/_utils.py:223: UserWarning: Arguments other than a weight enum or `None` for 'weights' are deprecated since 0.13 and may be removed in the future. The current behavior is equivalent to passing `weights=ResNet18_Weights.IMAGENET1K_V1`. You can also use `weights=ResNet18_Weights.DEFAULT` to get the most up-to-date weights.
  warnings.warn(msg)
[I 2024-03-08 18:33:49,932] Trial 83 finished with value: 1.6597273853779428 and parameters: {'knn_metric': 'euclidean', 'n_neighbors': 41, 'batch_size': 128}. Best is trial 63 with value: 1.7028500619578684.
/ghome/group07/anaconda3/envs/torch/lib/python3.10/site-packages/torchvision/models/_utils.py:223: UserWarning: Arguments other than a weight enum or `None` for 'weights' are deprecated since 0.13 and may be removed in the future. The current behavior is equivalent to passing `weights=ResNet18_Weights.IMAGENET1K_V1`. You can also use `weights=ResNet18_Weights.DEFAULT` to get the most up-to-date weights.
  warnings.warn(msg)
[I 2024-03-08 18:33:54,629] Trial 84 finished with value: 1.6939281288723667 and parameters: {'knn_metric': 'euclidean', 'n_neighbors': 45, 'batch_size': 128}. Best is trial 63 with value: 1.7028500619578684.
/ghome/group07/anaconda3/envs/torch/lib/python3.10/site-packages/torchvision/models/_utils.py:223: UserWarning: Arguments other than a weight enum or `None` for 'weights' are deprecated since 0.13 and may be removed in the future. The current behavior is equivalent to passing `weights=ResNet18_Weights.IMAGENET1K_V1`. You can also use `weights=ResNet18_Weights.DEFAULT` to get the most up-to-date weights.
  warnings.warn(msg)
[I 2024-03-08 18:33:59,232] Trial 85 finished with value: 1.6565055762081784 and parameters: {'knn_metric': 'euclidean', 'n_neighbors': 10, 'batch_size': 128}. Best is trial 63 with value: 1.7028500619578684.
/ghome/group07/anaconda3/envs/torch/lib/python3.10/site-packages/torchvision/models/_utils.py:223: UserWarning: Arguments other than a weight enum or `None` for 'weights' are deprecated since 0.13 and may be removed in the future. The current behavior is equivalent to passing `weights=ResNet18_Weights.IMAGENET1K_V1`. You can also use `weights=ResNet18_Weights.DEFAULT` to get the most up-to-date weights.
  warnings.warn(msg)
[I 2024-03-08 18:34:03,805] Trial 86 finished with value: 1.6736059479553913 and parameters: {'knn_metric': 'euclidean', 'n_neighbors': 18, 'batch_size': 128}. Best is trial 63 with value: 1.7028500619578684.
/ghome/group07/anaconda3/envs/torch/lib/python3.10/site-packages/torchvision/models/_utils.py:223: UserWarning: Arguments other than a weight enum or `None` for 'weights' are deprecated since 0.13 and may be removed in the future. The current behavior is equivalent to passing `weights=ResNet18_Weights.IMAGENET1K_V1`. You can also use `weights=ResNet18_Weights.DEFAULT` to get the most up-to-date weights.
  warnings.warn(msg)
[I 2024-03-08 18:34:08,297] Trial 87 finished with value: 1.6228004956629483 and parameters: {'knn_metric': 'minkowski', 'n_neighbors': 44, 'batch_size': 32}. Best is trial 63 with value: 1.7028500619578684.
/ghome/group07/anaconda3/envs/torch/lib/python3.10/site-packages/torchvision/models/_utils.py:223: UserWarning: Arguments other than a weight enum or `None` for 'weights' are deprecated since 0.13 and may be removed in the future. The current behavior is equivalent to passing `weights=ResNet18_Weights.IMAGENET1K_V1`. You can also use `weights=ResNet18_Weights.DEFAULT` to get the most up-to-date weights.
  warnings.warn(msg)
[I 2024-03-08 18:34:12,942] Trial 88 finished with value: 1.682775712515491 and parameters: {'knn_metric': 'euclidean', 'n_neighbors': 38, 'batch_size': 128}. Best is trial 63 with value: 1.7028500619578684.
/ghome/group07/anaconda3/envs/torch/lib/python3.10/site-packages/torchvision/models/_utils.py:223: UserWarning: Arguments other than a weight enum or `None` for 'weights' are deprecated since 0.13 and may be removed in the future. The current behavior is equivalent to passing `weights=ResNet18_Weights.IMAGENET1K_V1`. You can also use `weights=ResNet18_Weights.DEFAULT` to get the most up-to-date weights.
  warnings.warn(msg)
[I 2024-03-08 18:34:18,354] Trial 89 finished with value: 1.6812887236679057 and parameters: {'knn_metric': 'manhattan', 'n_neighbors': 50, 'batch_size': 128}. Best is trial 63 with value: 1.7028500619578684.
/ghome/group07/anaconda3/envs/torch/lib/python3.10/site-packages/torchvision/models/_utils.py:223: UserWarning: Arguments other than a weight enum or `None` for 'weights' are deprecated since 0.13 and may be removed in the future. The current behavior is equivalent to passing `weights=ResNet18_Weights.IMAGENET1K_V1`. You can also use `weights=ResNet18_Weights.DEFAULT` to get the most up-to-date weights.
  warnings.warn(msg)
[I 2024-03-08 18:34:23,365] Trial 90 finished with value: 1.662205700123915 and parameters: {'knn_metric': 'euclidean', 'n_neighbors': 40, 'batch_size': 128}. Best is trial 63 with value: 1.7028500619578684.
/ghome/group07/anaconda3/envs/torch/lib/python3.10/site-packages/torchvision/models/_utils.py:223: UserWarning: Arguments other than a weight enum or `None` for 'weights' are deprecated since 0.13 and may be removed in the future. The current behavior is equivalent to passing `weights=ResNet18_Weights.IMAGENET1K_V1`. You can also use `weights=ResNet18_Weights.DEFAULT` to get the most up-to-date weights.
  warnings.warn(msg)
[I 2024-03-08 18:34:27,943] Trial 91 finished with value: 1.6877323420074344 and parameters: {'knn_metric': 'euclidean', 'n_neighbors': 45, 'batch_size': 128}. Best is trial 63 with value: 1.7028500619578684.
/ghome/group07/anaconda3/envs/torch/lib/python3.10/site-packages/torchvision/models/_utils.py:223: UserWarning: Arguments other than a weight enum or `None` for 'weights' are deprecated since 0.13 and may be removed in the future. The current behavior is equivalent to passing `weights=ResNet18_Weights.IMAGENET1K_V1`. You can also use `weights=ResNet18_Weights.DEFAULT` to get the most up-to-date weights.
  warnings.warn(msg)
[I 2024-03-08 18:34:32,468] Trial 92 finished with value: 1.681288723667905 and parameters: {'knn_metric': 'euclidean', 'n_neighbors': 42, 'batch_size': 128}. Best is trial 63 with value: 1.7028500619578684.
/ghome/group07/anaconda3/envs/torch/lib/python3.10/site-packages/torchvision/models/_utils.py:223: UserWarning: Arguments other than a weight enum or `None` for 'weights' are deprecated since 0.13 and may be removed in the future. The current behavior is equivalent to passing `weights=ResNet18_Weights.IMAGENET1K_V1`. You can also use `weights=ResNet18_Weights.DEFAULT` to get the most up-to-date weights.
  warnings.warn(msg)
[I 2024-03-08 18:34:36,988] Trial 93 finished with value: 1.6795539033457247 and parameters: {'knn_metric': 'euclidean', 'n_neighbors': 45, 'batch_size': 128}. Best is trial 63 with value: 1.7028500619578684.
/ghome/group07/anaconda3/envs/torch/lib/python3.10/site-packages/torchvision/models/_utils.py:223: UserWarning: Arguments other than a weight enum or `None` for 'weights' are deprecated since 0.13 and may be removed in the future. The current behavior is equivalent to passing `weights=ResNet18_Weights.IMAGENET1K_V1`. You can also use `weights=ResNet18_Weights.DEFAULT` to get the most up-to-date weights.
  warnings.warn(msg)
[I 2024-03-08 18:34:41,457] Trial 94 finished with value: 1.671375464684015 and parameters: {'knn_metric': 'euclidean', 'n_neighbors': 47, 'batch_size': 128}. Best is trial 63 with value: 1.7028500619578684.
/ghome/group07/anaconda3/envs/torch/lib/python3.10/site-packages/torchvision/models/_utils.py:223: UserWarning: Arguments other than a weight enum or `None` for 'weights' are deprecated since 0.13 and may be removed in the future. The current behavior is equivalent to passing `weights=ResNet18_Weights.IMAGENET1K_V1`. You can also use `weights=ResNet18_Weights.DEFAULT` to get the most up-to-date weights.
  warnings.warn(msg)
[I 2024-03-08 18:34:45,909] Trial 95 finished with value: 1.658736059479553 and parameters: {'knn_metric': 'euclidean', 'n_neighbors': 43, 'batch_size': 128}. Best is trial 63 with value: 1.7028500619578684.
/ghome/group07/anaconda3/envs/torch/lib/python3.10/site-packages/torchvision/models/_utils.py:223: UserWarning: Arguments other than a weight enum or `None` for 'weights' are deprecated since 0.13 and may be removed in the future. The current behavior is equivalent to passing `weights=ResNet18_Weights.IMAGENET1K_V1`. You can also use `weights=ResNet18_Weights.DEFAULT` to get the most up-to-date weights.
  warnings.warn(msg)
[I 2024-03-08 18:34:50,918] Trial 96 finished with value: 1.4820322180916983 and parameters: {'knn_metric': 'euclidean', 'n_neighbors': 49, 'batch_size': 8}. Best is trial 63 with value: 1.7028500619578684.
/ghome/group07/anaconda3/envs/torch/lib/python3.10/site-packages/torchvision/models/_utils.py:223: UserWarning: Arguments other than a weight enum or `None` for 'weights' are deprecated since 0.13 and may be removed in the future. The current behavior is equivalent to passing `weights=ResNet18_Weights.IMAGENET1K_V1`. You can also use `weights=ResNet18_Weights.DEFAULT` to get the most up-to-date weights.
  warnings.warn(msg)
[I 2024-03-08 18:34:55,578] Trial 97 finished with value: 1.6698884758364307 and parameters: {'knn_metric': 'minkowski', 'n_neighbors': 45, 'batch_size': 128}. Best is trial 63 with value: 1.7028500619578684.
/ghome/group07/anaconda3/envs/torch/lib/python3.10/site-packages/torchvision/models/_utils.py:223: UserWarning: Arguments other than a weight enum or `None` for 'weights' are deprecated since 0.13 and may be removed in the future. The current behavior is equivalent to passing `weights=ResNet18_Weights.IMAGENET1K_V1`. You can also use `weights=ResNet18_Weights.DEFAULT` to get the most up-to-date weights.
  warnings.warn(msg)
[I 2024-03-08 18:35:00,096] Trial 98 finished with value: 1.6733581164807934 and parameters: {'knn_metric': 'euclidean', 'n_neighbors': 48, 'batch_size': 128}. Best is trial 63 with value: 1.7028500619578684.
/ghome/group07/anaconda3/envs/torch/lib/python3.10/site-packages/torchvision/models/_utils.py:223: UserWarning: Arguments other than a weight enum or `None` for 'weights' are deprecated since 0.13 and may be removed in the future. The current behavior is equivalent to passing `weights=ResNet18_Weights.IMAGENET1K_V1`. You can also use `weights=ResNet18_Weights.DEFAULT` to get the most up-to-date weights.
  warnings.warn(msg)
[I 2024-03-08 18:35:04,626] Trial 99 finished with value: 1.666914498141264 and parameters: {'knn_metric': 'euclidean', 'n_neighbors': 43, 'batch_size': 128}. Best is trial 63 with value: 1.7028500619578684.
