Loading BERT...
Loading data...
Length of filtered_dataset_1 is 457
Length of filtered_dataset_2 is 457
EPOCH 0 |  Train Loss: 2.0358  Train Acc: 0.1537    Val Loss: 1.9919  Val Acc: 0.1653
EPOCH 1 |  Train Loss: 2.0071  Train Acc: 0.1628    Val Loss: 1.8927  Val Acc: 0.2037
EPOCH 2 |  Train Loss: 1.9715  Train Acc: 0.1842    Val Loss: 1.8396  Val Acc: 0.2312
EPOCH 3 |  Train Loss: 1.9418  Train Acc: 0.2024    Val Loss: 1.8011  Val Acc: 0.2596
EPOCH 4 |  Train Loss: 1.9153  Train Acc: 0.2193    Val Loss: 1.9873  Val Acc: 0.1902
EPOCH 5 |  Train Loss: 1.9106  Train Acc: 0.2356    Val Loss: 1.7989  Val Acc: 0.2834
EPOCH 6 |  Train Loss: 1.8664  Train Acc: 0.2549    Val Loss: 1.8873  Val Acc: 0.2514
EPOCH 7 |  Train Loss: 1.8624  Train Acc: 0.2692    Val Loss: 1.7622  Val Acc: 0.3255
EPOCH 8 |  Train Loss: 1.835  Train Acc: 0.2923    Val Loss: 1.805  Val Acc: 0.3163
EPOCH 9 |  Train Loss: 1.8034  Train Acc: 0.311    Val Loss: 1.736  Val Acc: 0.3514
EPOCH 10 |  Train Loss: 1.789  Train Acc: 0.3261    Val Loss: 1.7663  Val Acc: 0.3588
EPOCH 11 |  Train Loss: 1.7757  Train Acc: 0.3372    Val Loss: 1.7505  Val Acc: 0.3721
EPOCH 12 |  Train Loss: 1.7415  Train Acc: 0.3424    Val Loss: 1.7092  Val Acc: 0.3942
EPOCH 13 |  Train Loss: 1.7222  Train Acc: 0.3579    Val Loss: 1.6984  Val Acc: 0.4141
EPOCH 14 |  Train Loss: 1.7159  Train Acc: 0.3628    Val Loss: 1.8512  Val Acc: 0.3576
EPOCH 15 |  Train Loss: 1.6904  Train Acc: 0.3736    Val Loss: 1.916  Val Acc: 0.3279
EPOCH 16 |  Train Loss: 1.6617  Train Acc: 0.3969    Val Loss: 1.6916  Val Acc: 0.4293
EPOCH 17 |  Train Loss: 1.6542  Train Acc: 0.4028    Val Loss: 1.6907  Val Acc: 0.4356
EPOCH 18 |  Train Loss: 1.6369  Train Acc: 0.3945    Val Loss: 1.6518  Val Acc: 0.4458
EPOCH 19 |  Train Loss: 1.5939  Train Acc: 0.427    Val Loss: 1.6223  Val Acc: 0.4499
EPOCH 20 |  Train Loss: 1.5852  Train Acc: 0.4252    Val Loss: 1.5939  Val Acc: 0.4641
EPOCH 21 |  Train Loss: 1.552  Train Acc: 0.4503    Val Loss: 1.6296  Val Acc: 0.4614
EPOCH 22 |  Train Loss: 1.5363  Train Acc: 0.4395    Val Loss: 1.6141  Val Acc: 0.4682
EPOCH 23 |  Train Loss: 1.4944  Train Acc: 0.4548    Val Loss: 1.5916  Val Acc: 0.4774
EPOCH 24 |  Train Loss: 1.4566  Train Acc: 0.4728    Val Loss: 1.6462  Val Acc: 0.4469
EPOCH 25 |  Train Loss: 1.4291  Train Acc: 0.4791    Val Loss: 1.5322  Val Acc: 0.4942
EPOCH 26 |  Train Loss: 1.4264  Train Acc: 0.4803    Val Loss: 1.5504  Val Acc: 0.4888
EPOCH 27 |  Train Loss: 1.3727  Train Acc: 0.5046    Val Loss: 1.5252  Val Acc: 0.497
EPOCH 28 |  Train Loss: 1.3592  Train Acc: 0.4971    Val Loss: 1.5104  Val Acc: 0.4999
EPOCH 29 |  Train Loss: 1.3294  Train Acc: 0.5123    Val Loss: 1.4963  Val Acc: 0.5025
EPOCH 30 |  Train Loss: 1.2972  Train Acc: 0.5159    Val Loss: 1.5862  Val Acc: 0.4829
EPOCH 31 |  Train Loss: 1.2537  Train Acc: 0.5285    Val Loss: 1.4172  Val Acc: 0.5178
EPOCH 32 |  Train Loss: 1.2453  Train Acc: 0.5284    Val Loss: 1.4663  Val Acc: 0.5131
EPOCH 33 |  Train Loss: 1.2205  Train Acc: 0.538    Val Loss: 1.4326  Val Acc: 0.5229
EPOCH 34 |  Train Loss: 1.1889  Train Acc: 0.5474    Val Loss: 1.5728  Val Acc: 0.5017
EPOCH 35 |  Train Loss: 1.1702  Train Acc: 0.5466    Val Loss: 1.401  Val Acc: 0.5245
EPOCH 36 |  Train Loss: 1.131  Train Acc: 0.5508    Val Loss: 1.4  Val Acc: 0.5278
EPOCH 37 |  Train Loss: 1.1128  Train Acc: 0.5568    Val Loss: 1.357  Val Acc: 0.541
EPOCH 38 |  Train Loss: 1.1385  Train Acc: 0.5549    Val Loss: 1.3602  Val Acc: 0.5351
EPOCH 39 |  Train Loss: 1.0678  Train Acc: 0.5697    Val Loss: 1.3576  Val Acc: 0.5444
EPOCH 40 |  Train Loss: 1.069  Train Acc: 0.5629    Val Loss: 1.3232  Val Acc: 0.5505
EPOCH 41 |  Train Loss: 1.034  Train Acc: 0.5727    Val Loss: 1.342  Val Acc: 0.5477
EPOCH 42 |  Train Loss: 1.0189  Train Acc: 0.5782    Val Loss: 1.4503  Val Acc: 0.5316
EPOCH 43 |  Train Loss: 1.0022  Train Acc: 0.5775    Val Loss: 1.4443  Val Acc: 0.5384
EPOCH 44 |  Train Loss: 1.0073  Train Acc: 0.5709    Val Loss: 1.3191  Val Acc: 0.5304
EPOCH 45 |  Train Loss: 0.9743  Train Acc: 0.582    Val Loss: 1.3732  Val Acc: 0.5475
EPOCH 46 |  Train Loss: 0.942  Train Acc: 0.5946    Val Loss: 1.3378  Val Acc: 0.5542
EPOCH 47 |  Train Loss: 0.9345  Train Acc: 0.5945    Val Loss: 1.3522  Val Acc: 0.5478
EPOCH 48 |  Train Loss: 0.9223  Train Acc: 0.6031    Val Loss: 1.3687  Val Acc: 0.5525
EPOCH 49 |  Train Loss: 0.9327  Train Acc: 0.598    Val Loss: 1.4492  Val Acc: 0.5454
EPOCH 50 |  Train Loss: 0.8929  Train Acc: 0.5921    Val Loss: 1.344  Val Acc: 0.5566
EPOCH 51 |  Train Loss: 0.896  Train Acc: 0.6027    Val Loss: 1.3885  Val Acc: 0.5552
EPOCH 52 |  Train Loss: 0.8646  Train Acc: 0.6001    Val Loss: 1.3006  Val Acc: 0.5682
EPOCH 53 |  Train Loss: 0.8596  Train Acc: 0.6078    Val Loss: 1.3727  Val Acc: 0.5578
EPOCH 54 |  Train Loss: 0.8708  Train Acc: 0.6069    Val Loss: 1.2788  Val Acc: 0.5581
EPOCH 55 |  Train Loss: 0.822  Train Acc: 0.6202    Val Loss: 1.3259  Val Acc: 0.567
EPOCH 56 |  Train Loss: 0.832  Train Acc: 0.6135    Val Loss: 1.2877  Val Acc: 0.5722
EPOCH 57 |  Train Loss: 0.8075  Train Acc: 0.6307    Val Loss: 1.3179  Val Acc: 0.5742
EPOCH 58 |  Train Loss: 0.8134  Train Acc: 0.6115    Val Loss: 1.4125  Val Acc: 0.5629
EPOCH 59 |  Train Loss: 0.778  Train Acc: 0.6225    Val Loss: 1.3125  Val Acc: 0.5789
EPOCH 60 |  Train Loss: 0.8027  Train Acc: 0.6239    Val Loss: 1.2547  Val Acc: 0.5691
EPOCH 61 |  Train Loss: 0.7719  Train Acc: 0.6275    Val Loss: 1.2662  Val Acc: 0.5777
EPOCH 62 |  Train Loss: 0.7846  Train Acc: 0.6274    Val Loss: 1.4012  Val Acc: 0.567
EPOCH 63 |  Train Loss: 0.7632  Train Acc: 0.6358    Val Loss: 1.3373  Val Acc: 0.5778
EPOCH 64 |  Train Loss: 0.768  Train Acc: 0.6315    Val Loss: 1.3622  Val Acc: 0.5737
EPOCH 65 |  Train Loss: 0.7604  Train Acc: 0.6348    Val Loss: 1.3634  Val Acc: 0.5771
EPOCH 66 |  Train Loss: 0.7326  Train Acc: 0.638    Val Loss: 1.3568  Val Acc: 0.5734
EPOCH 67 |  Train Loss: 0.718  Train Acc: 0.6485    Val Loss: 1.3659  Val Acc: 0.576
EPOCH 68 |  Train Loss: 0.7251  Train Acc: 0.6443    Val Loss: 1.3589  Val Acc: 0.5813
EPOCH 69 |  Train Loss: 0.7113  Train Acc: 0.6478    Val Loss: 1.3199  Val Acc: 0.5848
EPOCH 70 |  Train Loss: 0.7014  Train Acc: 0.6501    Val Loss: 1.4294  Val Acc: 0.5691
EPOCH 71 |  Train Loss: 0.7345  Train Acc: 0.6424    Val Loss: 1.4329  Val Acc: 0.5694
EPOCH 72 |  Train Loss: 0.6934  Train Acc: 0.6566    Val Loss: 1.4261  Val Acc: 0.5673
EPOCH 73 |  Train Loss: 0.679  Train Acc: 0.6595    Val Loss: 1.3295  Val Acc: 0.5813
EPOCH 74 |  Train Loss: 0.6844  Train Acc: 0.6602    Val Loss: 1.3754  Val Acc: 0.5748
EPOCH 75 |  Train Loss: 0.6833  Train Acc: 0.6606    Val Loss: 1.4334  Val Acc: 0.5737
EPOCH 76 |  Train Loss: 0.6816  Train Acc: 0.6545    Val Loss: 1.397  Val Acc: 0.5743
EPOCH 77 |  Train Loss: 0.6606  Train Acc: 0.6683    Val Loss: 1.3046  Val Acc: 0.5856
EPOCH 78 |  Train Loss: 0.6796  Train Acc: 0.6665    Val Loss: 1.4547  Val Acc: 0.5674
EPOCH 79 |  Train Loss: 0.6471  Train Acc: 0.6664    Val Loss: 1.4801  Val Acc: 0.5716
EPOCH 80 |  Train Loss: 0.6418  Train Acc: 0.6707    Val Loss: 1.3189  Val Acc: 0.5836
EPOCH 81 |  Train Loss: 0.6544  Train Acc: 0.6614    Val Loss: 1.3413  Val Acc: 0.5807
EPOCH 82 |  Train Loss: 0.6633  Train Acc: 0.6618    Val Loss: 1.3918  Val Acc: 0.5787
EPOCH 83 |  Train Loss: 0.6297  Train Acc: 0.677    Val Loss: 1.501  Val Acc: 0.5718
EPOCH 84 |  Train Loss: 0.6218  Train Acc: 0.6789    Val Loss: 1.429  Val Acc: 0.5781
EPOCH 85 |  Train Loss: 0.6211  Train Acc: 0.6814    Val Loss: 1.3942  Val Acc: 0.5758
EPOCH 86 |  Train Loss: 0.6004  Train Acc: 0.6828    Val Loss: 1.422  Val Acc: 0.5765
EPOCH 87 |  Train Loss: 0.6078  Train Acc: 0.6856    Val Loss: 1.4966  Val Acc: 0.5733
EPOCH 88 |  Train Loss: 0.6197  Train Acc: 0.6813    Val Loss: 1.356  Val Acc: 0.5796
EPOCH 89 |  Train Loss: 0.6019  Train Acc: 0.6923    Val Loss: 1.3697  Val Acc: 0.5819
EPOCH 90 |  Train Loss: 0.6381  Train Acc: 0.6802    Val Loss: 1.5258  Val Acc: 0.5761
EPOCH 91 |  Train Loss: 0.5847  Train Acc: 0.6906    Val Loss: 1.4396  Val Acc: 0.5803
EPOCH 92 |  Train Loss: 0.6047  Train Acc: 0.689    Val Loss: 1.3987  Val Acc: 0.5781
EPOCH 93 |  Train Loss: 0.5802  Train Acc: 0.7003    Val Loss: 1.5768  Val Acc: 0.5762
EPOCH 94 |  Train Loss: 0.619  Train Acc: 0.6924    Val Loss: 1.5209  Val Acc: 0.5774
EPOCH 95 |  Train Loss: 0.5546  Train Acc: 0.7026    Val Loss: 1.5362  Val Acc: 0.5744
EPOCH 96 |  Train Loss: 0.5773  Train Acc: 0.6974    Val Loss: 1.5102  Val Acc: 0.5756
EPOCH 97 |  Train Loss: 0.6275  Train Acc: 0.6851    Val Loss: 1.2519  Val Acc: 0.5765
EPOCH 98 |  Train Loss: 0.5673  Train Acc: 0.6989    Val Loss: 1.5312  Val Acc: 0.5782
EPOCH 99 |  Train Loss: 0.5582  Train Acc: 0.7016    Val Loss: 1.4354  Val Acc: 0.583
EPOCH 100 |  Train Loss: 0.5361  Train Acc: 0.7142    Val Loss: 1.4521  Val Acc: 0.5786
EPOCH 101 |  Train Loss: 0.5634  Train Acc: 0.7042    Val Loss: 1.4999  Val Acc: 0.58
EPOCH 102 |  Train Loss: 0.5354  Train Acc: 0.7114    Val Loss: 1.4406  Val Acc: 0.5801
EPOCH 103 |  Train Loss: 0.5361  Train Acc: 0.7181    Val Loss: 1.5492  Val Acc: 0.5775
EPOCH 104 |  Train Loss: 0.534  Train Acc: 0.7073    Val Loss: 1.4572  Val Acc: 0.5856
EPOCH 105 |  Train Loss: 0.5297  Train Acc: 0.719    Val Loss: 1.5575  Val Acc: 0.5734
EPOCH 106 |  Train Loss: 0.5432  Train Acc: 0.7134    Val Loss: 1.4919  Val Acc: 0.5745
EPOCH 107 |  Train Loss: 0.5102  Train Acc: 0.725    Val Loss: 1.4744  Val Acc: 0.5771
EPOCH 108 |  Train Loss: 0.5134  Train Acc: 0.7287    Val Loss: 1.4844  Val Acc: 0.5806
EPOCH 109 |  Train Loss: 0.5172  Train Acc: 0.7195    Val Loss: 1.5795  Val Acc: 0.5765
EPOCH 110 |  Train Loss: 0.5057  Train Acc: 0.7301    Val Loss: 1.5552  Val Acc: 0.5776
EPOCH 111 |  Train Loss: 0.5084  Train Acc: 0.7243    Val Loss: 1.5951  Val Acc: 0.5751
EPOCH 112 |  Train Loss: 0.4991  Train Acc: 0.7352    Val Loss: 1.5948  Val Acc: 0.5727
EPOCH 113 |  Train Loss: 0.4895  Train Acc: 0.7407    Val Loss: 1.4739  Val Acc: 0.5791
EPOCH 114 |  Train Loss: 0.4922  Train Acc: 0.7325    Val Loss: 1.6449  Val Acc: 0.5624
EPOCH 115 |  Train Loss: 0.5195  Train Acc: 0.73    Val Loss: 1.6547  Val Acc: 0.5648
EPOCH 116 |  Train Loss: 0.4894  Train Acc: 0.7347    Val Loss: 1.5644  Val Acc: 0.5672
EPOCH 117 |  Train Loss: 0.4833  Train Acc: 0.736    Val Loss: 1.0651  Val Acc: 0.576
EPOCH 118 |  Train Loss: 0.4834  Train Acc: 0.7379    Val Loss: 1.4425  Val Acc: 0.5781
EPOCH 119 |  Train Loss: 0.4895  Train Acc: 0.7339    Val Loss: 1.4381  Val Acc: 0.5788
EPOCH 120 |  Train Loss: 0.4782  Train Acc: 0.746    Val Loss: 1.6526  Val Acc: 0.5645
EPOCH 121 |  Train Loss: 0.4611  Train Acc: 0.7445    Val Loss: 1.5549  Val Acc: 0.5724
EPOCH 122 |  Train Loss: 0.4583  Train Acc: 0.7471    Val Loss: 1.5864  Val Acc: 0.5631
EPOCH 123 |  Train Loss: 0.4518  Train Acc: 0.7519    Val Loss: 1.5184  Val Acc: 0.5675
EPOCH 124 |  Train Loss: 0.4605  Train Acc: 0.753    Val Loss: 1.5813  Val Acc: 0.559
EPOCH 125 |  Train Loss: 0.449  Train Acc: 0.7623    Val Loss: 1.7223  Val Acc: 0.5545
EPOCH 126 |  Train Loss: 0.4515  Train Acc: 0.755    Val Loss: 1.5468  Val Acc: 0.5623
EPOCH 127 |  Train Loss: 0.445  Train Acc: 0.7593    Val Loss: 1.5703  Val Acc: 0.5682
EPOCH 128 |  Train Loss: 0.439  Train Acc: 0.7593    Val Loss: 1.6363  Val Acc: 0.558
EPOCH 129 |  Train Loss: 0.444  Train Acc: 0.7618    Val Loss: 1.6748  Val Acc: 0.5492
EPOCH 130 |  Train Loss: 0.4333  Train Acc: 0.764    Val Loss: 1.7188  Val Acc: 0.5531
EPOCH 131 |  Train Loss: 0.435  Train Acc: 0.7585    Val Loss: 1.6343  Val Acc: 0.5654
EPOCH 132 |  Train Loss: 0.4385  Train Acc: 0.7567    Val Loss: 1.5714  Val Acc: 0.5596
EPOCH 133 |  Train Loss: 0.4193  Train Acc: 0.7618    Val Loss: 1.6133  Val Acc: 0.5538
EPOCH 134 |  Train Loss: 0.4699  Train Acc: 0.7566    Val Loss: 1.3449  Val Acc: 0.5871
EPOCH 135 |  Train Loss: 0.424  Train Acc: 0.7626    Val Loss: 1.7503  Val Acc: 0.546
EPOCH 136 |  Train Loss: 0.4267  Train Acc: 0.7718    Val Loss: 1.6768  Val Acc: 0.5495
EPOCH 137 |  Train Loss: 0.4112  Train Acc: 0.7669    Val Loss: 1.5289  Val Acc: 0.5635
EPOCH 138 |  Train Loss: 0.4178  Train Acc: 0.7698    Val Loss: 1.6641  Val Acc: 0.5518
EPOCH 139 |  Train Loss: 0.4252  Train Acc: 0.7716    Val Loss: 1.6126  Val Acc: 0.5547
EPOCH 140 |  Train Loss: 0.3964  Train Acc: 0.7762    Val Loss: 1.6528  Val Acc: 0.5511
EPOCH 141 |  Train Loss: 0.4054  Train Acc: 0.7758    Val Loss: 1.6778  Val Acc: 0.5474
EPOCH 142 |  Train Loss: 0.4423  Train Acc: 0.7633    Val Loss: 1.7356  Val Acc: 0.5444
EPOCH 143 |  Train Loss: 0.4015  Train Acc: 0.7792    Val Loss: 1.6797  Val Acc: 0.5518
EPOCH 144 |  Train Loss: 0.4158  Train Acc: 0.7724    Val Loss: 1.5938  Val Acc: 0.5602
EPOCH 145 |  Train Loss: 0.3988  Train Acc: 0.7773    Val Loss: 1.7038  Val Acc: 0.5507
EPOCH 146 |  Train Loss: 0.4154  Train Acc: 0.7652    Val Loss: 1.6547  Val Acc: 0.5601
EPOCH 147 |  Train Loss: 0.4033  Train Acc: 0.7742    Val Loss: 1.4514  Val Acc: 0.579
EPOCH 148 |  Train Loss: 0.3991  Train Acc: 0.782    Val Loss: 1.847  Val Acc: 0.5431
EPOCH 149 |  Train Loss: 0.4628  Train Acc: 0.77    Val Loss: 1.0796  Val Acc: 0.579
EPOCH 150 |  Train Loss: 0.3921  Train Acc: 0.7829    Val Loss: 1.5984  Val Acc: 0.5642
EPOCH 151 |  Train Loss: 0.4019  Train Acc: 0.7869    Val Loss: 1.8534  Val Acc: 0.5398
EPOCH 152 |  Train Loss: 0.3736  Train Acc: 0.7862    Val Loss: 1.6772  Val Acc: 0.5507
EPOCH 153 |  Train Loss: 0.3678  Train Acc: 0.7949    Val Loss: 1.7126  Val Acc: 0.5459
EPOCH 154 |  Train Loss: 0.3701  Train Acc: 0.7893    Val Loss: 1.7792  Val Acc: 0.5447
EPOCH 155 |  Train Loss: 0.3868  Train Acc: 0.7942    Val Loss: 1.8011  Val Acc: 0.5413
EPOCH 156 |  Train Loss: 0.3511  Train Acc: 0.8005    Val Loss: 1.7994  Val Acc: 0.546
EPOCH 157 |  Train Loss: 0.3795  Train Acc: 0.7866    Val Loss: 1.775  Val Acc: 0.5478
EPOCH 158 |  Train Loss: 0.3782  Train Acc: 0.7833    Val Loss: 1.756  Val Acc: 0.5417
EPOCH 159 |  Train Loss: 0.3597  Train Acc: 0.8007    Val Loss: 1.8381  Val Acc: 0.5346
EPOCH 160 |  Train Loss: 0.3647  Train Acc: 0.7961    Val Loss: 1.8237  Val Acc: 0.5429
EPOCH 161 |  Train Loss: 0.3682  Train Acc: 0.79    Val Loss: 1.7601  Val Acc: 0.5436
EPOCH 162 |  Train Loss: 0.4236  Train Acc: 0.7815    Val Loss: 1.7054  Val Acc: 0.5518
EPOCH 163 |  Train Loss: 0.3708  Train Acc: 0.799    Val Loss: 1.7307  Val Acc: 0.5499
EPOCH 164 |  Train Loss: 0.3378  Train Acc: 0.8079    Val Loss: 1.7676  Val Acc: 0.5473
EPOCH 165 |  Train Loss: 0.3817  Train Acc: 0.7915    Val Loss: 1.8327  Val Acc: 0.5453
EPOCH 166 |  Train Loss: 0.4019  Train Acc: 0.799    Val Loss: 1.6582  Val Acc: 0.5565
EPOCH 167 |  Train Loss: 0.3585  Train Acc: 0.7923    Val Loss: 1.7405  Val Acc: 0.5516
EPOCH 168 |  Train Loss: 0.3566  Train Acc: 0.8048    Val Loss: 1.7157  Val Acc: 0.5506
EPOCH 169 |  Train Loss: 0.347  Train Acc: 0.7997    Val Loss: 1.6469  Val Acc: 0.5611
EPOCH 170 |  Train Loss: 0.3704  Train Acc: 0.7964    Val Loss: 1.8502  Val Acc: 0.5359
EPOCH 171 |  Train Loss: 0.3415  Train Acc: 0.813    Val Loss: 1.7815  Val Acc: 0.5439
EPOCH 172 |  Train Loss: 0.3293  Train Acc: 0.8104    Val Loss: 1.7479  Val Acc: 0.5464
EPOCH 173 |  Train Loss: 0.3382  Train Acc: 0.8128    Val Loss: 1.7918  Val Acc: 0.546
EPOCH 174 |  Train Loss: 0.3268  Train Acc: 0.8144    Val Loss: 1.7697  Val Acc: 0.5409
EPOCH 175 |  Train Loss: 0.3225  Train Acc: 0.8117    Val Loss: 1.7224  Val Acc: 0.5449
EPOCH 176 |  Train Loss: 0.3496  Train Acc: 0.8006    Val Loss: 1.658  Val Acc: 0.5595
EPOCH 177 |  Train Loss: 0.3379  Train Acc: 0.8059    Val Loss: 1.8892  Val Acc: 0.5362
EPOCH 178 |  Train Loss: 0.3147  Train Acc: 0.8163    Val Loss: 1.7641  Val Acc: 0.5532
EPOCH 179 |  Train Loss: 0.3265  Train Acc: 0.8142    Val Loss: 1.9385  Val Acc: 0.5371
EPOCH 180 |  Train Loss: 0.3411  Train Acc: 0.8065    Val Loss: 1.7082  Val Acc: 0.556
EPOCH 181 |  Train Loss: 0.3546  Train Acc: 0.7971    Val Loss: 1.8593  Val Acc: 0.5466
EPOCH 182 |  Train Loss: 0.3297  Train Acc: 0.8171    Val Loss: 1.9036  Val Acc: 0.5334
EPOCH 183 |  Train Loss: 0.3291  Train Acc: 0.8098    Val Loss: 1.8231  Val Acc: 0.5444
EPOCH 184 |  Train Loss: 0.3385  Train Acc: 0.8088    Val Loss: 1.7962  Val Acc: 0.5465
EPOCH 185 |  Train Loss: 0.3147  Train Acc: 0.8244    Val Loss: 1.8541  Val Acc: 0.5429
EPOCH 186 |  Train Loss: 0.3203  Train Acc: 0.8212    Val Loss: 1.9076  Val Acc: 0.533
EPOCH 187 |  Train Loss: 0.3109  Train Acc: 0.82    Val Loss: 1.8119  Val Acc: 0.544
EPOCH 188 |  Train Loss: 0.3161  Train Acc: 0.8218    Val Loss: 1.8393  Val Acc: 0.5372
EPOCH 189 |  Train Loss: 0.3143  Train Acc: 0.8265    Val Loss: 1.8694  Val Acc: 0.5349
EPOCH 190 |  Train Loss: 0.3289  Train Acc: 0.8206    Val Loss: 1.9274  Val Acc: 0.5345
EPOCH 191 |  Train Loss: 0.3183  Train Acc: 0.8184    Val Loss: 1.9699  Val Acc: 0.5324
EPOCH 192 |  Train Loss: 0.3363  Train Acc: 0.8132    Val Loss: 1.7723  Val Acc: 0.5538
EPOCH 193 |  Train Loss: 0.31  Train Acc: 0.8253    Val Loss: 1.8434  Val Acc: 0.5417
EPOCH 194 |  Train Loss: 0.3201  Train Acc: 0.8165    Val Loss: 1.932  Val Acc: 0.5376
EPOCH 195 |  Train Loss: 0.2953  Train Acc: 0.8314    Val Loss: 1.9253  Val Acc: 0.5377
EPOCH 196 |  Train Loss: 0.3245  Train Acc: 0.8222    Val Loss: 1.9574  Val Acc: 0.5337
EPOCH 197 |  Train Loss: 0.2974  Train Acc: 0.8265    Val Loss: 1.8524  Val Acc: 0.5431
EPOCH 198 |  Train Loss: 0.2884  Train Acc: 0.8297    Val Loss: 1.8625  Val Acc: 0.5408
EPOCH 199 |  Train Loss: 0.3062  Train Acc: 0.8241    Val Loss: 1.8853  Val Acc: 0.5442
EPOCH 200 |  Train Loss: 0.2837  Train Acc: 0.8334    Val Loss: 1.9244  Val Acc: 0.5373
EPOCH 201 |  Train Loss: 0.3062  Train Acc: 0.8225    Val Loss: 1.9414  Val Acc: 0.5403
EPOCH 202 |  Train Loss: 0.3141  Train Acc: 0.822    Val Loss: 1.8023  Val Acc: 0.5426
EPOCH 203 |  Train Loss: 0.3225  Train Acc: 0.8249    Val Loss: 2.0867  Val Acc: 0.5251
EPOCH 204 |  Train Loss: 0.2881  Train Acc: 0.8414    Val Loss: 1.8884  Val Acc: 0.5435
EPOCH 205 |  Train Loss: 0.3056  Train Acc: 0.8257    Val Loss: 1.8306  Val Acc: 0.5484
EPOCH 206 |  Train Loss: 0.2962  Train Acc: 0.8298    Val Loss: 1.9134  Val Acc: 0.545
EPOCH 207 |  Train Loss: 0.3528  Train Acc: 0.8232    Val Loss: 1.269  Val Acc: 0.5798
EPOCH 208 |  Train Loss: 0.2897  Train Acc: 0.8277    Val Loss: 1.8266  Val Acc: 0.545
EPOCH 209 |  Train Loss: 0.289  Train Acc: 0.8304    Val Loss: 1.9341  Val Acc: 0.5373
EPOCH 210 |  Train Loss: 0.2772  Train Acc: 0.8469    Val Loss: 1.8645  Val Acc: 0.5431
EPOCH 211 |  Train Loss: 0.3062  Train Acc: 0.8337    Val Loss: 1.8507  Val Acc: 0.5563
EPOCH 212 |  Train Loss: 0.2784  Train Acc: 0.8429    Val Loss: 1.8795  Val Acc: 0.5466
EPOCH 213 |  Train Loss: 0.28  Train Acc: 0.8359    Val Loss: 1.9709  Val Acc: 0.5377
EPOCH 214 |  Train Loss: 0.2922  Train Acc: 0.8296    Val Loss: 1.8122  Val Acc: 0.5509
EPOCH 215 |  Train Loss: 0.3029  Train Acc: 0.8345    Val Loss: 2.0825  Val Acc: 0.5344
EPOCH 216 |  Train Loss: 0.2973  Train Acc: 0.8307    Val Loss: 1.8923  Val Acc: 0.5435
EPOCH 217 |  Train Loss: 0.2784  Train Acc: 0.8399    Val Loss: 2.0491  Val Acc: 0.5353
EPOCH 218 |  Train Loss: 0.2837  Train Acc: 0.8394    Val Loss: 1.9222  Val Acc: 0.551
EPOCH 219 |  Train Loss: 0.302  Train Acc: 0.8362    Val Loss: 1.8441  Val Acc: 0.5476
EPOCH 220 |  Train Loss: 0.2871  Train Acc: 0.8392    Val Loss: 1.8131  Val Acc: 0.5498
EPOCH 221 |  Train Loss: 0.2637  Train Acc: 0.8441    Val Loss: 1.8964  Val Acc: 0.5452
EPOCH 222 |  Train Loss: 0.2684  Train Acc: 0.8459    Val Loss: 1.9711  Val Acc: 0.5383
EPOCH 223 |  Train Loss: 0.2646  Train Acc: 0.8414    Val Loss: 1.8902  Val Acc: 0.5451
EPOCH 224 |  Train Loss: 0.2945  Train Acc: 0.8371    Val Loss: 2.1341  Val Acc: 0.5291
EPOCH 225 |  Train Loss: 0.2648  Train Acc: 0.8433    Val Loss: 1.8923  Val Acc: 0.5464
EPOCH 226 |  Train Loss: 0.2872  Train Acc: 0.8362    Val Loss: 2.14  Val Acc: 0.5351
EPOCH 227 |  Train Loss: 0.27  Train Acc: 0.8383    Val Loss: 1.9548  Val Acc: 0.5439
EPOCH 228 |  Train Loss: 0.2617  Train Acc: 0.8428    Val Loss: 1.8492  Val Acc: 0.5468
EPOCH 229 |  Train Loss: 0.2612  Train Acc: 0.8533    Val Loss: 1.9281  Val Acc: 0.5415
EPOCH 230 |  Train Loss: 0.262  Train Acc: 0.8491    Val Loss: 1.8934  Val Acc: 0.5508
EPOCH 231 |  Train Loss: 0.2775  Train Acc: 0.841    Val Loss: 1.884  Val Acc: 0.5473
EPOCH 232 |  Train Loss: 0.265  Train Acc: 0.8399    Val Loss: 1.9133  Val Acc: 0.546
EPOCH 233 |  Train Loss: 0.2784  Train Acc: 0.837    Val Loss: 1.8606  Val Acc: 0.5513
EPOCH 234 |  Train Loss: 0.2641  Train Acc: 0.8473    Val Loss: 1.9176  Val Acc: 0.5469
EPOCH 235 |  Train Loss: 0.2609  Train Acc: 0.8498    Val Loss: 1.869  Val Acc: 0.5494
EPOCH 236 |  Train Loss: 0.2644  Train Acc: 0.8489    Val Loss: 2.0764  Val Acc: 0.5317
EPOCH 237 |  Train Loss: 0.2627  Train Acc: 0.8547    Val Loss: 1.9864  Val Acc: 0.5326
EPOCH 238 |  Train Loss: 0.2795  Train Acc: 0.8373    Val Loss: 2.0741  Val Acc: 0.5278
EPOCH 239 |  Train Loss: 0.2696  Train Acc: 0.8464    Val Loss: 2.0539  Val Acc: 0.537
EPOCH 240 |  Train Loss: 0.2596  Train Acc: 0.8487    Val Loss: 1.9388  Val Acc: 0.5444
EPOCH 241 |  Train Loss: 0.2549  Train Acc: 0.8498    Val Loss: 2.0162  Val Acc: 0.5339
EPOCH 242 |  Train Loss: 0.2462  Train Acc: 0.854    Val Loss: 1.7683  Val Acc: 0.5517
EPOCH 243 |  Train Loss: 0.2722  Train Acc: 0.8458    Val Loss: 1.9572  Val Acc: 0.5441
EPOCH 244 |  Train Loss: 0.2903  Train Acc: 0.8319    Val Loss: 1.5479  Val Acc: 0.5704
EPOCH 245 |  Train Loss: 0.2545  Train Acc: 0.8503    Val Loss: 1.9412  Val Acc: 0.5474
EPOCH 246 |  Train Loss: 0.2637  Train Acc: 0.8485    Val Loss: 1.9255  Val Acc: 0.5475
EPOCH 247 |  Train Loss: 0.2469  Train Acc: 0.8627    Val Loss: 2.0341  Val Acc: 0.5346
EPOCH 248 |  Train Loss: 0.2618  Train Acc: 0.8498    Val Loss: 2.043  Val Acc: 0.5365
EPOCH 249 |  Train Loss: 0.2631  Train Acc: 0.8469    Val Loss: 2.0173  Val Acc: 0.5404
EPOCH 250 |  Train Loss: 0.248  Train Acc: 0.8564    Val Loss: 1.9753  Val Acc: 0.5437
EPOCH 251 |  Train Loss: 0.2613  Train Acc: 0.8469    Val Loss: 2.1043  Val Acc: 0.5331
EPOCH 252 |  Train Loss: 0.2462  Train Acc: 0.8524    Val Loss: 1.9854  Val Acc: 0.5346
EPOCH 253 |  Train Loss: 0.2533  Train Acc: 0.8536    Val Loss: 1.9361  Val Acc: 0.5404
EPOCH 254 |  Train Loss: 0.2573  Train Acc: 0.8497    Val Loss: 2.0682  Val Acc: 0.5339
EPOCH 255 |  Train Loss: 0.2537  Train Acc: 0.8463    Val Loss: 1.9703  Val Acc: 0.544
EPOCH 256 |  Train Loss: 0.2762  Train Acc: 0.8419    Val Loss: 1.9427  Val Acc: 0.5454
EPOCH 257 |  Train Loss: 0.2412  Train Acc: 0.8589    Val Loss: 2.038  Val Acc: 0.5426
EPOCH 258 |  Train Loss: 0.2563  Train Acc: 0.8535    Val Loss: 2.1103  Val Acc: 0.5345
EPOCH 259 |  Train Loss: 0.2427  Train Acc: 0.8511    Val Loss: 2.0352  Val Acc: 0.5386
EPOCH 260 |  Train Loss: 0.2678  Train Acc: 0.8526    Val Loss: 2.0613  Val Acc: 0.5452
EPOCH 261 |  Train Loss: 0.2404  Train Acc: 0.8578    Val Loss: 2.0491  Val Acc: 0.5365
EPOCH 262 |  Train Loss: 0.2378  Train Acc: 0.8568    Val Loss: 2.0008  Val Acc: 0.536
EPOCH 263 |  Train Loss: 0.2351  Train Acc: 0.8656    Val Loss: 2.0581  Val Acc: 0.534
EPOCH 264 |  Train Loss: 0.2333  Train Acc: 0.8563    Val Loss: 1.9508  Val Acc: 0.5414
EPOCH 265 |  Train Loss: 0.2399  Train Acc: 0.8574    Val Loss: 1.9637  Val Acc: 0.5367
EPOCH 266 |  Train Loss: 0.3324  Train Acc: 0.8427    Val Loss: 1.8073  Val Acc: 0.5404
EPOCH 267 |  Train Loss: 0.2222  Train Acc: 0.8613    Val Loss: 2.0504  Val Acc: 0.5371
EPOCH 268 |  Train Loss: 0.2364  Train Acc: 0.8609    Val Loss: 1.9425  Val Acc: 0.5439
EPOCH 269 |  Train Loss: 0.2527  Train Acc: 0.8521    Val Loss: 2.0019  Val Acc: 0.5461
EPOCH 270 |  Train Loss: 0.2441  Train Acc: 0.8535    Val Loss: 2.0266  Val Acc: 0.5393
EPOCH 271 |  Train Loss: 0.2397  Train Acc: 0.8649    Val Loss: 2.0648  Val Acc: 0.5418
EPOCH 272 |  Train Loss: 0.236  Train Acc: 0.8563    Val Loss: 1.9206  Val Acc: 0.5524
EPOCH 273 |  Train Loss: 0.2369  Train Acc: 0.8603    Val Loss: 2.0662  Val Acc: 0.5446
EPOCH 274 |  Train Loss: 0.2429  Train Acc: 0.8631    Val Loss: 2.2522  Val Acc: 0.5201
EPOCH 275 |  Train Loss: 0.25  Train Acc: 0.8522    Val Loss: 2.1885  Val Acc: 0.5305
EPOCH 276 |  Train Loss: 0.2247  Train Acc: 0.8659    Val Loss: 1.9633  Val Acc: 0.5463
EPOCH 277 |  Train Loss: 0.2435  Train Acc: 0.8556    Val Loss: 2.2143  Val Acc: 0.5311
EPOCH 278 |  Train Loss: 0.2377  Train Acc: 0.8613    Val Loss: 1.9402  Val Acc: 0.548
EPOCH 279 |  Train Loss: 0.2242  Train Acc: 0.8675    Val Loss: 2.1159  Val Acc: 0.5338
EPOCH 280 |  Train Loss: 0.2627  Train Acc: 0.8618    Val Loss: 2.1349  Val Acc: 0.5356
EPOCH 281 |  Train Loss: 0.2355  Train Acc: 0.8634    Val Loss: 1.9727  Val Acc: 0.5446
EPOCH 282 |  Train Loss: 0.233  Train Acc: 0.8631    Val Loss: 2.1022  Val Acc: 0.5347
EPOCH 283 |  Train Loss: 0.2213  Train Acc: 0.8623    Val Loss: 2.0001  Val Acc: 0.5473
EPOCH 284 |  Train Loss: 0.2562  Train Acc: 0.8489    Val Loss: 1.9523  Val Acc: 0.5484
EPOCH 285 |  Train Loss: 0.2235  Train Acc: 0.862    Val Loss: 2.0193  Val Acc: 0.5426
EPOCH 286 |  Train Loss: 0.2224  Train Acc: 0.8682    Val Loss: 1.9076  Val Acc: 0.5565
EPOCH 287 |  Train Loss: 0.2361  Train Acc: 0.8639    Val Loss: 2.1149  Val Acc: 0.537
EPOCH 288 |  Train Loss: 0.2268  Train Acc: 0.8603    Val Loss: 2.013  Val Acc: 0.545
EPOCH 289 |  Train Loss: 0.2382  Train Acc: 0.8622    Val Loss: 2.1555  Val Acc: 0.5325
EPOCH 290 |  Train Loss: 0.2323  Train Acc: 0.8678    Val Loss: 2.1904  Val Acc: 0.5344
EPOCH 291 |  Train Loss: 0.2407  Train Acc: 0.8625    Val Loss: 1.9636  Val Acc: 0.5489
EPOCH 292 |  Train Loss: 0.2393  Train Acc: 0.859    Val Loss: 2.1265  Val Acc: 0.5387
EPOCH 293 |  Train Loss: 0.2463  Train Acc: 0.8582    Val Loss: 1.6112  Val Acc: 0.5666
EPOCH 294 |  Train Loss: 0.2282  Train Acc: 0.8658    Val Loss: 1.9711  Val Acc: 0.5504
EPOCH 295 |  Train Loss: 0.2295  Train Acc: 0.8644    Val Loss: 2.0657  Val Acc: 0.5458
EPOCH 296 |  Train Loss: 0.2509  Train Acc: 0.8592    Val Loss: 2.1229  Val Acc: 0.5384
EPOCH 297 |  Train Loss: 0.2587  Train Acc: 0.8545    Val Loss: 2.1863  Val Acc: 0.5355
EPOCH 298 |  Train Loss: 0.2312  Train Acc: 0.865    Val Loss: 2.1512  Val Acc: 0.5277
EPOCH 299 |  Train Loss: 0.2342  Train Acc: 0.8596    Val Loss: 2.1549  Val Acc: 0.5327

FINAL TEST ==============================
Loss: 2.4759435653686523 Acc: 0.4998559057712555
