Loading EmbeddingLayer...
Loading BERT...
Loading data...
EPOCH 0 |  Train Loss: 1.9648032188415527  Train Acc: 0.011107406578958035    Val Loss: 1.958674892783165  Val Acc: 0.008851442486047745
EPOCH 1 |  Train Loss: 1.9535369873046875  Train Acc: 0.012422721832990646    Val Loss: 1.947879746556282  Val Acc: 0.009952763095498085
EPOCH 2 |  Train Loss: 1.9430054426193237  Train Acc: 0.013535578735172749    Val Loss: 1.9370649755001068  Val Acc: 0.014534433372318745
EPOCH 3 |  Train Loss: 1.93246328830719  Train Acc: 0.02005922980606556    Val Loss: 1.926135465502739  Val Acc: 0.02307397872209549
EPOCH 4 |  Train Loss: 1.9218350648880005  Train Acc: 0.03473413363099098    Val Loss: 1.9154860824346542  Val Acc: 0.03822145238518715
EPOCH 5 |  Train Loss: 1.9112601280212402  Train Acc: 0.06726901233196259    Val Loss: 1.9048077762126923  Val Acc: 0.07967373728752136
EPOCH 6 |  Train Loss: 1.900978446006775  Train Acc: 0.13081173598766327    Val Loss: 1.894091710448265  Val Acc: 0.17224067449569702
EPOCH 7 |  Train Loss: 1.8903833627700806  Train Acc: 0.22241540253162384    Val Loss: 1.8833388984203339  Val Acc: 0.2784687280654907
EPOCH 8 |  Train Loss: 1.8801145553588867  Train Acc: 0.3201603293418884    Val Loss: 1.8729215115308762  Val Acc: 0.3705882430076599
EPOCH 9 |  Train Loss: 1.8696900606155396  Train Acc: 0.3929804265499115    Val Loss: 1.8618442565202713  Val Acc: 0.4348972737789154
EPOCH 10 |  Train Loss: 1.859262466430664  Train Acc: 0.4383375942707062    Val Loss: 1.8513821959495544  Val Acc: 0.48298758268356323
EPOCH 11 |  Train Loss: 1.8490551710128784  Train Acc: 0.46212708950042725    Val Loss: 1.8412278443574905  Val Acc: 0.5029554963111877
EPOCH 12 |  Train Loss: 1.838673710823059  Train Acc: 0.474712610244751    Val Loss: 1.8305023163557053  Val Acc: 0.5108411312103271
EPOCH 13 |  Train Loss: 1.8281365633010864  Train Acc: 0.479595422744751    Val Loss: 1.8199239075183868  Val Acc: 0.5168360471725464
EPOCH 14 |  Train Loss: 1.818468689918518  Train Acc: 0.4808180630207062    Val Loss: 1.8096848875284195  Val Acc: 0.5168037414550781
EPOCH 15 |  Train Loss: 1.807936191558838  Train Acc: 0.4846409857273102    Val Loss: 1.79917012155056  Val Acc: 0.5183632373809814
EPOCH 16 |  Train Loss: 1.7976702451705933  Train Acc: 0.4865107536315918    Val Loss: 1.788927435874939  Val Acc: 0.5190171599388123
EPOCH 17 |  Train Loss: 1.7869786024093628  Train Acc: 0.48701223731040955    Val Loss: 1.7773683071136475  Val Acc: 0.5195269584655762
EPOCH 18 |  Train Loss: 1.777117371559143  Train Acc: 0.48710885643959045    Val Loss: 1.7676376104354858  Val Acc: 0.5184664726257324
EPOCH 19 |  Train Loss: 1.7666419744491577  Train Acc: 0.4877995550632477    Val Loss: 1.7567871361970901  Val Acc: 0.5198904871940613
EPOCH 20 |  Train Loss: 1.7560440301895142  Train Acc: 0.4886530935764313    Val Loss: 1.7468309253454208  Val Acc: 0.5198280811309814
EPOCH 21 |  Train Loss: 1.7467929124832153  Train Acc: 0.4877730906009674    Val Loss: 1.7354713529348373  Val Acc: 0.5194430351257324
EPOCH 22 |  Train Loss: 1.7359517812728882  Train Acc: 0.4881250858306885    Val Loss: 1.726225808262825  Val Acc: 0.5193182826042175
EPOCH 23 |  Train Loss: 1.7246317863464355  Train Acc: 0.48759713768959045    Val Loss: 1.7149760276079178  Val Acc: 0.5203163623809814
EPOCH 24 |  Train Loss: 1.7160791158676147  Train Acc: 0.4863651692867279    Val Loss: 1.7043585628271103  Val Acc: 0.5199421048164368
EPOCH 25 |  Train Loss: 1.7036800384521484  Train Acc: 0.48900508880615234    Val Loss: 1.6937243044376373  Val Acc: 0.5191935300827026
EPOCH 26 |  Train Loss: 1.6928887367248535  Train Acc: 0.4891810417175293    Val Loss: 1.6836062967777252  Val Acc: 0.5200668573379517
EPOCH 27 |  Train Loss: 1.6841219663619995  Train Acc: 0.48706912994384766    Val Loss: 1.6745333969593048  Val Acc: 0.5186945199966431
EPOCH 28 |  Train Loss: 1.674677848815918  Train Acc: 0.4886530935764313    Val Loss: 1.6634007841348648  Val Acc: 0.5191935300827026
EPOCH 29 |  Train Loss: 1.6645904779434204  Train Acc: 0.4861891567707062    Val Loss: 1.65267875790596  Val Acc: 0.5196301937103271
EPOCH 30 |  Train Loss: 1.6538788080215454  Train Acc: 0.4874211251735687    Val Loss: 1.6416127383708954  Val Acc: 0.5189440250396729
EPOCH 31 |  Train Loss: 1.6440626382827759  Train Acc: 0.4874211251735687    Val Loss: 1.630531594157219  Val Acc: 0.5199421048164368
EPOCH 32 |  Train Loss: 1.6343735456466675  Train Acc: 0.48706912994384766    Val Loss: 1.62153160572052  Val Acc: 0.5196301937103271
EPOCH 33 |  Train Loss: 1.6244462728500366  Train Acc: 0.4877730906009674    Val Loss: 1.6098794341087341  Val Acc: 0.5195678472518921
EPOCH 34 |  Train Loss: 1.6143051385879517  Train Acc: 0.4861891567707062    Val Loss: 1.599149689078331  Val Acc: 0.5198796987533569
EPOCH 35 |  Train Loss: 1.604516625404358  Train Acc: 0.4872451722621918    Val Loss: 1.5906077772378922  Val Acc: 0.5192559361457825
EPOCH 36 |  Train Loss: 1.5941816568374634  Train Acc: 0.4874211251735687    Val Loss: 1.577308177947998  Val Acc: 0.5201292037963867
EPOCH 37 |  Train Loss: 1.5837353467941284  Train Acc: 0.48900508880615234    Val Loss: 1.5687259584665298  Val Acc: 0.5200044512748718
EPOCH 38 |  Train Loss: 1.5742589235305786  Train Acc: 0.48706912994384766    Val Loss: 1.5599808543920517  Val Acc: 0.5192559361457825
EPOCH 39 |  Train Loss: 1.564416766166687  Train Acc: 0.48706912994384766    Val Loss: 1.5498794615268707  Val Acc: 0.5196301937103271
EPOCH 40 |  Train Loss: 1.5548468828201294  Train Acc: 0.4881250858306885    Val Loss: 1.5363744050264359  Val Acc: 0.5193182826042175
EPOCH 41 |  Train Loss: 1.5441476106643677  Train Acc: 0.4883011281490326    Val Loss: 1.5291547775268555  Val Acc: 0.5193182826042175
EPOCH 42 |  Train Loss: 1.5368975400924683  Train Acc: 0.4868931770324707    Val Loss: 1.5184344947338104  Val Acc: 0.5195054411888123
EPOCH 43 |  Train Loss: 1.522873878479004  Train Acc: 0.48953303694725037    Val Loss: 1.5075975805521011  Val Acc: 0.5195678472518921
EPOCH 44 |  Train Loss: 1.5152908563613892  Train Acc: 0.4881250858306885    Val Loss: 1.5004787743091583  Val Acc: 0.5200668573379517
EPOCH 45 |  Train Loss: 1.5061286687850952  Train Acc: 0.48900508880615234    Val Loss: 1.4909294843673706  Val Acc: 0.5193806886672974
EPOCH 46 |  Train Loss: 1.4974703788757324  Train Acc: 0.4877730906009674    Val Loss: 1.481014147400856  Val Acc: 0.5190687775611877
EPOCH 47 |  Train Loss: 1.4869095087051392  Train Acc: 0.4881250858306885    Val Loss: 1.4723835289478302  Val Acc: 0.5209401845932007
EPOCH 48 |  Train Loss: 1.4795122146606445  Train Acc: 0.4879491329193115    Val Loss: 1.4630625247955322  Val Acc: 0.5186321139335632
EPOCH 49 |  Train Loss: 1.469924807548523  Train Acc: 0.4872451722621918    Val Loss: 1.451715350151062  Val Acc: 0.5206282734870911
EPOCH 50 |  Train Loss: 1.4586105346679688  Train Acc: 0.48900508880615234    Val Loss: 1.4426831603050232  Val Acc: 0.5194430351257324
EPOCH 51 |  Train Loss: 1.4506887197494507  Train Acc: 0.48759713768959045    Val Loss: 1.433578446507454  Val Acc: 0.5193806886672974
EPOCH 52 |  Train Loss: 1.4411253929138184  Train Acc: 0.48706912994384766    Val Loss: 1.4242250323295593  Val Acc: 0.5198796987533569
EPOCH 53 |  Train Loss: 1.4322856664657593  Train Acc: 0.48759713768959045    Val Loss: 1.4164877533912659  Val Acc: 0.519754946231842
EPOCH 54 |  Train Loss: 1.4231051206588745  Train Acc: 0.4867171347141266    Val Loss: 1.40532386302948  Val Acc: 0.5196925401687622
EPOCH 55 |  Train Loss: 1.4141682386398315  Train Acc: 0.4888290464878082    Val Loss: 1.3942126035690308  Val Acc: 0.5193182826042175
EPOCH 56 |  Train Loss: 1.4058732986450195  Train Acc: 0.4886530935764313    Val Loss: 1.3906798511743546  Val Acc: 0.5196301937103271
EPOCH 57 |  Train Loss: 1.3968197107315063  Train Acc: 0.48847708106040955    Val Loss: 1.382607027888298  Val Acc: 0.518881618976593
EPOCH 58 |  Train Loss: 1.3888047933578491  Train Acc: 0.4893570840358734    Val Loss: 1.3711729794740677  Val Acc: 0.5193182826042175
EPOCH 59 |  Train Loss: 1.3784843683242798  Train Acc: 0.4888290464878082    Val Loss: 1.3645123839378357  Val Acc: 0.518819272518158
EPOCH 60 |  Train Loss: 1.372127890586853  Train Acc: 0.48847708106040955    Val Loss: 1.3565863519906998  Val Acc: 0.5189440250396729
EPOCH 61 |  Train Loss: 1.3648592233657837  Train Acc: 0.4872451722621918    Val Loss: 1.347417101264  Val Acc: 0.5184450149536133
EPOCH 62 |  Train Loss: 1.3573188781738281  Train Acc: 0.48706912994384766    Val Loss: 1.3376004993915558  Val Acc: 0.5193182826042175
EPOCH 63 |  Train Loss: 1.3477290868759155  Train Acc: 0.4891810417175293    Val Loss: 1.328911930322647  Val Acc: 0.5196301937103271
EPOCH 64 |  Train Loss: 1.3418282270431519  Train Acc: 0.4863651692867279    Val Loss: 1.320520505309105  Val Acc: 0.5199421048164368
EPOCH 65 |  Train Loss: 1.3343844413757324  Train Acc: 0.48759713768959045    Val Loss: 1.3134444802999496  Val Acc: 0.5193182826042175
EPOCH 66 |  Train Loss: 1.3265186548233032  Train Acc: 0.4888290464878082    Val Loss: 1.305662214756012  Val Acc: 0.5193806886672974
EPOCH 67 |  Train Loss: 1.317924976348877  Train Acc: 0.48900508880615234    Val Loss: 1.3001220375299454  Val Acc: 0.5187568664550781
EPOCH 68 |  Train Loss: 1.3113620281219482  Train Acc: 0.48988500237464905    Val Loss: 1.2896218746900558  Val Acc: 0.5195054411888123
EPOCH 69 |  Train Loss: 1.3018709421157837  Train Acc: 0.4877730906009674    Val Loss: 1.2831062227487564  Val Acc: 0.519754946231842
EPOCH 70 |  Train Loss: 1.2961747646331787  Train Acc: 0.48566117882728577    Val Loss: 1.2746006548404694  Val Acc: 0.5195678472518921
EPOCH 71 |  Train Loss: 1.2884809970855713  Train Acc: 0.48847708106040955    Val Loss: 1.2641065865755081  Val Acc: 0.5202540159225464
EPOCH 72 |  Train Loss: 1.2811635732650757  Train Acc: 0.4883011281490326    Val Loss: 1.2587918192148209  Val Acc: 0.5195678472518921
EPOCH 73 |  Train Loss: 1.277606725692749  Train Acc: 0.4872451722621918    Val Loss: 1.2564204186201096  Val Acc: 0.5185073614120483
EPOCH 74 |  Train Loss: 1.2700425386428833  Train Acc: 0.4883011281490326    Val Loss: 1.2451798766851425  Val Acc: 0.5195054411888123
EPOCH 75 |  Train Loss: 1.2608764171600342  Train Acc: 0.4877730906009674    Val Loss: 1.2380787581205368  Val Acc: 0.5200668573379517
EPOCH 76 |  Train Loss: 1.254441499710083  Train Acc: 0.48759713768959045    Val Loss: 1.2326669991016388  Val Acc: 0.5190687775611877
EPOCH 77 |  Train Loss: 1.2490026950836182  Train Acc: 0.4868931770324707    Val Loss: 1.223044902086258  Val Acc: 0.5190687775611877
EPOCH 78 |  Train Loss: 1.2400741577148438  Train Acc: 0.4897090494632721    Val Loss: 1.2216087877750397  Val Acc: 0.5195054411888123
EPOCH 79 |  Train Loss: 1.2386821508407593  Train Acc: 0.48601317405700684    Val Loss: 1.2118429392576218  Val Acc: 0.5195678472518921
EPOCH 80 |  Train Loss: 1.228623390197754  Train Acc: 0.48706912994384766    Val Loss: 1.2043721079826355  Val Acc: 0.5193806886672974
EPOCH 81 |  Train Loss: 1.2225871086120605  Train Acc: 0.4886530935764313    Val Loss: 1.2009323090314865  Val Acc: 0.5201292037963867
EPOCH 82 |  Train Loss: 1.2170244455337524  Train Acc: 0.4877730906009674    Val Loss: 1.1930631399154663  Val Acc: 0.5199421048164368
EPOCH 83 |  Train Loss: 1.2098554372787476  Train Acc: 0.4881250858306885    Val Loss: 1.1900222897529602  Val Acc: 0.5196925401687622
EPOCH 84 |  Train Loss: 1.2070279121398926  Train Acc: 0.4863651692867279    Val Loss: 1.184560239315033  Val Acc: 0.5195054411888123
EPOCH 85 |  Train Loss: 1.2025864124298096  Train Acc: 0.4868931770324707    Val Loss: 1.1766670644283295  Val Acc: 0.5198796987533569
EPOCH 86 |  Train Loss: 1.195771336555481  Train Acc: 0.4886530935764313    Val Loss: 1.1715333610773087  Val Acc: 0.5196925401687622
EPOCH 87 |  Train Loss: 1.1876875162124634  Train Acc: 0.49006104469299316    Val Loss: 1.1640397161245346  Val Acc: 0.519754946231842
EPOCH 88 |  Train Loss: 1.1850353479385376  Train Acc: 0.48706912994384766    Val Loss: 1.1603660434484482  Val Acc: 0.5191311836242676
EPOCH 89 |  Train Loss: 1.1772814989089966  Train Acc: 0.48953303694725037    Val Loss: 1.152000218629837  Val Acc: 0.5185697674751282
EPOCH 90 |  Train Loss: 1.1724408864974976  Train Acc: 0.4881250858306885    Val Loss: 1.1461144536733627  Val Acc: 0.5209401845932007
EPOCH 91 |  Train Loss: 1.1678352355957031  Train Acc: 0.4888290464878082    Val Loss: 1.1434541940689087  Val Acc: 0.519754946231842
EPOCH 92 |  Train Loss: 1.1603119373321533  Train Acc: 0.48900508880615234    Val Loss: 1.1392977386713028  Val Acc: 0.5201292037963867
EPOCH 93 |  Train Loss: 1.1572446823120117  Train Acc: 0.48847708106040955    Val Loss: 1.1346236914396286  Val Acc: 0.5199421048164368
EPOCH 94 |  Train Loss: 1.1535799503326416  Train Acc: 0.4877730906009674    Val Loss: 1.126817837357521  Val Acc: 0.5206906795501709
EPOCH 95 |  Train Loss: 1.1488659381866455  Train Acc: 0.4872451722621918    Val Loss: 1.1254568696022034  Val Acc: 0.5204411149024963
EPOCH 96 |  Train Loss: 1.1452096700668335  Train Acc: 0.48759713768959045    Val Loss: 1.1191745102405548  Val Acc: 0.5194430351257324
EPOCH 97 |  Train Loss: 1.138666033744812  Train Acc: 0.4879491329193115    Val Loss: 1.113348364830017  Val Acc: 0.5201916098594666
EPOCH 98 |  Train Loss: 1.1365071535110474  Train Acc: 0.4868931770324707    Val Loss: 1.1122658997774124  Val Acc: 0.5193182826042175
EPOCH 99 |  Train Loss: 1.127455711364746  Train Acc: 0.4883011281490326    Val Loss: 1.1059252619743347  Val Acc: 0.5198796987533569
EPOCH 100 |  Train Loss: 1.126134991645813  Train Acc: 0.48847708106040955    Val Loss: 1.09874427318573  Val Acc: 0.5200044512748718
EPOCH 101 |  Train Loss: 1.122463345527649  Train Acc: 0.48654115200042725    Val Loss: 1.0982225239276886  Val Acc: 0.5190063714981079
EPOCH 102 |  Train Loss: 1.1197909116744995  Train Acc: 0.4868931770324707    Val Loss: 1.0952033996582031  Val Acc: 0.5187568664550781
EPOCH 103 |  Train Loss: 1.1121201515197754  Train Acc: 0.48953303694725037    Val Loss: 1.0862973779439926  Val Acc: 0.5193806886672974
EPOCH 104 |  Train Loss: 1.110162377357483  Train Acc: 0.4874211251735687    Val Loss: 1.0847938731312752  Val Acc: 0.5193806886672974
EPOCH 105 |  Train Loss: 1.1062179803848267  Train Acc: 0.4877730906009674    Val Loss: 1.0771911293268204  Val Acc: 0.5203787684440613
EPOCH 106 |  Train Loss: 1.100847840309143  Train Acc: 0.4893570840358734    Val Loss: 1.0734062790870667  Val Acc: 0.5196925401687622
EPOCH 107 |  Train Loss: 1.0967068672180176  Train Acc: 0.4879491329193115    Val Loss: 1.0676800608634949  Val Acc: 0.5194430351257324
EPOCH 108 |  Train Loss: 1.0936490297317505  Train Acc: 0.48900508880615234    Val Loss: 1.0653614103794098  Val Acc: 0.5198173522949219
EPOCH 109 |  Train Loss: 1.0884603261947632  Train Acc: 0.4879491329193115    Val Loss: 1.063116267323494  Val Acc: 0.5193182826042175
EPOCH 110 |  Train Loss: 1.0879820585250854  Train Acc: 0.48654115200042725    Val Loss: 1.0566612929105759  Val Acc: 0.5204411149024963
EPOCH 111 |  Train Loss: 1.083807349205017  Train Acc: 0.48654115200042725    Val Loss: 1.0556795075535774  Val Acc: 0.5195678472518921
EPOCH 112 |  Train Loss: 1.0828438997268677  Train Acc: 0.4858371913433075    Val Loss: 1.0503997802734375  Val Acc: 0.5196925401687622
EPOCH 113 |  Train Loss: 1.0749449729919434  Train Acc: 0.48847708106040955    Val Loss: 1.046732522547245  Val Acc: 0.5193806886672974
EPOCH 114 |  Train Loss: 1.0744792222976685  Train Acc: 0.4872451722621918    Val Loss: 1.0462041720747948  Val Acc: 0.5195054411888123
EPOCH 115 |  Train Loss: 1.0673612356185913  Train Acc: 0.4886530935764313    Val Loss: 1.0390146598219872  Val Acc: 0.5201916098594666
EPOCH 116 |  Train Loss: 1.0657798051834106  Train Acc: 0.48654115200042725    Val Loss: 1.037855863571167  Val Acc: 0.5190063714981079
EPOCH 117 |  Train Loss: 1.0622507333755493  Train Acc: 0.48759713768959045    Val Loss: 1.034997932612896  Val Acc: 0.5193806886672974
EPOCH 118 |  Train Loss: 1.060410499572754  Train Acc: 0.4867171347141266    Val Loss: 1.0313175395131111  Val Acc: 0.5193806886672974
EPOCH 119 |  Train Loss: 1.0545340776443481  Train Acc: 0.48900508880615234    Val Loss: 1.0292308330535889  Val Acc: 0.5190063714981079
EPOCH 120 |  Train Loss: 1.0527534484863281  Train Acc: 0.4888290464878082    Val Loss: 1.0224393606185913  Val Acc: 0.5196301937103271
EPOCH 121 |  Train Loss: 1.0521326065063477  Train Acc: 0.48759713768959045    Val Loss: 1.0228079557418823  Val Acc: 0.5199421048164368
EPOCH 122 |  Train Loss: 1.049021601676941  Train Acc: 0.4863651692867279    Val Loss: 1.0187039971351624  Val Acc: 0.5187568664550781
EPOCH 123 |  Train Loss: 1.04356849193573  Train Acc: 0.48900508880615234    Val Loss: 1.014921896159649  Val Acc: 0.5193806886672974
EPOCH 124 |  Train Loss: 1.042741298675537  Train Acc: 0.48706912994384766    Val Loss: 1.0135772079229355  Val Acc: 0.5186321139335632
EPOCH 125 |  Train Loss: 1.0370632410049438  Train Acc: 0.4888290464878082    Val Loss: 1.0101712718605995  Val Acc: 0.5193806886672974
EPOCH 126 |  Train Loss: 1.0379142761230469  Train Acc: 0.4867171347141266    Val Loss: 1.0060270577669144  Val Acc: 0.5205658674240112
EPOCH 127 |  Train Loss: 1.034226417541504  Train Acc: 0.4872451722621918    Val Loss: 1.0015969723463058  Val Acc: 0.5201292037963867
EPOCH 128 |  Train Loss: 1.0310736894607544  Train Acc: 0.4868931770324707    Val Loss: 1.000707522034645  Val Acc: 0.5201916098594666
EPOCH 129 |  Train Loss: 1.0269302129745483  Train Acc: 0.4883011281490326    Val Loss: 0.9980072379112244  Val Acc: 0.5193182826042175
EPOCH 130 |  Train Loss: 1.0253031253814697  Train Acc: 0.48847708106040955    Val Loss: 0.996234580874443  Val Acc: 0.5191311836242676
EPOCH 131 |  Train Loss: 1.0229800939559937  Train Acc: 0.48759713768959045    Val Loss: 0.9943630620837212  Val Acc: 0.5195054411888123
EPOCH 132 |  Train Loss: 1.0212968587875366  Train Acc: 0.4867171347141266    Val Loss: 0.9904013574123383  Val Acc: 0.5187568664550781
EPOCH 133 |  Train Loss: 1.015864372253418  Train Acc: 0.48847708106040955    Val Loss: 0.9883993789553642  Val Acc: 0.5190687775611877
EPOCH 134 |  Train Loss: 1.0136662721633911  Train Acc: 0.4879491329193115    Val Loss: 0.9824457243084908  Val Acc: 0.5201292037963867
EPOCH 135 |  Train Loss: 1.0124276876449585  Train Acc: 0.48706912994384766    Val Loss: 0.9821968525648117  Val Acc: 0.5198173522949219
EPOCH 136 |  Train Loss: 1.0133886337280273  Train Acc: 0.48601317405700684    Val Loss: 0.9772292003035545  Val Acc: 0.5195054411888123
EPOCH 137 |  Train Loss: 1.008242130279541  Train Acc: 0.4883011281490326    Val Loss: 0.9767020717263222  Val Acc: 0.5193182826042175
EPOCH 138 |  Train Loss: 1.006339430809021  Train Acc: 0.4877730906009674    Val Loss: 0.9735554531216621  Val Acc: 0.5196925401687622
EPOCH 139 |  Train Loss: 1.0050278902053833  Train Acc: 0.4863651692867279    Val Loss: 0.9729010686278343  Val Acc: 0.5195054411888123
EPOCH 140 |  Train Loss: 1.0027967691421509  Train Acc: 0.4861891567707062    Val Loss: 0.9713633060455322  Val Acc: 0.5193806886672974
EPOCH 141 |  Train Loss: 0.9975623488426208  Train Acc: 0.48988500237464905    Val Loss: 0.9692126885056496  Val Acc: 0.5196925401687622
EPOCH 142 |  Train Loss: 0.9985288977622986  Train Acc: 0.4867171347141266    Val Loss: 0.9666663631796837  Val Acc: 0.5190687775611877
EPOCH 143 |  Train Loss: 0.9927206039428711  Train Acc: 0.48900508880615234    Val Loss: 0.9667066410183907  Val Acc: 0.5191311836242676
EPOCH 144 |  Train Loss: 0.9911417365074158  Train Acc: 0.4886530935764313    Val Loss: 0.9617134928703308  Val Acc: 0.5192559361457825
EPOCH 145 |  Train Loss: 0.9910243153572083  Train Acc: 0.4872451722621918    Val Loss: 0.9583617597818375  Val Acc: 0.5196301937103271
EPOCH 146 |  Train Loss: 0.9888110756874084  Train Acc: 0.4883011281490326    Val Loss: 0.9551257267594337  Val Acc: 0.519754946231842
EPOCH 147 |  Train Loss: 0.9854274392127991  Train Acc: 0.4879491329193115    Val Loss: 0.953528881072998  Val Acc: 0.5198173522949219
EPOCH 148 |  Train Loss: 0.9849341511726379  Train Acc: 0.4867171347141266    Val Loss: 0.9510011672973633  Val Acc: 0.5193806886672974
EPOCH 149 |  Train Loss: 0.9811771512031555  Train Acc: 0.4886530935764313    Val Loss: 0.9513847753405571  Val Acc: 0.5198796987533569
EPOCH 150 |  Train Loss: 0.9776045680046082  Train Acc: 0.4902369976043701    Val Loss: 0.9465264901518822  Val Acc: 0.5200668573379517
EPOCH 151 |  Train Loss: 0.9813335537910461  Train Acc: 0.4861891567707062    Val Loss: 0.9480845034122467  Val Acc: 0.5190687775611877
EPOCH 152 |  Train Loss: 0.9783632755279541  Train Acc: 0.4872451722621918    Val Loss: 0.9460731446743011  Val Acc: 0.5193806886672974
EPOCH 153 |  Train Loss: 0.9762644171714783  Train Acc: 0.48706912994384766    Val Loss: 0.942482978105545  Val Acc: 0.5201916098594666
EPOCH 154 |  Train Loss: 0.9716002941131592  Train Acc: 0.4883011281490326    Val Loss: 0.9410499036312103  Val Acc: 0.5198796987533569
EPOCH 155 |  Train Loss: 0.9711203575134277  Train Acc: 0.48847708106040955    Val Loss: 0.9405342862010002  Val Acc: 0.5196301937103271
EPOCH 156 |  Train Loss: 0.9702998995780945  Train Acc: 0.4879491329193115    Val Loss: 0.9393829330801964  Val Acc: 0.5194430351257324
EPOCH 157 |  Train Loss: 0.973095715045929  Train Acc: 0.48566117882728577    Val Loss: 0.9369804114103317  Val Acc: 0.5198173522949219
EPOCH 158 |  Train Loss: 0.9659192562103271  Train Acc: 0.48759713768959045    Val Loss: 0.9334764257073402  Val Acc: 0.5199421048164368
EPOCH 159 |  Train Loss: 0.9651620388031006  Train Acc: 0.48759713768959045    Val Loss: 0.9330365210771561  Val Acc: 0.5190687775611877
EPOCH 160 |  Train Loss: 0.9619629383087158  Train Acc: 0.4877730906009674    Val Loss: 0.9305532798171043  Val Acc: 0.5186945199966431
EPOCH 161 |  Train Loss: 0.9615418314933777  Train Acc: 0.4883011281490326    Val Loss: 0.9284792467951775  Val Acc: 0.5203787684440613
EPOCH 162 |  Train Loss: 0.9607172012329102  Train Acc: 0.4861891567707062    Val Loss: 0.9271152094006538  Val Acc: 0.5198173522949219
EPOCH 163 |  Train Loss: 0.9596547484397888  Train Acc: 0.48706912994384766    Val Loss: 0.9231294840574265  Val Acc: 0.5205035209655762
EPOCH 164 |  Train Loss: 0.9559758305549622  Train Acc: 0.4886530935764313    Val Loss: 0.9206234142184258  Val Acc: 0.5198173522949219
EPOCH 165 |  Train Loss: 0.9539455771446228  Train Acc: 0.4883011281490326    Val Loss: 0.9224827438592911  Val Acc: 0.5194430351257324
EPOCH 166 |  Train Loss: 0.9534752368927002  Train Acc: 0.48759713768959045    Val Loss: 0.9214302748441696  Val Acc: 0.5192559361457825
EPOCH 167 |  Train Loss: 0.9515981674194336  Train Acc: 0.48706912994384766    Val Loss: 0.9179564416408539  Val Acc: 0.5195678472518921
EPOCH 168 |  Train Loss: 0.9509592056274414  Train Acc: 0.48654115200042725    Val Loss: 0.9181868061423302  Val Acc: 0.5193806886672974
EPOCH 169 |  Train Loss: 0.9471068978309631  Train Acc: 0.4883011281490326    Val Loss: 0.9160754904150963  Val Acc: 0.5196925401687622
EPOCH 170 |  Train Loss: 0.9507349133491516  Train Acc: 0.4858371913433075    Val Loss: 0.9153686314821243  Val Acc: 0.5194430351257324
EPOCH 171 |  Train Loss: 0.9464173316955566  Train Acc: 0.4872451722621918    Val Loss: 0.9112732633948326  Val Acc: 0.5201916098594666
EPOCH 172 |  Train Loss: 0.9448866248130798  Train Acc: 0.4872451722621918    Val Loss: 0.9129913151264191  Val Acc: 0.5195054411888123
EPOCH 173 |  Train Loss: 0.9445413947105408  Train Acc: 0.4874211251735687    Val Loss: 0.9101356565952301  Val Acc: 0.5194430351257324
EPOCH 174 |  Train Loss: 0.9407454133033752  Train Acc: 0.48847708106040955    Val Loss: 0.9081773236393929  Val Acc: 0.5196925401687622
EPOCH 175 |  Train Loss: 0.9387803077697754  Train Acc: 0.48847708106040955    Val Loss: 0.9099390506744385  Val Acc: 0.5185697674751282
EPOCH 176 |  Train Loss: 0.9384323954582214  Train Acc: 0.4886530935764313    Val Loss: 0.9042574539780617  Val Acc: 0.5193806886672974
EPOCH 177 |  Train Loss: 0.9363935589790344  Train Acc: 0.4883011281490326    Val Loss: 0.9073449596762657  Val Acc: 0.5190063714981079
EPOCH 178 |  Train Loss: 0.9356094002723694  Train Acc: 0.4886530935764313    Val Loss: 0.9036498293280602  Val Acc: 0.5198796987533569
EPOCH 179 |  Train Loss: 0.936083972454071  Train Acc: 0.4868931770324707    Val Loss: 0.9016046673059464  Val Acc: 0.5193806886672974
EPOCH 180 |  Train Loss: 0.9333826899528503  Train Acc: 0.4868931770324707    Val Loss: 0.9038733690977097  Val Acc: 0.5185073614120483
EPOCH 181 |  Train Loss: 0.9304382801055908  Train Acc: 0.4883011281490326    Val Loss: 0.8991720899939537  Val Acc: 0.519754946231842
EPOCH 182 |  Train Loss: 0.9308686256408691  Train Acc: 0.4886530935764313    Val Loss: 0.8972330093383789  Val Acc: 0.5190063714981079
EPOCH 183 |  Train Loss: 0.930293619632721  Train Acc: 0.48847708106040955    Val Loss: 0.8975470438599586  Val Acc: 0.5193182826042175
EPOCH 184 |  Train Loss: 0.9237003922462463  Train Acc: 0.4902369976043701    Val Loss: 0.8952702879905701  Val Acc: 0.5196301937103271
EPOCH 185 |  Train Loss: 0.9253944754600525  Train Acc: 0.4902369976043701    Val Loss: 0.8959032222628593  Val Acc: 0.5193182826042175
EPOCH 186 |  Train Loss: 0.9254190325737  Train Acc: 0.4883011281490326    Val Loss: 0.8926609009504318  Val Acc: 0.5193806886672974
EPOCH 187 |  Train Loss: 0.9252336621284485  Train Acc: 0.48706912994384766    Val Loss: 0.8905965015292168  Val Acc: 0.5193806886672974
EPOCH 188 |  Train Loss: 0.9278931021690369  Train Acc: 0.4853092133998871    Val Loss: 0.892765000462532  Val Acc: 0.5193182826042175
EPOCH 189 |  Train Loss: 0.9200265407562256  Train Acc: 0.48900508880615234    Val Loss: 0.891929030418396  Val Acc: 0.5190063714981079
EPOCH 190 |  Train Loss: 0.9211480617523193  Train Acc: 0.4881250858306885    Val Loss: 0.8891600295901299  Val Acc: 0.5194430351257324
EPOCH 191 |  Train Loss: 0.9253968596458435  Train Acc: 0.48566117882728577    Val Loss: 0.886799730360508  Val Acc: 0.5196301937103271
EPOCH 192 |  Train Loss: 0.9194409847259521  Train Acc: 0.48706912994384766    Val Loss: 0.8879823386669159  Val Acc: 0.5191311836242676
EPOCH 193 |  Train Loss: 0.918112576007843  Train Acc: 0.48759713768959045    Val Loss: 0.8874483555555344  Val Acc: 0.5193806886672974
EPOCH 194 |  Train Loss: 0.9180349707603455  Train Acc: 0.4874211251735687    Val Loss: 0.8861436396837234  Val Acc: 0.5190687775611877
EPOCH 195 |  Train Loss: 0.9132706522941589  Train Acc: 0.4891810417175293    Val Loss: 0.8829628974199295  Val Acc: 0.5195678472518921
EPOCH 196 |  Train Loss: 0.9167081713676453  Train Acc: 0.4874211251735687    Val Loss: 0.881825715303421  Val Acc: 0.5195054411888123
EPOCH 197 |  Train Loss: 0.9137852787971497  Train Acc: 0.48847708106040955    Val Loss: 0.8795714974403381  Val Acc: 0.5195054411888123
EPOCH 198 |  Train Loss: 0.9149919152259827  Train Acc: 0.4872451722621918    Val Loss: 0.8827565461397171  Val Acc: 0.518819272518158
EPOCH 199 |  Train Loss: 0.9150020480155945  Train Acc: 0.4861891567707062    Val Loss: 0.8793949261307716  Val Acc: 0.5198173522949219
EPOCH 200 |  Train Loss: 0.9118779301643372  Train Acc: 0.48706912994384766    Val Loss: 0.8779396861791611  Val Acc: 0.5195678472518921
EPOCH 201 |  Train Loss: 0.9095126986503601  Train Acc: 0.4877730906009674    Val Loss: 0.8783189877867699  Val Acc: 0.5190063714981079
EPOCH 202 |  Train Loss: 0.9078503251075745  Train Acc: 0.4888290464878082    Val Loss: 0.8787641525268555  Val Acc: 0.518819272518158
EPOCH 203 |  Train Loss: 0.9086165428161621  Train Acc: 0.4872451722621918    Val Loss: 0.8741226121783257  Val Acc: 0.5193182826042175
EPOCH 204 |  Train Loss: 0.9055879712104797  Train Acc: 0.48847708106040955    Val Loss: 0.8748468309640884  Val Acc: 0.5190687775611877
EPOCH 205 |  Train Loss: 0.9050619602203369  Train Acc: 0.4886530935764313    Val Loss: 0.8745086938142776  Val Acc: 0.5190063714981079
EPOCH 206 |  Train Loss: 0.903621256351471  Train Acc: 0.48900508880615234    Val Loss: 0.8736303299665451  Val Acc: 0.5194430351257324
EPOCH 207 |  Train Loss: 0.9044129848480225  Train Acc: 0.4874211251735687    Val Loss: 0.8739598765969276  Val Acc: 0.5185697674751282
EPOCH 208 |  Train Loss: 0.9013974070549011  Train Acc: 0.48900508880615234    Val Loss: 0.8709497228264809  Val Acc: 0.5194430351257324
EPOCH 209 |  Train Loss: 0.9051310420036316  Train Acc: 0.4863651692867279    Val Loss: 0.8702453225851059  Val Acc: 0.5195678472518921
EPOCH 210 |  Train Loss: 0.9011303782463074  Train Acc: 0.4879491329193115    Val Loss: 0.8691487610340118  Val Acc: 0.5200044512748718
EPOCH 211 |  Train Loss: 0.8998540043830872  Train Acc: 0.4888290464878082    Val Loss: 0.8673151433467865  Val Acc: 0.5194430351257324
EPOCH 212 |  Train Loss: 0.9001262784004211  Train Acc: 0.48759713768959045    Val Loss: 0.8665193691849709  Val Acc: 0.5194430351257324
EPOCH 213 |  Train Loss: 0.8978884816169739  Train Acc: 0.4881250858306885    Val Loss: 0.866343580186367  Val Acc: 0.5193806886672974
EPOCH 214 |  Train Loss: 0.8952690958976746  Train Acc: 0.4886530935764313    Val Loss: 0.8638495728373528  Val Acc: 0.5196925401687622
EPOCH 215 |  Train Loss: 0.897130012512207  Train Acc: 0.4888290464878082    Val Loss: 0.8639488220214844  Val Acc: 0.5194430351257324
EPOCH 216 |  Train Loss: 0.8978057503700256  Train Acc: 0.48706912994384766    Val Loss: 0.8639500066637993  Val Acc: 0.5190687775611877
EPOCH 217 |  Train Loss: 0.8950662612915039  Train Acc: 0.4879491329193115    Val Loss: 0.8625362291932106  Val Acc: 0.5201916098594666
EPOCH 218 |  Train Loss: 0.8978467583656311  Train Acc: 0.4861891567707062    Val Loss: 0.862140879034996  Val Acc: 0.5194430351257324
EPOCH 219 |  Train Loss: 0.8929758667945862  Train Acc: 0.4881250858306885    Val Loss: 0.861716240644455  Val Acc: 0.5198173522949219
EPOCH 220 |  Train Loss: 0.8950857520103455  Train Acc: 0.48706912994384766    Val Loss: 0.8591926768422127  Val Acc: 0.5196925401687622
EPOCH 221 |  Train Loss: 0.8929389119148254  Train Acc: 0.48759713768959045    Val Loss: 0.8589063808321953  Val Acc: 0.5202540159225464
EPOCH 222 |  Train Loss: 0.890932023525238  Train Acc: 0.4877730906009674    Val Loss: 0.8586769104003906  Val Acc: 0.5193182826042175
EPOCH 223 |  Train Loss: 0.8913213610649109  Train Acc: 0.48706912994384766    Val Loss: 0.8597919568419456  Val Acc: 0.5187568664550781
EPOCH 224 |  Train Loss: 0.8941351771354675  Train Acc: 0.4863651692867279    Val Loss: 0.8581036999821663  Val Acc: 0.5193182826042175
EPOCH 225 |  Train Loss: 0.8885908722877502  Train Acc: 0.4883011281490326    Val Loss: 0.8564722314476967  Val Acc: 0.5196925401687622
EPOCH 226 |  Train Loss: 0.8904561400413513  Train Acc: 0.4868931770324707    Val Loss: 0.8573552519083023  Val Acc: 0.5189440250396729
EPOCH 227 |  Train Loss: 0.8902501463890076  Train Acc: 0.48654115200042725    Val Loss: 0.8541988059878349  Val Acc: 0.5201292037963867
EPOCH 228 |  Train Loss: 0.8880705237388611  Train Acc: 0.48706912994384766    Val Loss: 0.8535885214805603  Val Acc: 0.5196925401687622
EPOCH 229 |  Train Loss: 0.8864825367927551  Train Acc: 0.4879491329193115    Val Loss: 0.8535357415676117  Val Acc: 0.5195054411888123
EPOCH 230 |  Train Loss: 0.8859121799468994  Train Acc: 0.4879491329193115    Val Loss: 0.8521531596779823  Val Acc: 0.5201292037963867
EPOCH 231 |  Train Loss: 0.8852775692939758  Train Acc: 0.4877730906009674    Val Loss: 0.8537251129746437  Val Acc: 0.518881618976593
EPOCH 232 |  Train Loss: 0.8856967091560364  Train Acc: 0.48706912994384766    Val Loss: 0.851501077413559  Val Acc: 0.5196301937103271
EPOCH 233 |  Train Loss: 0.885057270526886  Train Acc: 0.4867171347141266    Val Loss: 0.850470095872879  Val Acc: 0.5196301937103271
EPOCH 234 |  Train Loss: 0.8855166435241699  Train Acc: 0.48654115200042725    Val Loss: 0.8507642522454262  Val Acc: 0.5195678472518921
EPOCH 235 |  Train Loss: 0.8814004063606262  Train Acc: 0.4883011281490326    Val Loss: 0.8483322262763977  Val Acc: 0.5199421048164368
EPOCH 236 |  Train Loss: 0.8819184899330139  Train Acc: 0.48706912994384766    Val Loss: 0.8517414927482605  Val Acc: 0.518819272518158
EPOCH 237 |  Train Loss: 0.8813897967338562  Train Acc: 0.48706912994384766    Val Loss: 0.8481921777129173  Val Acc: 0.5195678472518921
EPOCH 238 |  Train Loss: 0.8793244361877441  Train Acc: 0.4874211251735687    Val Loss: 0.8467652127146721  Val Acc: 0.5193806886672974
EPOCH 239 |  Train Loss: 0.8834088444709778  Train Acc: 0.4858371913433075    Val Loss: 0.8451819643378258  Val Acc: 0.5201916098594666
EPOCH 240 |  Train Loss: 0.8793951869010925  Train Acc: 0.4879491329193115    Val Loss: 0.845684677362442  Val Acc: 0.5201292037963867
EPOCH 241 |  Train Loss: 0.8787439465522766  Train Acc: 0.48759713768959045    Val Loss: 0.8449327200651169  Val Acc: 0.5196301937103271
EPOCH 242 |  Train Loss: 0.8779035210609436  Train Acc: 0.4872451722621918    Val Loss: 0.8456634432077408  Val Acc: 0.5190687775611877
EPOCH 243 |  Train Loss: 0.8773820996284485  Train Acc: 0.4881250858306885    Val Loss: 0.845427118241787  Val Acc: 0.5192559361457825
EPOCH 244 |  Train Loss: 0.8755671381950378  Train Acc: 0.48900508880615234    Val Loss: 0.8423337340354919  Val Acc: 0.5198173522949219
EPOCH 245 |  Train Loss: 0.8753984570503235  Train Acc: 0.4883011281490326    Val Loss: 0.8443086445331573  Val Acc: 0.5191935300827026
EPOCH 246 |  Train Loss: 0.8749871850013733  Train Acc: 0.4874211251735687    Val Loss: 0.842378631234169  Val Acc: 0.5194430351257324
EPOCH 247 |  Train Loss: 0.8745587468147278  Train Acc: 0.4874211251735687    Val Loss: 0.8399748876690865  Val Acc: 0.5199421048164368
EPOCH 248 |  Train Loss: 0.8732779026031494  Train Acc: 0.4883011281490326    Val Loss: 0.8431127816438675  Val Acc: 0.5191935300827026
EPOCH 249 |  Train Loss: 0.872823178768158  Train Acc: 0.4881250858306885    Val Loss: 0.8412838578224182  Val Acc: 0.5190063714981079
EPOCH 250 |  Train Loss: 0.873239278793335  Train Acc: 0.4877730906009674    Val Loss: 0.8385358452796936  Val Acc: 0.5200044512748718
EPOCH 251 |  Train Loss: 0.8724871277809143  Train Acc: 0.4874211251735687    Val Loss: 0.8412140905857086  Val Acc: 0.518881618976593
EPOCH 252 |  Train Loss: 0.8734452724456787  Train Acc: 0.48706912994384766    Val Loss: 0.8405403420329094  Val Acc: 0.5189440250396729
EPOCH 253 |  Train Loss: 0.8735136389732361  Train Acc: 0.4861891567707062    Val Loss: 0.838803194463253  Val Acc: 0.5190687775611877
EPOCH 254 |  Train Loss: 0.8723028302192688  Train Acc: 0.4863651692867279    Val Loss: 0.8374617099761963  Val Acc: 0.5195678472518921
EPOCH 255 |  Train Loss: 0.8691153526306152  Train Acc: 0.4881250858306885    Val Loss: 0.8365005105733871  Val Acc: 0.5198173522949219
EPOCH 256 |  Train Loss: 0.8706653714179993  Train Acc: 0.4877730906009674    Val Loss: 0.8356843665242195  Val Acc: 0.5200044512748718
EPOCH 257 |  Train Loss: 0.8702292442321777  Train Acc: 0.4872451722621918    Val Loss: 0.8374058678746223  Val Acc: 0.5195054411888123
EPOCH 258 |  Train Loss: 0.8696082234382629  Train Acc: 0.48759713768959045    Val Loss: 0.8356939554214478  Val Acc: 0.5196301937103271
EPOCH 259 |  Train Loss: 0.8681669235229492  Train Acc: 0.4872451722621918    Val Loss: 0.8352963328361511  Val Acc: 0.5199421048164368
EPOCH 260 |  Train Loss: 0.8677158951759338  Train Acc: 0.4877730906009674    Val Loss: 0.8367060422897339  Val Acc: 0.5191935300827026
EPOCH 261 |  Train Loss: 0.8687624335289001  Train Acc: 0.4867171347141266    Val Loss: 0.835236944258213  Val Acc: 0.5192559361457825
EPOCH 262 |  Train Loss: 0.8680576682090759  Train Acc: 0.4867171347141266    Val Loss: 0.8342265337705612  Val Acc: 0.5190063714981079
EPOCH 263 |  Train Loss: 0.8638719916343689  Train Acc: 0.4891810417175293    Val Loss: 0.8338887766003609  Val Acc: 0.5195678472518921
EPOCH 264 |  Train Loss: 0.8660669326782227  Train Acc: 0.4877730906009674    Val Loss: 0.8343649655580521  Val Acc: 0.519754946231842
EPOCH 265 |  Train Loss: 0.8674211502075195  Train Acc: 0.48654115200042725    Val Loss: 0.831509567797184  Val Acc: 0.5199421048164368
EPOCH 266 |  Train Loss: 0.8654652237892151  Train Acc: 0.48654115200042725    Val Loss: 0.8321577608585358  Val Acc: 0.5200044512748718
EPOCH 267 |  Train Loss: 0.8636161684989929  Train Acc: 0.4877730906009674    Val Loss: 0.8319473117589951  Val Acc: 0.5190687775611877
EPOCH 268 |  Train Loss: 0.8633071780204773  Train Acc: 0.4883011281490326    Val Loss: 0.8322460278868675  Val Acc: 0.5190687775611877
EPOCH 269 |  Train Loss: 0.8634424209594727  Train Acc: 0.48759713768959045    Val Loss: 0.8313729912042618  Val Acc: 0.5194430351257324
EPOCH 270 |  Train Loss: 0.8614954352378845  Train Acc: 0.4879491329193115    Val Loss: 0.8311873972415924  Val Acc: 0.5190687775611877
EPOCH 271 |  Train Loss: 0.8630611300468445  Train Acc: 0.4872451722621918    Val Loss: 0.8304328620433807  Val Acc: 0.519754946231842
EPOCH 272 |  Train Loss: 0.8606895804405212  Train Acc: 0.4881250858306885    Val Loss: 0.8281938582658768  Val Acc: 0.5198796987533569
EPOCH 273 |  Train Loss: 0.8584606051445007  Train Acc: 0.48988500237464905    Val Loss: 0.8284188881516457  Val Acc: 0.519754946231842
EPOCH 274 |  Train Loss: 0.8627172112464905  Train Acc: 0.4867171347141266    Val Loss: 0.8303734734654427  Val Acc: 0.5200044512748718
EPOCH 275 |  Train Loss: 0.8618877530097961  Train Acc: 0.4868931770324707    Val Loss: 0.8277892917394638  Val Acc: 0.5193806886672974
EPOCH 276 |  Train Loss: 0.8576889038085938  Train Acc: 0.4888290464878082    Val Loss: 0.8275502473115921  Val Acc: 0.5196301937103271
EPOCH 277 |  Train Loss: 0.8588795065879822  Train Acc: 0.4879491329193115    Val Loss: 0.82688919454813  Val Acc: 0.5200044512748718
EPOCH 278 |  Train Loss: 0.8609714508056641  Train Acc: 0.4868931770324707    Val Loss: 0.8278383314609528  Val Acc: 0.5190687775611877
EPOCH 279 |  Train Loss: 0.8606996536254883  Train Acc: 0.4867171347141266    Val Loss: 0.826400637626648  Val Acc: 0.5196925401687622
EPOCH 280 |  Train Loss: 0.8578556180000305  Train Acc: 0.4883011281490326    Val Loss: 0.8255528882145882  Val Acc: 0.5198173522949219
EPOCH 281 |  Train Loss: 0.8599016070365906  Train Acc: 0.48601317405700684    Val Loss: 0.8268912062048912  Val Acc: 0.5189440250396729
EPOCH 282 |  Train Loss: 0.8556902408599854  Train Acc: 0.48847708106040955    Val Loss: 0.8236675187945366  Val Acc: 0.5203787684440613
EPOCH 283 |  Train Loss: 0.8573460578918457  Train Acc: 0.4879491329193115    Val Loss: 0.8245908841490746  Val Acc: 0.5205658674240112
EPOCH 284 |  Train Loss: 0.8548724055290222  Train Acc: 0.48953303694725037    Val Loss: 0.8238316848874092  Val Acc: 0.5200044512748718
EPOCH 285 |  Train Loss: 0.8574482798576355  Train Acc: 0.4874211251735687    Val Loss: 0.8251069337129593  Val Acc: 0.5189440250396729
EPOCH 286 |  Train Loss: 0.8563618063926697  Train Acc: 0.4874211251735687    Val Loss: 0.8222360238432884  Val Acc: 0.5202540159225464
EPOCH 287 |  Train Loss: 0.8532487750053406  Train Acc: 0.4886530935764313    Val Loss: 0.8226958364248276  Val Acc: 0.5194430351257324
EPOCH 288 |  Train Loss: 0.8563189506530762  Train Acc: 0.4868931770324707    Val Loss: 0.8232056424021721  Val Acc: 0.5192559361457825
EPOCH 289 |  Train Loss: 0.8551972508430481  Train Acc: 0.4868931770324707    Val Loss: 0.8228951469063759  Val Acc: 0.5193806886672974
EPOCH 290 |  Train Loss: 0.8553290963172913  Train Acc: 0.4868931770324707    Val Loss: 0.8218950629234314  Val Acc: 0.5206906795501709
EPOCH 291 |  Train Loss: 0.8559522032737732  Train Acc: 0.4863651692867279    Val Loss: 0.8227699548006058  Val Acc: 0.5191935300827026
EPOCH 292 |  Train Loss: 0.8529482483863831  Train Acc: 0.4879491329193115    Val Loss: 0.821399874985218  Val Acc: 0.5198173522949219
EPOCH 293 |  Train Loss: 0.8519446849822998  Train Acc: 0.48953303694725037    Val Loss: 0.8209192305803299  Val Acc: 0.5195054411888123
EPOCH 294 |  Train Loss: 0.8518075942993164  Train Acc: 0.4879491329193115    Val Loss: 0.8205881342291832  Val Acc: 0.5202540159225464
EPOCH 295 |  Train Loss: 0.8540985584259033  Train Acc: 0.4867171347141266    Val Loss: 0.8200126811861992  Val Acc: 0.5195678472518921
EPOCH 296 |  Train Loss: 0.8513317108154297  Train Acc: 0.4881250858306885    Val Loss: 0.8197010904550552  Val Acc: 0.5194430351257324
EPOCH 297 |  Train Loss: 0.8506774306297302  Train Acc: 0.4886530935764313    Val Loss: 0.8205308467149734  Val Acc: 0.5192559361457825
EPOCH 298 |  Train Loss: 0.8503978252410889  Train Acc: 0.4877730906009674    Val Loss: 0.8203835040330887  Val Acc: 0.5189440250396729
EPOCH 299 |  Train Loss: 0.8509818911552429  Train Acc: 0.4879491329193115    Val Loss: 0.8193615451455116  Val Acc: 0.519754946231842

FINAL TEST ==============================
Loss: 0.853651762008667 Acc: 0.492529034614563
