1
The device we will be working on is: cuda
[03/02 11:27:10 d2.engine.defaults]: Model:
GeneralizedRCNN(
  (backbone): ResNet(
    (stem): BasicStem(
      (conv1): Conv2d(
        3, 64, kernel_size=(7, 7), stride=(2, 2), padding=(3, 3), bias=False
        (norm): FrozenBatchNorm2d(num_features=64, eps=1e-05)
      )
    )
    (res2): Sequential(
      (0): BottleneckBlock(
        (shortcut): Conv2d(
          64, 256, kernel_size=(1, 1), stride=(1, 1), bias=False
          (norm): FrozenBatchNorm2d(num_features=256, eps=1e-05)
        )
        (conv1): Conv2d(
          64, 64, kernel_size=(1, 1), stride=(1, 1), bias=False
          (norm): FrozenBatchNorm2d(num_features=64, eps=1e-05)
        )
        (conv2): Conv2d(
          64, 64, kernel_size=(3, 3), stride=(1, 1), padding=(1, 1), bias=False
          (norm): FrozenBatchNorm2d(num_features=64, eps=1e-05)
        )
        (conv3): Conv2d(
          64, 256, kernel_size=(1, 1), stride=(1, 1), bias=False
          (norm): FrozenBatchNorm2d(num_features=256, eps=1e-05)
        )
      )
      (1): BottleneckBlock(
        (conv1): Conv2d(
          256, 64, kernel_size=(1, 1), stride=(1, 1), bias=False
          (norm): FrozenBatchNorm2d(num_features=64, eps=1e-05)
        )
        (conv2): Conv2d(
          64, 64, kernel_size=(3, 3), stride=(1, 1), padding=(1, 1), bias=False
          (norm): FrozenBatchNorm2d(num_features=64, eps=1e-05)
        )
        (conv3): Conv2d(
          64, 256, kernel_size=(1, 1), stride=(1, 1), bias=False
          (norm): FrozenBatchNorm2d(num_features=256, eps=1e-05)
        )
      )
      (2): BottleneckBlock(
        (conv1): Conv2d(
          256, 64, kernel_size=(1, 1), stride=(1, 1), bias=False
          (norm): FrozenBatchNorm2d(num_features=64, eps=1e-05)
        )
        (conv2): Conv2d(
          64, 64, kernel_size=(3, 3), stride=(1, 1), padding=(1, 1), bias=False
          (norm): FrozenBatchNorm2d(num_features=64, eps=1e-05)
        )
        (conv3): Conv2d(
          64, 256, kernel_size=(1, 1), stride=(1, 1), bias=False
          (norm): FrozenBatchNorm2d(num_features=256, eps=1e-05)
        )
      )
    )
    (res3): Sequential(
      (0): BottleneckBlock(
        (shortcut): Conv2d(
          256, 512, kernel_size=(1, 1), stride=(2, 2), bias=False
          (norm): FrozenBatchNorm2d(num_features=512, eps=1e-05)
        )
        (conv1): Conv2d(
          256, 128, kernel_size=(1, 1), stride=(2, 2), bias=False
          (norm): FrozenBatchNorm2d(num_features=128, eps=1e-05)
        )
        (conv2): Conv2d(
          128, 128, kernel_size=(3, 3), stride=(1, 1), padding=(1, 1), bias=False
          (norm): FrozenBatchNorm2d(num_features=128, eps=1e-05)
        )
        (conv3): Conv2d(
          128, 512, kernel_size=(1, 1), stride=(1, 1), bias=False
          (norm): FrozenBatchNorm2d(num_features=512, eps=1e-05)
        )
      )
      (1): BottleneckBlock(
        (conv1): Conv2d(
          512, 128, kernel_size=(1, 1), stride=(1, 1), bias=False
          (norm): FrozenBatchNorm2d(num_features=128, eps=1e-05)
        )
        (conv2): Conv2d(
          128, 128, kernel_size=(3, 3), stride=(1, 1), padding=(1, 1), bias=False
          (norm): FrozenBatchNorm2d(num_features=128, eps=1e-05)
        )
        (conv3): Conv2d(
          128, 512, kernel_size=(1, 1), stride=(1, 1), bias=False
          (norm): FrozenBatchNorm2d(num_features=512, eps=1e-05)
        )
      )
      (2): BottleneckBlock(
        (conv1): Conv2d(
          512, 128, kernel_size=(1, 1), stride=(1, 1), bias=False
          (norm): FrozenBatchNorm2d(num_features=128, eps=1e-05)
        )
        (conv2): Conv2d(
          128, 128, kernel_size=(3, 3), stride=(1, 1), padding=(1, 1), bias=False
          (norm): FrozenBatchNorm2d(num_features=128, eps=1e-05)
        )
        (conv3): Conv2d(
          128, 512, kernel_size=(1, 1), stride=(1, 1), bias=False
          (norm): FrozenBatchNorm2d(num_features=512, eps=1e-05)
        )
      )
      (3): BottleneckBlock(
        (conv1): Conv2d(
          512, 128, kernel_size=(1, 1), stride=(1, 1), bias=False
          (norm): FrozenBatchNorm2d(num_features=128, eps=1e-05)
        )
        (conv2): Conv2d(
          128, 128, kernel_size=(3, 3), stride=(1, 1), padding=(1, 1), bias=False
          (norm): FrozenBatchNorm2d(num_features=128, eps=1e-05)
        )
        (conv3): Conv2d(
          128, 512, kernel_size=(1, 1), stride=(1, 1), bias=False
          (norm): FrozenBatchNorm2d(num_features=512, eps=1e-05)
        )
      )
    )
    (res4): Sequential(
      (0): BottleneckBlock(
        (shortcut): Conv2d(
          512, 1024, kernel_size=(1, 1), stride=(2, 2), bias=False
          (norm): FrozenBatchNorm2d(num_features=1024, eps=1e-05)
        )
        (conv1): Conv2d(
          512, 256, kernel_size=(1, 1), stride=(2, 2), bias=False
          (norm): FrozenBatchNorm2d(num_features=256, eps=1e-05)
        )
        (conv2): Conv2d(
          256, 256, kernel_size=(3, 3), stride=(1, 1), padding=(1, 1), bias=False
          (norm): FrozenBatchNorm2d(num_features=256, eps=1e-05)
        )
        (conv3): Conv2d(
          256, 1024, kernel_size=(1, 1), stride=(1, 1), bias=False
          (norm): FrozenBatchNorm2d(num_features=1024, eps=1e-05)
        )
      )
      (1): BottleneckBlock(
        (conv1): Conv2d(
          1024, 256, kernel_size=(1, 1), stride=(1, 1), bias=False
          (norm): FrozenBatchNorm2d(num_features=256, eps=1e-05)
        )
        (conv2): Conv2d(
          256, 256, kernel_size=(3, 3), stride=(1, 1), padding=(1, 1), bias=False
          (norm): FrozenBatchNorm2d(num_features=256, eps=1e-05)
        )
        (conv3): Conv2d(
          256, 1024, kernel_size=(1, 1), stride=(1, 1), bias=False
          (norm): FrozenBatchNorm2d(num_features=1024, eps=1e-05)
        )
      )
      (2): BottleneckBlock(
        (conv1): Conv2d(
          1024, 256, kernel_size=(1, 1), stride=(1, 1), bias=False
          (norm): FrozenBatchNorm2d(num_features=256, eps=1e-05)
        )
        (conv2): Conv2d(
          256, 256, kernel_size=(3, 3), stride=(1, 1), padding=(1, 1), bias=False
          (norm): FrozenBatchNorm2d(num_features=256, eps=1e-05)
        )
        (conv3): Conv2d(
          256, 1024, kernel_size=(1, 1), stride=(1, 1), bias=False
          (norm): FrozenBatchNorm2d(num_features=1024, eps=1e-05)
        )
      )
      (3): BottleneckBlock(
        (conv1): Conv2d(
          1024, 256, kernel_size=(1, 1), stride=(1, 1), bias=False
          (norm): FrozenBatchNorm2d(num_features=256, eps=1e-05)
        )
        (conv2): Conv2d(
          256, 256, kernel_size=(3, 3), stride=(1, 1), padding=(1, 1), bias=False
          (norm): FrozenBatchNorm2d(num_features=256, eps=1e-05)
        )
        (conv3): Conv2d(
          256, 1024, kernel_size=(1, 1), stride=(1, 1), bias=False
          (norm): FrozenBatchNorm2d(num_features=1024, eps=1e-05)
        )
      )
      (4): BottleneckBlock(
        (conv1): Conv2d(
          1024, 256, kernel_size=(1, 1), stride=(1, 1), bias=False
          (norm): FrozenBatchNorm2d(num_features=256, eps=1e-05)
        )
        (conv2): Conv2d(
          256, 256, kernel_size=(3, 3), stride=(1, 1), padding=(1, 1), bias=False
          (norm): FrozenBatchNorm2d(num_features=256, eps=1e-05)
        )
        (conv3): Conv2d(
          256, 1024, kernel_size=(1, 1), stride=(1, 1), bias=False
          (norm): FrozenBatchNorm2d(num_features=1024, eps=1e-05)
        )
      )
      (5): BottleneckBlock(
        (conv1): Conv2d(
          1024, 256, kernel_size=(1, 1), stride=(1, 1), bias=False
          (norm): FrozenBatchNorm2d(num_features=256, eps=1e-05)
        )
        (conv2): Conv2d(
          256, 256, kernel_size=(3, 3), stride=(1, 1), padding=(1, 1), bias=False
          (norm): FrozenBatchNorm2d(num_features=256, eps=1e-05)
        )
        (conv3): Conv2d(
          256, 1024, kernel_size=(1, 1), stride=(1, 1), bias=False
          (norm): FrozenBatchNorm2d(num_features=1024, eps=1e-05)
        )
      )
    )
  )
  (proposal_generator): RPN(
    (rpn_head): StandardRPNHead(
      (conv): Conv2d(
        1024, 1024, kernel_size=(3, 3), stride=(1, 1), padding=(1, 1)
        (activation): ReLU()
      )
      (objectness_logits): Conv2d(1024, 15, kernel_size=(1, 1), stride=(1, 1))
      (anchor_deltas): Conv2d(1024, 60, kernel_size=(1, 1), stride=(1, 1))
    )
    (anchor_generator): DefaultAnchorGenerator(
      (cell_anchors): BufferList()
    )
  )
  (roi_heads): Res5ROIHeads(
    (pooler): ROIPooler(
      (level_poolers): ModuleList(
        (0): ROIAlign(output_size=(14, 14), spatial_scale=0.0625, sampling_ratio=0, aligned=True)
      )
    )
    (res5): Sequential(
      (0): BottleneckBlock(
        (shortcut): Conv2d(
          1024, 2048, kernel_size=(1, 1), stride=(2, 2), bias=False
          (norm): FrozenBatchNorm2d(num_features=2048, eps=1e-05)
        )
        (conv1): Conv2d(
          1024, 512, kernel_size=(1, 1), stride=(2, 2), bias=False
          (norm): FrozenBatchNorm2d(num_features=512, eps=1e-05)
        )
        (conv2): Conv2d(
          512, 512, kernel_size=(3, 3), stride=(1, 1), padding=(1, 1), bias=False
          (norm): FrozenBatchNorm2d(num_features=512, eps=1e-05)
        )
        (conv3): Conv2d(
          512, 2048, kernel_size=(1, 1), stride=(1, 1), bias=False
          (norm): FrozenBatchNorm2d(num_features=2048, eps=1e-05)
        )
      )
      (1): BottleneckBlock(
        (conv1): Conv2d(
          2048, 512, kernel_size=(1, 1), stride=(1, 1), bias=False
          (norm): FrozenBatchNorm2d(num_features=512, eps=1e-05)
        )
        (conv2): Conv2d(
          512, 512, kernel_size=(3, 3), stride=(1, 1), padding=(1, 1), bias=False
          (norm): FrozenBatchNorm2d(num_features=512, eps=1e-05)
        )
        (conv3): Conv2d(
          512, 2048, kernel_size=(1, 1), stride=(1, 1), bias=False
          (norm): FrozenBatchNorm2d(num_features=2048, eps=1e-05)
        )
      )
      (2): BottleneckBlock(
        (conv1): Conv2d(
          2048, 512, kernel_size=(1, 1), stride=(1, 1), bias=False
          (norm): FrozenBatchNorm2d(num_features=512, eps=1e-05)
        )
        (conv2): Conv2d(
          512, 512, kernel_size=(3, 3), stride=(1, 1), padding=(1, 1), bias=False
          (norm): FrozenBatchNorm2d(num_features=512, eps=1e-05)
        )
        (conv3): Conv2d(
          512, 2048, kernel_size=(1, 1), stride=(1, 1), bias=False
          (norm): FrozenBatchNorm2d(num_features=2048, eps=1e-05)
        )
      )
    )
    (box_predictor): FastRCNNOutputLayers(
      (cls_score): Linear(in_features=2048, out_features=12, bias=True)
      (bbox_pred): Linear(in_features=2048, out_features=44, bias=True)
    )
  )
)
[03/02 11:27:14 d2.data.build]: Removed 0 images with no usable annotations. 5007 images left.
[03/02 11:27:14 d2.data.build]: Distribution of instances among all 11 categories:
|  category  | #instances   |  category  | #instances   |  category  | #instances   |
|:----------:|:-------------|:----------:|:-------------|:----------:|:-------------|
| background | 0            |    car     | 18822        | pedestrian | 8065         |
|            | 0            |            | 0            |            | 0            |
|            | 0            |            | 0            |            | 0            |
|            | 0            |   ignore   | 4977         |            |              |
|   total    | 31864        |            |              |            |              |
[03/02 11:27:14 d2.data.dataset_mapper]: [DatasetMapper] Augmentations used in training: [ResizeShortestEdge(short_edge_length=(640, 672, 704, 736, 768, 800), max_size=1333, sample_style='choice'), RandomFlip()]
[03/02 11:27:14 d2.data.build]: Using training sampler TrainingSampler
[03/02 11:27:14 d2.data.common]: Serializing the dataset using: <class 'detectron2.data.common._TorchSerializedList'>
[03/02 11:27:14 d2.data.common]: Serializing 5007 elements to byte tensors and concatenating them all ...
[03/02 11:27:15 d2.data.common]: Serialized dataset takes 13.56 MiB
[03/02 11:27:15 d2.data.build]: Making batched data loader with batch_size=10
WARNING [03/02 11:27:15 d2.solver.build]: SOLVER.STEPS contains values larger than SOLVER.MAX_ITER. These values will be ignored.
[03/02 11:27:15 d2.checkpoint.detection_checkpoint]: [DetectionCheckpointer] Loading from https://dl.fbaipublicfiles.com/detectron2/COCO-Detection/faster_rcnn_R_50_C4_1x/137257644/model_final_721ade.pkl ...
[03/02 11:27:15 d2.engine.train_loop]: Starting training from iteration 0
[03/02 11:27:59 d2.utils.events]:  eta: 0:40:42  iter: 19  total_loss: 3.443  loss_cls: 2.482  loss_box_reg: 0.4381  loss_rpn_cls: 0.5267  loss_rpn_loc: 0.1364    time: 1.7023  last_time: 1.6506  data_time: 0.2842  last_data_time: 0.0804   lr: 3.9962e-05  max_mem: 20096M
[03/02 11:28:42 d2.utils.events]:  eta: 0:40:08  iter: 39  total_loss: 2.654  loss_cls: 1.639  loss_box_reg: 0.4611  loss_rpn_cls: 0.4526  loss_rpn_loc: 0.1882    time: 1.7244  last_time: 1.6542  data_time: 0.1067  last_data_time: 0.0788   lr: 7.9922e-05  max_mem: 20096M
[03/02 11:29:15 d2.utils.events]:  eta: 0:39:39  iter: 59  total_loss: 1.501  loss_cls: 0.5463  loss_box_reg: 0.4262  loss_rpn_cls: 0.2649  loss_rpn_loc: 0.1553    time: 1.7071  last_time: 1.6737  data_time: 0.1014  last_data_time: 0.1156   lr: 0.00011988  max_mem: 20096M
[03/02 11:29:48 d2.utils.events]:  eta: 0:39:09  iter: 79  total_loss: 1.288  loss_cls: 0.4384  loss_box_reg: 0.458  loss_rpn_cls: 0.1695  loss_rpn_loc: 0.1819    time: 1.6961  last_time: 1.6416  data_time: 0.0996  last_data_time: 0.0799   lr: 0.00015984  max_mem: 20096M
[03/02 11:30:22 d2.utils.events]:  eta: 0:38:48  iter: 99  total_loss: 1.104  loss_cls: 0.3577  loss_box_reg: 0.4303  loss_rpn_cls: 0.1489  loss_rpn_loc: 0.1355    time: 1.6922  last_time: 1.6404  data_time: 0.1043  last_data_time: 0.0872   lr: 0.0001998  max_mem: 20096M
[03/02 11:30:55 d2.utils.events]:  eta: 0:38:17  iter: 119  total_loss: 1.108  loss_cls: 0.3246  loss_box_reg: 0.4705  loss_rpn_cls: 0.1413  loss_rpn_loc: 0.1364    time: 1.6885  last_time: 1.6854  data_time: 0.1041  last_data_time: 0.1110   lr: 0.00023976  max_mem: 20096M
[03/02 11:31:29 d2.utils.events]:  eta: 0:37:45  iter: 139  total_loss: 1.01  loss_cls: 0.2623  loss_box_reg: 0.4494  loss_rpn_cls: 0.1375  loss_rpn_loc: 0.1429    time: 1.6861  last_time: 1.6983  data_time: 0.0952  last_data_time: 0.1057   lr: 0.00027972  max_mem: 20096M
[03/02 11:32:02 d2.utils.events]:  eta: 0:37:14  iter: 159  total_loss: 0.9105  loss_cls: 0.2206  loss_box_reg: 0.4194  loss_rpn_cls: 0.1231  loss_rpn_loc: 0.1364    time: 1.6851  last_time: 1.6555  data_time: 0.0984  last_data_time: 0.1008   lr: 0.00031968  max_mem: 20096M
[03/02 11:32:36 d2.utils.events]:  eta: 0:36:44  iter: 179  total_loss: 0.8595  loss_cls: 0.1807  loss_box_reg: 0.4011  loss_rpn_cls: 0.1183  loss_rpn_loc: 0.1441    time: 1.6846  last_time: 1.7100  data_time: 0.1009  last_data_time: 0.1231   lr: 0.00035964  max_mem: 20096M
[03/02 11:33:09 d2.utils.events]:  eta: 0:36:12  iter: 199  total_loss: 0.764  loss_cls: 0.1635  loss_box_reg: 0.3592  loss_rpn_cls: 0.1154  loss_rpn_loc: 0.1459    time: 1.6836  last_time: 1.6790  data_time: 0.0995  last_data_time: 0.0882   lr: 0.0003996  max_mem: 20096M
[03/02 11:33:43 d2.utils.events]:  eta: 0:35:39  iter: 219  total_loss: 0.7027  loss_cls: 0.1352  loss_box_reg: 0.2994  loss_rpn_cls: 0.1202  loss_rpn_loc: 0.1683    time: 1.6836  last_time: 1.7044  data_time: 0.1100  last_data_time: 0.1445   lr: 0.00043956  max_mem: 20096M
[03/02 11:34:17 d2.utils.events]:  eta: 0:35:08  iter: 239  total_loss: 0.6392  loss_cls: 0.1218  loss_box_reg: 0.2628  loss_rpn_cls: 0.1113  loss_rpn_loc: 0.1322    time: 1.6846  last_time: 1.6711  data_time: 0.1105  last_data_time: 0.0879   lr: 0.00047952  max_mem: 20096M
[03/02 11:34:51 d2.utils.events]:  eta: 0:34:34  iter: 259  total_loss: 0.6096  loss_cls: 0.1181  loss_box_reg: 0.2326  loss_rpn_cls: 0.1192  loss_rpn_loc: 0.1332    time: 1.6843  last_time: 1.6677  data_time: 0.0941  last_data_time: 0.0818   lr: 0.00051948  max_mem: 20096M
[03/02 11:35:24 d2.utils.events]:  eta: 0:33:58  iter: 279  total_loss: 0.6127  loss_cls: 0.1167  loss_box_reg: 0.2565  loss_rpn_cls: 0.1072  loss_rpn_loc: 0.1193    time: 1.6828  last_time: 1.6639  data_time: 0.0951  last_data_time: 0.0907   lr: 0.00055944  max_mem: 20096M
[03/02 11:35:57 d2.utils.events]:  eta: 0:33:25  iter: 299  total_loss: 0.5433  loss_cls: 0.1027  loss_box_reg: 0.2107  loss_rpn_cls: 0.09838  loss_rpn_loc: 0.124    time: 1.6820  last_time: 1.6507  data_time: 0.1010  last_data_time: 0.1011   lr: 0.0005994  max_mem: 20096M
[03/02 11:36:31 d2.utils.events]:  eta: 0:32:52  iter: 319  total_loss: 0.5179  loss_cls: 0.1021  loss_box_reg: 0.1892  loss_rpn_cls: 0.09686  loss_rpn_loc: 0.1274    time: 1.6824  last_time: 1.7077  data_time: 0.1042  last_data_time: 0.1269   lr: 0.00063936  max_mem: 20096M
[03/02 11:37:05 d2.utils.events]:  eta: 0:32:18  iter: 339  total_loss: 0.5628  loss_cls: 0.1098  loss_box_reg: 0.2186  loss_rpn_cls: 0.09532  loss_rpn_loc: 0.1304    time: 1.6819  last_time: 1.6642  data_time: 0.0973  last_data_time: 0.1011   lr: 0.00067932  max_mem: 20096M
[03/02 11:37:38 d2.utils.events]:  eta: 0:31:45  iter: 359  total_loss: 0.5841  loss_cls: 0.1112  loss_box_reg: 0.2188  loss_rpn_cls: 0.1077  loss_rpn_loc: 0.1482    time: 1.6814  last_time: 1.6380  data_time: 0.0985  last_data_time: 0.0941   lr: 0.00071928  max_mem: 20096M
[03/02 11:38:12 d2.utils.events]:  eta: 0:31:11  iter: 379  total_loss: 0.5447  loss_cls: 0.1102  loss_box_reg: 0.2099  loss_rpn_cls: 0.1019  loss_rpn_loc: 0.1315    time: 1.6812  last_time: 1.6607  data_time: 0.0982  last_data_time: 0.1165   lr: 0.00075924  max_mem: 20096M
[03/02 11:38:45 d2.utils.events]:  eta: 0:30:38  iter: 399  total_loss: 0.5603  loss_cls: 0.1069  loss_box_reg: 0.2104  loss_rpn_cls: 0.09668  loss_rpn_loc: 0.1267    time: 1.6804  last_time: 1.6480  data_time: 0.0983  last_data_time: 0.0915   lr: 0.0007992  max_mem: 20096M
[03/02 11:39:18 d2.utils.events]:  eta: 0:30:02  iter: 419  total_loss: 0.552  loss_cls: 0.1079  loss_box_reg: 0.1959  loss_rpn_cls: 0.09413  loss_rpn_loc: 0.1354    time: 1.6788  last_time: 1.6471  data_time: 0.0886  last_data_time: 0.0813   lr: 0.00083916  max_mem: 20096M
[03/02 11:39:51 d2.utils.events]:  eta: 0:29:27  iter: 439  total_loss: 0.5124  loss_cls: 0.1069  loss_box_reg: 0.1918  loss_rpn_cls: 0.08852  loss_rpn_loc: 0.1281    time: 1.6773  last_time: 1.6694  data_time: 0.0888  last_data_time: 0.0855   lr: 0.00087912  max_mem: 20096M
[03/02 11:40:24 d2.utils.events]:  eta: 0:28:53  iter: 459  total_loss: 0.5142  loss_cls: 0.09892  loss_box_reg: 0.1889  loss_rpn_cls: 0.09264  loss_rpn_loc: 0.1346    time: 1.6761  last_time: 1.6587  data_time: 0.0896  last_data_time: 0.1028   lr: 0.00091908  max_mem: 20096M
[03/02 11:40:57 d2.utils.events]:  eta: 0:28:18  iter: 479  total_loss: 0.5386  loss_cls: 0.1018  loss_box_reg: 0.1979  loss_rpn_cls: 0.102  loss_rpn_loc: 0.1447    time: 1.6750  last_time: 1.6233  data_time: 0.0918  last_data_time: 0.0952   lr: 0.00095904  max_mem: 20096M
[03/02 11:41:30 d2.utils.events]:  eta: 0:27:44  iter: 499  total_loss: 0.4893  loss_cls: 0.09839  loss_box_reg: 0.1856  loss_rpn_cls: 0.0866  loss_rpn_loc: 0.1141    time: 1.6740  last_time: 1.6400  data_time: 0.0903  last_data_time: 0.0788   lr: 0.000999  max_mem: 20096M
[03/02 11:42:03 d2.utils.events]:  eta: 0:27:11  iter: 519  total_loss: 0.516  loss_cls: 0.09039  loss_box_reg: 0.187  loss_rpn_cls: 0.09287  loss_rpn_loc: 0.1368    time: 1.6730  last_time: 1.6187  data_time: 0.0951  last_data_time: 0.0836   lr: 0.001039  max_mem: 20096M
[03/02 11:42:36 d2.utils.events]:  eta: 0:26:37  iter: 539  total_loss: 0.5225  loss_cls: 0.09958  loss_box_reg: 0.1898  loss_rpn_cls: 0.08853  loss_rpn_loc: 0.1367    time: 1.6720  last_time: 1.6473  data_time: 0.0934  last_data_time: 0.0773   lr: 0.0010789  max_mem: 20096M
[03/02 11:43:09 d2.utils.events]:  eta: 0:26:03  iter: 559  total_loss: 0.5165  loss_cls: 0.1059  loss_box_reg: 0.1844  loss_rpn_cls: 0.09688  loss_rpn_loc: 0.1381    time: 1.6712  last_time: 1.6461  data_time: 0.0915  last_data_time: 0.0841   lr: 0.0011189  max_mem: 20096M
[03/02 11:43:42 d2.utils.events]:  eta: 0:25:29  iter: 579  total_loss: 0.5317  loss_cls: 0.1059  loss_box_reg: 0.1996  loss_rpn_cls: 0.09512  loss_rpn_loc: 0.1455    time: 1.6706  last_time: 1.6364  data_time: 0.0902  last_data_time: 0.0855   lr: 0.0011588  max_mem: 20096M
[03/02 11:44:16 d2.utils.events]:  eta: 0:24:55  iter: 599  total_loss: 0.4937  loss_cls: 0.09814  loss_box_reg: 0.1944  loss_rpn_cls: 0.08648  loss_rpn_loc: 0.118    time: 1.6700  last_time: 1.6465  data_time: 0.0873  last_data_time: 0.1098   lr: 0.0011988  max_mem: 20096M
[03/02 11:44:48 d2.utils.events]:  eta: 0:24:21  iter: 619  total_loss: 0.4952  loss_cls: 0.09213  loss_box_reg: 0.1643  loss_rpn_cls: 0.08495  loss_rpn_loc: 0.1219    time: 1.6692  last_time: 1.6290  data_time: 0.0850  last_data_time: 0.0822   lr: 0.0012388  max_mem: 20096M
[03/02 11:45:22 d2.utils.events]:  eta: 0:23:47  iter: 639  total_loss: 0.5088  loss_cls: 0.1045  loss_box_reg: 0.188  loss_rpn_cls: 0.09723  loss_rpn_loc: 0.1404    time: 1.6687  last_time: 1.6696  data_time: 0.0920  last_data_time: 0.1119   lr: 0.0012787  max_mem: 20096M
[03/02 11:45:54 d2.utils.events]:  eta: 0:23:13  iter: 659  total_loss: 0.4965  loss_cls: 0.09462  loss_box_reg: 0.183  loss_rpn_cls: 0.08063  loss_rpn_loc: 0.1393    time: 1.6680  last_time: 1.6461  data_time: 0.0881  last_data_time: 0.0836   lr: 0.0013187  max_mem: 20096M
[03/02 11:46:27 d2.utils.events]:  eta: 0:22:40  iter: 679  total_loss: 0.4986  loss_cls: 0.0973  loss_box_reg: 0.2008  loss_rpn_cls: 0.08052  loss_rpn_loc: 0.1226    time: 1.6673  last_time: 1.6283  data_time: 0.0934  last_data_time: 0.0929   lr: 0.0013586  max_mem: 20096M
[03/02 11:47:01 d2.utils.events]:  eta: 0:22:07  iter: 699  total_loss: 0.5107  loss_cls: 0.09889  loss_box_reg: 0.1924  loss_rpn_cls: 0.08067  loss_rpn_loc: 0.1209    time: 1.6675  last_time: 1.6796  data_time: 0.0970  last_data_time: 0.0909   lr: 0.0013986  max_mem: 20096M
[03/02 11:47:34 d2.utils.events]:  eta: 0:21:34  iter: 719  total_loss: 0.5051  loss_cls: 0.09828  loss_box_reg: 0.1838  loss_rpn_cls: 0.08412  loss_rpn_loc: 0.133    time: 1.6673  last_time: 1.6432  data_time: 0.0968  last_data_time: 0.0815   lr: 0.0014386  max_mem: 20096M
[03/02 11:48:08 d2.utils.events]:  eta: 0:21:01  iter: 739  total_loss: 0.4838  loss_cls: 0.09407  loss_box_reg: 0.1837  loss_rpn_cls: 0.08237  loss_rpn_loc: 0.1207    time: 1.6675  last_time: 1.6875  data_time: 0.0976  last_data_time: 0.1011   lr: 0.0014785  max_mem: 20096M
[03/02 11:48:41 d2.utils.events]:  eta: 0:20:28  iter: 759  total_loss: 0.4678  loss_cls: 0.08748  loss_box_reg: 0.1775  loss_rpn_cls: 0.07117  loss_rpn_loc: 0.1145    time: 1.6673  last_time: 1.6711  data_time: 0.0925  last_data_time: 0.0914   lr: 0.0015185  max_mem: 20096M
[03/02 11:49:14 d2.utils.events]:  eta: 0:19:54  iter: 779  total_loss: 0.4935  loss_cls: 0.09582  loss_box_reg: 0.1908  loss_rpn_cls: 0.0784  loss_rpn_loc: 0.1222    time: 1.6669  last_time: 1.6575  data_time: 0.0893  last_data_time: 0.0819   lr: 0.0015584  max_mem: 20096M
[03/02 11:49:47 d2.utils.events]:  eta: 0:19:21  iter: 799  total_loss: 0.4634  loss_cls: 0.0882  loss_box_reg: 0.1765  loss_rpn_cls: 0.07445  loss_rpn_loc: 0.1259    time: 1.6668  last_time: 1.6533  data_time: 0.0874  last_data_time: 0.0779   lr: 0.0015984  max_mem: 20096M
[03/02 11:50:20 d2.utils.events]:  eta: 0:18:48  iter: 819  total_loss: 0.5011  loss_cls: 0.09009  loss_box_reg: 0.1792  loss_rpn_cls: 0.0791  loss_rpn_loc: 0.1247    time: 1.6667  last_time: 1.6611  data_time: 0.0872  last_data_time: 0.0938   lr: 0.0016384  max_mem: 20096M
[03/02 11:50:53 d2.utils.events]:  eta: 0:18:15  iter: 839  total_loss: 0.44  loss_cls: 0.0876  loss_box_reg: 0.1654  loss_rpn_cls: 0.07657  loss_rpn_loc: 0.1112    time: 1.6663  last_time: 1.6349  data_time: 0.0891  last_data_time: 0.0792   lr: 0.0016783  max_mem: 20096M
[03/02 11:51:26 d2.utils.events]:  eta: 0:17:41  iter: 859  total_loss: 0.4843  loss_cls: 0.0824  loss_box_reg: 0.1676  loss_rpn_cls: 0.08278  loss_rpn_loc: 0.1254    time: 1.6660  last_time: 1.6532  data_time: 0.0886  last_data_time: 0.1008   lr: 0.0017183  max_mem: 20096M
[03/02 11:51:59 d2.utils.events]:  eta: 0:17:08  iter: 879  total_loss: 0.4346  loss_cls: 0.08882  loss_box_reg: 0.17  loss_rpn_cls: 0.0741  loss_rpn_loc: 0.1054    time: 1.6655  last_time: 1.7140  data_time: 0.0850  last_data_time: 0.0836   lr: 0.0017582  max_mem: 20096M
[03/02 11:52:32 d2.utils.events]:  eta: 0:16:35  iter: 899  total_loss: 0.4644  loss_cls: 0.08602  loss_box_reg: 0.1612  loss_rpn_cls: 0.07345  loss_rpn_loc: 0.1267    time: 1.6653  last_time: 1.6313  data_time: 0.0866  last_data_time: 0.0842   lr: 0.0017982  max_mem: 20096M
[03/02 11:53:05 d2.utils.events]:  eta: 0:16:01  iter: 919  total_loss: 0.479  loss_cls: 0.08322  loss_box_reg: 0.1707  loss_rpn_cls: 0.07047  loss_rpn_loc: 0.1392    time: 1.6648  last_time: 1.6385  data_time: 0.0874  last_data_time: 0.0791   lr: 0.0018382  max_mem: 20096M
[03/02 11:53:38 d2.utils.events]:  eta: 0:15:28  iter: 939  total_loss: 0.4722  loss_cls: 0.0866  loss_box_reg: 0.1805  loss_rpn_cls: 0.07457  loss_rpn_loc: 0.1293    time: 1.6644  last_time: 1.6444  data_time: 0.0829  last_data_time: 0.0889   lr: 0.0018781  max_mem: 20096M
[03/02 11:54:11 d2.utils.events]:  eta: 0:14:55  iter: 959  total_loss: 0.4515  loss_cls: 0.08274  loss_box_reg: 0.166  loss_rpn_cls: 0.07675  loss_rpn_loc: 0.1267    time: 1.6641  last_time: 1.6371  data_time: 0.0887  last_data_time: 0.0784   lr: 0.0019181  max_mem: 20096M
[03/02 11:54:44 d2.utils.events]:  eta: 0:14:21  iter: 979  total_loss: 0.4625  loss_cls: 0.08639  loss_box_reg: 0.1691  loss_rpn_cls: 0.08182  loss_rpn_loc: 0.1324    time: 1.6637  last_time: 1.6266  data_time: 0.0934  last_data_time: 0.0925   lr: 0.001958  max_mem: 20096M
[03/02 11:55:18 d2.utils.events]:  eta: 0:13:48  iter: 999  total_loss: 0.4268  loss_cls: 0.08694  loss_box_reg: 0.1657  loss_rpn_cls: 0.07463  loss_rpn_loc: 0.1094    time: 1.6635  last_time: 1.6294  data_time: 0.0904  last_data_time: 0.0858   lr: 0.001998  max_mem: 20096M
[03/02 11:55:51 d2.utils.events]:  eta: 0:13:15  iter: 1019  total_loss: 0.4619  loss_cls: 0.08397  loss_box_reg: 0.1615  loss_rpn_cls: 0.0724  loss_rpn_loc: 0.1308    time: 1.6631  last_time: 1.6982  data_time: 0.0872  last_data_time: 0.1022   lr: 0.002  max_mem: 20096M
[03/02 11:56:24 d2.utils.events]:  eta: 0:12:41  iter: 1039  total_loss: 0.4192  loss_cls: 0.08504  loss_box_reg: 0.1628  loss_rpn_cls: 0.07065  loss_rpn_loc: 0.1173    time: 1.6629  last_time: 1.6151  data_time: 0.0874  last_data_time: 0.0866   lr: 0.002  max_mem: 20096M
[03/02 11:56:57 d2.utils.events]:  eta: 0:12:08  iter: 1059  total_loss: 0.478  loss_cls: 0.08461  loss_box_reg: 0.173  loss_rpn_cls: 0.0737  loss_rpn_loc: 0.1102    time: 1.6626  last_time: 1.7059  data_time: 0.0908  last_data_time: 0.1491   lr: 0.002  max_mem: 20096M
[03/02 11:57:30 d2.utils.events]:  eta: 0:11:35  iter: 1079  total_loss: 0.4607  loss_cls: 0.08289  loss_box_reg: 0.1684  loss_rpn_cls: 0.07143  loss_rpn_loc: 0.1267    time: 1.6623  last_time: 1.6411  data_time: 0.0926  last_data_time: 0.0756   lr: 0.002  max_mem: 20096M
[03/02 11:58:03 d2.utils.events]:  eta: 0:11:02  iter: 1099  total_loss: 0.443  loss_cls: 0.07758  loss_box_reg: 0.1571  loss_rpn_cls: 0.07405  loss_rpn_loc: 0.1216    time: 1.6621  last_time: 1.6901  data_time: 0.0892  last_data_time: 0.1068   lr: 0.002  max_mem: 20096M
[03/02 11:58:36 d2.utils.events]:  eta: 0:10:28  iter: 1119  total_loss: 0.4496  loss_cls: 0.08706  loss_box_reg: 0.1704  loss_rpn_cls: 0.07088  loss_rpn_loc: 0.1152    time: 1.6618  last_time: 1.6353  data_time: 0.0884  last_data_time: 0.0875   lr: 0.002  max_mem: 20096M
[03/02 11:59:09 d2.utils.events]:  eta: 0:09:55  iter: 1139  total_loss: 0.423  loss_cls: 0.07403  loss_box_reg: 0.1534  loss_rpn_cls: 0.06511  loss_rpn_loc: 0.1049    time: 1.6619  last_time: 1.6774  data_time: 0.1001  last_data_time: 0.1123   lr: 0.002  max_mem: 20096M
[03/02 11:59:42 d2.utils.events]:  eta: 0:09:22  iter: 1159  total_loss: 0.4434  loss_cls: 0.08914  loss_box_reg: 0.1717  loss_rpn_cls: 0.07426  loss_rpn_loc: 0.1161    time: 1.6620  last_time: 1.6412  data_time: 0.0937  last_data_time: 0.0829   lr: 0.002  max_mem: 20096M
[03/02 12:00:16 d2.utils.events]:  eta: 0:08:49  iter: 1179  total_loss: 0.4706  loss_cls: 0.08887  loss_box_reg: 0.1752  loss_rpn_cls: 0.07249  loss_rpn_loc: 0.1187    time: 1.6622  last_time: 1.6869  data_time: 0.0976  last_data_time: 0.1094   lr: 0.002  max_mem: 20096M
[03/02 12:00:49 d2.utils.events]:  eta: 0:08:16  iter: 1199  total_loss: 0.4459  loss_cls: 0.08444  loss_box_reg: 0.1714  loss_rpn_cls: 0.07756  loss_rpn_loc: 0.1103    time: 1.6622  last_time: 1.6430  data_time: 0.0937  last_data_time: 0.0826   lr: 0.002  max_mem: 20096M
[03/02 12:01:23 d2.utils.events]:  eta: 0:07:43  iter: 1219  total_loss: 0.4218  loss_cls: 0.08229  loss_box_reg: 0.1635  loss_rpn_cls: 0.07334  loss_rpn_loc: 0.1104    time: 1.6624  last_time: 1.6884  data_time: 0.1020  last_data_time: 0.1240   lr: 0.002  max_mem: 20096M
[03/02 12:01:56 d2.utils.events]:  eta: 0:07:09  iter: 1239  total_loss: 0.4735  loss_cls: 0.08645  loss_box_reg: 0.1652  loss_rpn_cls: 0.06941  loss_rpn_loc: 0.1321    time: 1.6626  last_time: 1.6418  data_time: 0.1066  last_data_time: 0.0819   lr: 0.002  max_mem: 20096M
[03/02 12:02:30 d2.utils.events]:  eta: 0:06:36  iter: 1259  total_loss: 0.4713  loss_cls: 0.08504  loss_box_reg: 0.171  loss_rpn_cls: 0.07155  loss_rpn_loc: 0.1444    time: 1.6628  last_time: 1.6725  data_time: 0.1004  last_data_time: 0.0935   lr: 0.002  max_mem: 20096M
[03/02 12:03:03 d2.utils.events]:  eta: 0:06:03  iter: 1279  total_loss: 0.3872  loss_cls: 0.0739  loss_box_reg: 0.1509  loss_rpn_cls: 0.07083  loss_rpn_loc: 0.09228    time: 1.6628  last_time: 1.6667  data_time: 0.0897  last_data_time: 0.0982   lr: 0.002  max_mem: 20096M
[03/02 12:03:36 d2.utils.events]:  eta: 0:05:30  iter: 1299  total_loss: 0.4543  loss_cls: 0.08143  loss_box_reg: 0.1729  loss_rpn_cls: 0.07246  loss_rpn_loc: 0.1136    time: 1.6625  last_time: 1.6512  data_time: 0.0921  last_data_time: 0.0976   lr: 0.002  max_mem: 20096M
[03/02 12:04:09 d2.utils.events]:  eta: 0:04:57  iter: 1319  total_loss: 0.4303  loss_cls: 0.07698  loss_box_reg: 0.1635  loss_rpn_cls: 0.07052  loss_rpn_loc: 0.1106    time: 1.6625  last_time: 1.6588  data_time: 0.1002  last_data_time: 0.1157   lr: 0.002  max_mem: 20096M
[03/02 12:04:42 d2.utils.events]:  eta: 0:04:24  iter: 1339  total_loss: 0.4296  loss_cls: 0.0755  loss_box_reg: 0.1596  loss_rpn_cls: 0.06409  loss_rpn_loc: 0.1082    time: 1.6624  last_time: 1.6422  data_time: 0.0951  last_data_time: 0.0858   lr: 0.002  max_mem: 20096M
[03/02 12:05:15 d2.utils.events]:  eta: 0:03:51  iter: 1359  total_loss: 0.4079  loss_cls: 0.082  loss_box_reg: 0.157  loss_rpn_cls: 0.0668  loss_rpn_loc: 0.109    time: 1.6625  last_time: 1.6611  data_time: 0.1018  last_data_time: 0.0934   lr: 0.002  max_mem: 20096M
[03/02 12:05:49 d2.utils.events]:  eta: 0:03:18  iter: 1379  total_loss: 0.4356  loss_cls: 0.07566  loss_box_reg: 0.1589  loss_rpn_cls: 0.06493  loss_rpn_loc: 0.1167    time: 1.6627  last_time: 1.6544  data_time: 0.1067  last_data_time: 0.0786   lr: 0.002  max_mem: 20096M
[03/02 12:06:22 d2.utils.events]:  eta: 0:02:45  iter: 1399  total_loss: 0.4567  loss_cls: 0.07451  loss_box_reg: 0.1735  loss_rpn_cls: 0.07295  loss_rpn_loc: 0.1248    time: 1.6627  last_time: 1.6795  data_time: 0.1011  last_data_time: 0.1236   lr: 0.002  max_mem: 20096M
[03/02 12:06:55 d2.utils.events]:  eta: 0:02:12  iter: 1419  total_loss: 0.4339  loss_cls: 0.07284  loss_box_reg: 0.1664  loss_rpn_cls: 0.07101  loss_rpn_loc: 0.1115    time: 1.6626  last_time: 1.6336  data_time: 0.0945  last_data_time: 0.0920   lr: 0.002  max_mem: 20096M
[03/02 12:07:29 d2.utils.events]:  eta: 0:01:39  iter: 1439  total_loss: 0.3957  loss_cls: 0.0691  loss_box_reg: 0.1449  loss_rpn_cls: 0.07011  loss_rpn_loc: 0.1009    time: 1.6626  last_time: 1.6970  data_time: 0.0971  last_data_time: 0.0963   lr: 0.002  max_mem: 20096M
[03/02 12:08:02 d2.utils.events]:  eta: 0:01:06  iter: 1459  total_loss: 0.419  loss_cls: 0.07433  loss_box_reg: 0.1561  loss_rpn_cls: 0.06862  loss_rpn_loc: 0.118    time: 1.6627  last_time: 1.6611  data_time: 0.1004  last_data_time: 0.0871   lr: 0.002  max_mem: 20096M
[03/02 12:08:36 d2.utils.events]:  eta: 0:00:33  iter: 1479  total_loss: 0.4238  loss_cls: 0.07594  loss_box_reg: 0.1559  loss_rpn_cls: 0.0728  loss_rpn_loc: 0.1172    time: 1.6628  last_time: 1.6991  data_time: 0.1012  last_data_time: 0.1117   lr: 0.002  max_mem: 20096M
[03/02 12:09:10 d2.utils.events]:  eta: 0:00:00  iter: 1499  total_loss: 0.3961  loss_cls: 0.07332  loss_box_reg: 0.1634  loss_rpn_cls: 0.06822  loss_rpn_loc: 0.09518    time: 1.6628  last_time: 1.6828  data_time: 0.0983  last_data_time: 0.1198   lr: 0.002  max_mem: 20096M
[03/02 12:09:10 d2.engine.hooks]: Overall training speed: 1498 iterations in 0:41:30 (1.6628 s / it)
[03/02 12:09:10 d2.engine.hooks]: Total training time: 0:41:42 (0:00:11 on hooks)
[03/02 12:09:13 d2.data.build]: Distribution of instances among all 11 categories:
|  category  | #instances   |  category  | #instances   |  category  | #instances   |
|:----------:|:-------------|:----------:|:-------------|:----------:|:-------------|
| background | 0            |    car     | 8021         | pedestrian | 3347         |
|            | 0            |            | 0            |            | 0            |
|            | 0            |            | 0            |            | 0            |
|            | 0            |   ignore   | 2765         |            |              |
|   total    | 14133        |            |              |            |              |
[03/02 12:09:13 d2.data.dataset_mapper]: [DatasetMapper] Augmentations used in inference: [ResizeShortestEdge(short_edge_length=(800, 800), max_size=1333, sample_style='choice')]
[03/02 12:09:13 d2.data.common]: Serializing the dataset using: <class 'detectron2.data.common._TorchSerializedList'>
[03/02 12:09:13 d2.data.common]: Serializing 2919 elements to byte tensors and concatenating them all ...
[03/02 12:09:13 d2.data.common]: Serialized dataset takes 5.86 MiB
WARNING [03/02 12:09:13 d2.engine.defaults]: No evaluator found. Use `DefaultTrainer.test(evaluators=)`, or implement its `build_evaluator` method.
[03/02 12:09:14 d2.checkpoint.detection_checkpoint]: [DetectionCheckpointer] Loading from /ghome/group07/C5-W2/fastr_lr_0_002_bs_32_is_10/model_0001499.pth ...
[03/02 12:09:16 d2.evaluation.coco_evaluation]: Trying to convert 'KITTI-MOTS_val' to COCO format ...
WARNING [03/02 12:09:16 d2.data.datasets.coco]: Using previously cached COCO format annotations at '/ghome/group07/C5-W2/fastr_lr_0_002_bs_32_is_10/KITTI-MOTS_val_coco_format.json'. You need to clear the cache file if your dataset has been modified.
[03/02 12:09:19 d2.data.dataset_mapper]: [DatasetMapper] Augmentations used in inference: [ResizeShortestEdge(short_edge_length=(800, 800), max_size=1333, sample_style='choice')]
[03/02 12:09:19 d2.data.common]: Serializing the dataset using: <class 'detectron2.data.common._TorchSerializedList'>
[03/02 12:09:19 d2.data.common]: Serializing 2919 elements to byte tensors and concatenating them all ...
[03/02 12:09:19 d2.data.common]: Serialized dataset takes 5.86 MiB
[03/02 12:09:19 d2.evaluation.evaluator]: Start inference on 2919 batches
[03/02 12:09:21 d2.evaluation.evaluator]: Inference done 11/2919. Dataloading: 0.0023 s/iter. Inference: 0.0985 s/iter. Eval: 0.0003 s/iter. Total: 0.1011 s/iter. ETA=0:04:54
[03/02 12:09:26 d2.evaluation.evaluator]: Inference done 60/2919. Dataloading: 0.0032 s/iter. Inference: 0.0999 s/iter. Eval: 0.0003 s/iter. Total: 0.1035 s/iter. ETA=0:04:55
[03/02 12:09:31 d2.evaluation.evaluator]: Inference done 108/2919. Dataloading: 0.0031 s/iter. Inference: 0.1009 s/iter. Eval: 0.0003 s/iter. Total: 0.1044 s/iter. ETA=0:04:53
[03/02 12:09:36 d2.evaluation.evaluator]: Inference done 157/2919. Dataloading: 0.0031 s/iter. Inference: 0.1008 s/iter. Eval: 0.0003 s/iter. Total: 0.1042 s/iter. ETA=0:04:47
[03/02 12:09:41 d2.evaluation.evaluator]: Inference done 204/2919. Dataloading: 0.0031 s/iter. Inference: 0.1017 s/iter. Eval: 0.0002 s/iter. Total: 0.1051 s/iter. ETA=0:04:45
[03/02 12:09:46 d2.evaluation.evaluator]: Inference done 252/2919. Dataloading: 0.0032 s/iter. Inference: 0.1015 s/iter. Eval: 0.0002 s/iter. Total: 0.1050 s/iter. ETA=0:04:40
[03/02 12:09:51 d2.evaluation.evaluator]: Inference done 299/2919. Dataloading: 0.0032 s/iter. Inference: 0.1020 s/iter. Eval: 0.0002 s/iter. Total: 0.1055 s/iter. ETA=0:04:36
[03/02 12:09:56 d2.evaluation.evaluator]: Inference done 346/2919. Dataloading: 0.0032 s/iter. Inference: 0.1023 s/iter. Eval: 0.0002 s/iter. Total: 0.1058 s/iter. ETA=0:04:32
[03/02 12:10:01 d2.evaluation.evaluator]: Inference done 393/2919. Dataloading: 0.0032 s/iter. Inference: 0.1024 s/iter. Eval: 0.0002 s/iter. Total: 0.1059 s/iter. ETA=0:04:27
[03/02 12:10:06 d2.evaluation.evaluator]: Inference done 441/2919. Dataloading: 0.0031 s/iter. Inference: 0.1023 s/iter. Eval: 0.0002 s/iter. Total: 0.1058 s/iter. ETA=0:04:22
[03/02 12:10:11 d2.evaluation.evaluator]: Inference done 485/2919. Dataloading: 0.0031 s/iter. Inference: 0.1031 s/iter. Eval: 0.0002 s/iter. Total: 0.1065 s/iter. ETA=0:04:19
[03/02 12:10:16 d2.evaluation.evaluator]: Inference done 534/2919. Dataloading: 0.0031 s/iter. Inference: 0.1027 s/iter. Eval: 0.0002 s/iter. Total: 0.1062 s/iter. ETA=0:04:13
[03/02 12:10:22 d2.evaluation.evaluator]: Inference done 583/2919. Dataloading: 0.0031 s/iter. Inference: 0.1025 s/iter. Eval: 0.0002 s/iter. Total: 0.1059 s/iter. ETA=0:04:07
[03/02 12:10:27 d2.evaluation.evaluator]: Inference done 634/2919. Dataloading: 0.0031 s/iter. Inference: 0.1020 s/iter. Eval: 0.0002 s/iter. Total: 0.1054 s/iter. ETA=0:04:00
[03/02 12:10:32 d2.evaluation.evaluator]: Inference done 683/2919. Dataloading: 0.0031 s/iter. Inference: 0.1018 s/iter. Eval: 0.0002 s/iter. Total: 0.1052 s/iter. ETA=0:03:55
[03/02 12:10:37 d2.evaluation.evaluator]: Inference done 732/2919. Dataloading: 0.0031 s/iter. Inference: 0.1017 s/iter. Eval: 0.0002 s/iter. Total: 0.1050 s/iter. ETA=0:03:49
[03/02 12:10:42 d2.evaluation.evaluator]: Inference done 781/2919. Dataloading: 0.0031 s/iter. Inference: 0.1015 s/iter. Eval: 0.0002 s/iter. Total: 0.1049 s/iter. ETA=0:03:44
[03/02 12:10:47 d2.evaluation.evaluator]: Inference done 831/2919. Dataloading: 0.0030 s/iter. Inference: 0.1013 s/iter. Eval: 0.0002 s/iter. Total: 0.1047 s/iter. ETA=0:03:38
[03/02 12:10:52 d2.evaluation.evaluator]: Inference done 881/2919. Dataloading: 0.0030 s/iter. Inference: 0.1011 s/iter. Eval: 0.0002 s/iter. Total: 0.1044 s/iter. ETA=0:03:32
[03/02 12:10:57 d2.evaluation.evaluator]: Inference done 930/2919. Dataloading: 0.0030 s/iter. Inference: 0.1010 s/iter. Eval: 0.0002 s/iter. Total: 0.1043 s/iter. ETA=0:03:27
[03/02 12:11:02 d2.evaluation.evaluator]: Inference done 980/2919. Dataloading: 0.0030 s/iter. Inference: 0.1008 s/iter. Eval: 0.0002 s/iter. Total: 0.1041 s/iter. ETA=0:03:21
[03/02 12:11:07 d2.evaluation.evaluator]: Inference done 1027/2919. Dataloading: 0.0030 s/iter. Inference: 0.1010 s/iter. Eval: 0.0002 s/iter. Total: 0.1043 s/iter. ETA=0:03:17
[03/02 12:11:12 d2.evaluation.evaluator]: Inference done 1076/2919. Dataloading: 0.0030 s/iter. Inference: 0.1009 s/iter. Eval: 0.0002 s/iter. Total: 0.1042 s/iter. ETA=0:03:12
[03/02 12:11:17 d2.evaluation.evaluator]: Inference done 1124/2919. Dataloading: 0.0030 s/iter. Inference: 0.1010 s/iter. Eval: 0.0002 s/iter. Total: 0.1043 s/iter. ETA=0:03:07
[03/02 12:11:22 d2.evaluation.evaluator]: Inference done 1174/2919. Dataloading: 0.0030 s/iter. Inference: 0.1008 s/iter. Eval: 0.0002 s/iter. Total: 0.1041 s/iter. ETA=0:03:01
[03/02 12:11:27 d2.evaluation.evaluator]: Inference done 1222/2919. Dataloading: 0.0030 s/iter. Inference: 0.1008 s/iter. Eval: 0.0002 s/iter. Total: 0.1042 s/iter. ETA=0:02:56
[03/02 12:11:32 d2.evaluation.evaluator]: Inference done 1271/2919. Dataloading: 0.0030 s/iter. Inference: 0.1007 s/iter. Eval: 0.0002 s/iter. Total: 0.1041 s/iter. ETA=0:02:51
[03/02 12:11:37 d2.evaluation.evaluator]: Inference done 1318/2919. Dataloading: 0.0030 s/iter. Inference: 0.1009 s/iter. Eval: 0.0002 s/iter. Total: 0.1042 s/iter. ETA=0:02:46
[03/02 12:11:42 d2.evaluation.evaluator]: Inference done 1367/2919. Dataloading: 0.0030 s/iter. Inference: 0.1008 s/iter. Eval: 0.0002 s/iter. Total: 0.1042 s/iter. ETA=0:02:41
[03/02 12:11:47 d2.evaluation.evaluator]: Inference done 1416/2919. Dataloading: 0.0030 s/iter. Inference: 0.1008 s/iter. Eval: 0.0002 s/iter. Total: 0.1042 s/iter. ETA=0:02:36
[03/02 12:11:52 d2.evaluation.evaluator]: Inference done 1466/2919. Dataloading: 0.0030 s/iter. Inference: 0.1007 s/iter. Eval: 0.0002 s/iter. Total: 0.1041 s/iter. ETA=0:02:31
[03/02 12:11:57 d2.evaluation.evaluator]: Inference done 1516/2919. Dataloading: 0.0030 s/iter. Inference: 0.1006 s/iter. Eval: 0.0002 s/iter. Total: 0.1039 s/iter. ETA=0:02:25
[03/02 12:12:02 d2.evaluation.evaluator]: Inference done 1564/2919. Dataloading: 0.0030 s/iter. Inference: 0.1006 s/iter. Eval: 0.0002 s/iter. Total: 0.1040 s/iter. ETA=0:02:20
[03/02 12:12:07 d2.evaluation.evaluator]: Inference done 1613/2919. Dataloading: 0.0030 s/iter. Inference: 0.1006 s/iter. Eval: 0.0002 s/iter. Total: 0.1039 s/iter. ETA=0:02:15
[03/02 12:12:12 d2.evaluation.evaluator]: Inference done 1660/2919. Dataloading: 0.0030 s/iter. Inference: 0.1007 s/iter. Eval: 0.0002 s/iter. Total: 0.1040 s/iter. ETA=0:02:10
[03/02 12:12:17 d2.evaluation.evaluator]: Inference done 1709/2919. Dataloading: 0.0030 s/iter. Inference: 0.1006 s/iter. Eval: 0.0002 s/iter. Total: 0.1040 s/iter. ETA=0:02:05
[03/02 12:12:23 d2.evaluation.evaluator]: Inference done 1758/2919. Dataloading: 0.0030 s/iter. Inference: 0.1006 s/iter. Eval: 0.0002 s/iter. Total: 0.1039 s/iter. ETA=0:02:00
[03/02 12:12:28 d2.evaluation.evaluator]: Inference done 1808/2919. Dataloading: 0.0030 s/iter. Inference: 0.1006 s/iter. Eval: 0.0002 s/iter. Total: 0.1039 s/iter. ETA=0:01:55
[03/02 12:12:33 d2.evaluation.evaluator]: Inference done 1856/2919. Dataloading: 0.0030 s/iter. Inference: 0.1006 s/iter. Eval: 0.0002 s/iter. Total: 0.1039 s/iter. ETA=0:01:50
[03/02 12:12:38 d2.evaluation.evaluator]: Inference done 1904/2919. Dataloading: 0.0030 s/iter. Inference: 0.1007 s/iter. Eval: 0.0002 s/iter. Total: 0.1040 s/iter. ETA=0:01:45
[03/02 12:12:43 d2.evaluation.evaluator]: Inference done 1951/2919. Dataloading: 0.0030 s/iter. Inference: 0.1008 s/iter. Eval: 0.0002 s/iter. Total: 0.1041 s/iter. ETA=0:01:40
[03/02 12:12:48 d2.evaluation.evaluator]: Inference done 1999/2919. Dataloading: 0.0030 s/iter. Inference: 0.1008 s/iter. Eval: 0.0002 s/iter. Total: 0.1041 s/iter. ETA=0:01:35
[03/02 12:12:53 d2.evaluation.evaluator]: Inference done 2047/2919. Dataloading: 0.0030 s/iter. Inference: 0.1008 s/iter. Eval: 0.0002 s/iter. Total: 0.1041 s/iter. ETA=0:01:30
[03/02 12:12:58 d2.evaluation.evaluator]: Inference done 2096/2919. Dataloading: 0.0030 s/iter. Inference: 0.1008 s/iter. Eval: 0.0002 s/iter. Total: 0.1041 s/iter. ETA=0:01:25
[03/02 12:13:03 d2.evaluation.evaluator]: Inference done 2145/2919. Dataloading: 0.0030 s/iter. Inference: 0.1008 s/iter. Eval: 0.0002 s/iter. Total: 0.1041 s/iter. ETA=0:01:20
[03/02 12:13:08 d2.evaluation.evaluator]: Inference done 2193/2919. Dataloading: 0.0030 s/iter. Inference: 0.1008 s/iter. Eval: 0.0002 s/iter. Total: 0.1041 s/iter. ETA=0:01:15
[03/02 12:13:13 d2.evaluation.evaluator]: Inference done 2242/2919. Dataloading: 0.0030 s/iter. Inference: 0.1008 s/iter. Eval: 0.0002 s/iter. Total: 0.1041 s/iter. ETA=0:01:10
[03/02 12:13:18 d2.evaluation.evaluator]: Inference done 2290/2919. Dataloading: 0.0030 s/iter. Inference: 0.1008 s/iter. Eval: 0.0002 s/iter. Total: 0.1041 s/iter. ETA=0:01:05
[03/02 12:13:23 d2.evaluation.evaluator]: Inference done 2338/2919. Dataloading: 0.0030 s/iter. Inference: 0.1008 s/iter. Eval: 0.0002 s/iter. Total: 0.1041 s/iter. ETA=0:01:00
[03/02 12:13:28 d2.evaluation.evaluator]: Inference done 2387/2919. Dataloading: 0.0030 s/iter. Inference: 0.1008 s/iter. Eval: 0.0002 s/iter. Total: 0.1041 s/iter. ETA=0:00:55
[03/02 12:13:33 d2.evaluation.evaluator]: Inference done 2436/2919. Dataloading: 0.0030 s/iter. Inference: 0.1008 s/iter. Eval: 0.0002 s/iter. Total: 0.1041 s/iter. ETA=0:00:50
[03/02 12:13:38 d2.evaluation.evaluator]: Inference done 2484/2919. Dataloading: 0.0030 s/iter. Inference: 0.1008 s/iter. Eval: 0.0002 s/iter. Total: 0.1041 s/iter. ETA=0:00:45
[03/02 12:13:44 d2.evaluation.evaluator]: Inference done 2525/2919. Dataloading: 0.0030 s/iter. Inference: 0.1011 s/iter. Eval: 0.0002 s/iter. Total: 0.1044 s/iter. ETA=0:00:41
[03/02 12:13:49 d2.evaluation.evaluator]: Inference done 2573/2919. Dataloading: 0.0030 s/iter. Inference: 0.1011 s/iter. Eval: 0.0003 s/iter. Total: 0.1045 s/iter. ETA=0:00:36
[03/02 12:13:54 d2.evaluation.evaluator]: Inference done 2621/2919. Dataloading: 0.0030 s/iter. Inference: 0.1011 s/iter. Eval: 0.0003 s/iter. Total: 0.1045 s/iter. ETA=0:00:31
[03/02 12:13:59 d2.evaluation.evaluator]: Inference done 2669/2919. Dataloading: 0.0030 s/iter. Inference: 0.1011 s/iter. Eval: 0.0003 s/iter. Total: 0.1045 s/iter. ETA=0:00:26
[03/02 12:14:04 d2.evaluation.evaluator]: Inference done 2717/2919. Dataloading: 0.0030 s/iter. Inference: 0.1011 s/iter. Eval: 0.0003 s/iter. Total: 0.1045 s/iter. ETA=0:00:21
[03/02 12:14:09 d2.evaluation.evaluator]: Inference done 2764/2919. Dataloading: 0.0030 s/iter. Inference: 0.1012 s/iter. Eval: 0.0003 s/iter. Total: 0.1045 s/iter. ETA=0:00:16
[03/02 12:14:14 d2.evaluation.evaluator]: Inference done 2811/2919. Dataloading: 0.0030 s/iter. Inference: 0.1012 s/iter. Eval: 0.0003 s/iter. Total: 0.1046 s/iter. ETA=0:00:11
[03/02 12:14:19 d2.evaluation.evaluator]: Inference done 2860/2919. Dataloading: 0.0030 s/iter. Inference: 0.1012 s/iter. Eval: 0.0003 s/iter. Total: 0.1046 s/iter. ETA=0:00:06
[03/02 12:14:24 d2.evaluation.evaluator]: Inference done 2909/2919. Dataloading: 0.0030 s/iter. Inference: 0.1012 s/iter. Eval: 0.0003 s/iter. Total: 0.1045 s/iter. ETA=0:00:01
[03/02 12:14:25 d2.evaluation.evaluator]: Total inference time: 0:05:04.550622 (0.104513 s / iter per device, on 1 devices)
[03/02 12:14:25 d2.evaluation.evaluator]: Total inference pure compute time: 0:04:54 (0.101147 s / iter per device, on 1 devices)
[03/02 12:14:25 d2.evaluation.coco_evaluation]: Preparing results for COCO format ...
[03/02 12:14:25 d2.evaluation.coco_evaluation]: Saving results to /ghome/group07/C5-W2/fastr_lr_0_002_bs_32_is_10/coco_instances_results.json
[03/02 12:14:25 d2.evaluation.coco_evaluation]: Evaluating predictions with unofficial COCO API...
Loading and preparing results...
DONE (t=0.04s)
creating index...
index created!
[03/02 12:14:25 d2.evaluation.fast_eval_api]: Evaluate annotation type *bbox*
[03/02 12:14:26 d2.evaluation.fast_eval_api]: COCOeval_opt.evaluate() finished in 1.25 seconds.
[03/02 12:14:27 d2.evaluation.fast_eval_api]: Accumulating evaluation results...
[03/02 12:14:27 d2.evaluation.fast_eval_api]: COCOeval_opt.accumulate() finished in 0.11 seconds.
 Average Precision  (AP) @[ IoU=0.50:0.95 | area=   all | maxDets=100 ] = 0.388
 Average Precision  (AP) @[ IoU=0.50      | area=   all | maxDets=100 ] = 0.592
 Average Precision  (AP) @[ IoU=0.75      | area=   all | maxDets=100 ] = 0.430
 Average Precision  (AP) @[ IoU=0.50:0.95 | area= small | maxDets=100 ] = 0.236
 Average Precision  (AP) @[ IoU=0.50:0.95 | area=medium | maxDets=100 ] = 0.475
 Average Precision  (AP) @[ IoU=0.50:0.95 | area= large | maxDets=100 ] = 0.493
 Average Recall     (AR) @[ IoU=0.50:0.95 | area=   all | maxDets=  1 ] = 0.160
 Average Recall     (AR) @[ IoU=0.50:0.95 | area=   all | maxDets= 10 ] = 0.467
 Average Recall     (AR) @[ IoU=0.50:0.95 | area=   all | maxDets=100 ] = 0.473
 Average Recall     (AR) @[ IoU=0.50:0.95 | area= small | maxDets=100 ] = 0.287
 Average Recall     (AR) @[ IoU=0.50:0.95 | area=medium | maxDets=100 ] = 0.530
 Average Recall     (AR) @[ IoU=0.50:0.95 | area= large | maxDets=100 ] = 0.699
[03/02 12:14:27 d2.evaluation.coco_evaluation]: Evaluation results for bbox: 
|   AP   |  AP50  |  AP75  |  APs   |  APm   |  APl   |
|:------:|:------:|:------:|:------:|:------:|:------:|
| 38.806 | 59.195 | 42.987 | 23.563 | 47.466 | 49.342 |
[03/02 12:14:27 d2.evaluation.coco_evaluation]: Per-category bbox AP: 
| category   | AP   | category   | AP     | category   | AP     |
|:-----------|:-----|:-----------|:-------|:-----------|:-------|
| background | nan  | car        | 64.034 | pedestrian | 48.067 |
|            | nan  |            | nan    |            | nan    |
|            | nan  |            | nan    |            | nan    |
|            | nan  | ignore     | 4.318  |            |        |
OrderedDict([('bbox', {'AP': 38.8063859838947, 'AP50': 59.194615493031044, 'AP75': 42.98710544464826, 'APs': 23.562779207259897, 'APm': 47.46583018463254, 'APl': 49.34209730518269, 'AP-background': nan, 'AP-car': 64.03385959268093, 'AP-pedestrian': 48.06680686982629, 'AP-': nan, 'AP-ignore': 4.318491489176875})])
