1
The device we will be working on is: cuda
[02/29 20:15:56 d2.checkpoint.detection_checkpoint]: [DetectionCheckpointer] Loading from https://dl.fbaipublicfiles.com/detectron2/COCO-Detection/faster_rcnn_R_50_C4_1x/137257644/model_final_721ade.pkl ...
Creating dataset
[02/29 20:15:59 d2.checkpoint.detection_checkpoint]: [DetectionCheckpointer] Loading from https://dl.fbaipublicfiles.com/detectron2/COCO-Detection/faster_rcnn_R_50_C4_1x/137257644/model_final_721ade.pkl ...
Evaluating model
[02/29 20:15:59 d2.evaluation.coco_evaluation]: Trying to convert 'KITTI-MOTS-COCO_val' to COCO format ...
[02/29 20:15:59 d2.data.datasets.coco]: Converting annotations of dataset 'KITTI-MOTS-COCO_val' to COCO format ...)
[02/29 20:16:01 d2.data.datasets.coco]: Converting dataset dicts into COCO format
[02/29 20:16:02 d2.data.datasets.coco]: Conversion finished, #images: 2919, #annotations: 14133
[02/29 20:16:02 d2.data.datasets.coco]: Caching COCO format annotations at 'outputs_prueba/COCO-Detection/KITTI-MOTS-COCO_val_coco_format.json' ...
[02/29 20:16:04 d2.data.build]: Distribution of instances among all 81 categories:
|  category  | #instances   |  category  | #instances   |  category  | #instances   |
|:----------:|:-------------|:----------:|:-------------|:----------:|:-------------|
| pedestrian | 3347         |            | 0            |    car     | 8021         |
|            | 0            |            | 0            |            | 0            |
|            | 0            |            | 0            |            | 0            |
|            | 0            |            | 0            |            | 0            |
|            | 0            |            | 0            |            | 0            |
|            | 0            |            | 0            |            | 0            |
|            | 0            |            | 0            |            | 0            |
|            | 0            |            | 0            |            | 0            |
|            | 0            |            | 0            |            | 0            |
|            | 0            |            | 0            |            | 0            |
|            | 0            |            | 0            |            | 0            |
|            | 0            |            | 0            |            | 0            |
|            | 0            |            | 0            |            | 0            |
|            | 0            |            | 0            |            | 0            |
|            | 0            |            | 0            |            | 0            |
|            | 0            |            | 0            |            | 0            |
|            | 0            |            | 0            |            | 0            |
|            | 0            |            | 0            |            | 0            |
|            | 0            |            | 0            |            | 0            |
|            | 0            |            | 0            |            | 0            |
|            | 0            |            | 0            |            | 0            |
|            | 0            |            | 0            |            | 0            |
|            | 0            |            | 0            |            | 0            |
|            | 0            |            | 0            |    sink    | 2765         |
|            | 0            |            | 0            |            | 0            |
|            | 0            |            | 0            |            | 0            |
|            | 0            |            | 0            | background | 0            |
|            |              |            |              |            |              |
|   total    | 14133        |            |              |            |              |
[02/29 20:16:04 d2.data.dataset_mapper]: [DatasetMapper] Augmentations used in inference: [ResizeShortestEdge(short_edge_length=(800, 800), max_size=1333, sample_style='choice')]
[02/29 20:16:04 d2.data.common]: Serializing the dataset using: <class 'detectron2.data.common._TorchSerializedList'>
[02/29 20:16:04 d2.data.common]: Serializing 2919 elements to byte tensors and concatenating them all ...
[02/29 20:16:04 d2.data.common]: Serialized dataset takes 5.86 MiB
[02/29 20:16:04 d2.evaluation.evaluator]: Start inference on 2919 batches
[02/29 20:16:08 d2.evaluation.evaluator]: Inference done 11/2919. Dataloading: 0.0021 s/iter. Inference: 0.1032 s/iter. Eval: 0.0002 s/iter. Total: 0.1056 s/iter. ETA=0:05:07
[02/29 20:16:13 d2.evaluation.evaluator]: Inference done 62/2919. Dataloading: 0.0024 s/iter. Inference: 0.0973 s/iter. Eval: 0.0002 s/iter. Total: 0.1006 s/iter. ETA=0:04:47
[02/29 20:16:18 d2.evaluation.evaluator]: Inference done 113/2919. Dataloading: 0.0025 s/iter. Inference: 0.0969 s/iter. Eval: 0.0002 s/iter. Total: 0.0999 s/iter. ETA=0:04:40
[02/29 20:16:24 d2.evaluation.evaluator]: Inference done 164/2919. Dataloading: 0.0025 s/iter. Inference: 0.0968 s/iter. Eval: 0.0002 s/iter. Total: 0.0998 s/iter. ETA=0:04:34
[02/29 20:16:29 d2.evaluation.evaluator]: Inference done 216/2919. Dataloading: 0.0025 s/iter. Inference: 0.0964 s/iter. Eval: 0.0002 s/iter. Total: 0.0993 s/iter. ETA=0:04:28
[02/29 20:16:34 d2.evaluation.evaluator]: Inference done 266/2919. Dataloading: 0.0025 s/iter. Inference: 0.0968 s/iter. Eval: 0.0002 s/iter. Total: 0.0997 s/iter. ETA=0:04:24
[02/29 20:16:39 d2.evaluation.evaluator]: Inference done 317/2919. Dataloading: 0.0026 s/iter. Inference: 0.0967 s/iter. Eval: 0.0002 s/iter. Total: 0.0997 s/iter. ETA=0:04:19
[02/29 20:16:44 d2.evaluation.evaluator]: Inference done 370/2919. Dataloading: 0.0025 s/iter. Inference: 0.0967 s/iter. Eval: 0.0002 s/iter. Total: 0.0996 s/iter. ETA=0:04:13
[02/29 20:16:49 d2.evaluation.evaluator]: Inference done 420/2919. Dataloading: 0.0025 s/iter. Inference: 0.0968 s/iter. Eval: 0.0002 s/iter. Total: 0.0997 s/iter. ETA=0:04:09
[02/29 20:16:54 d2.evaluation.evaluator]: Inference done 471/2919. Dataloading: 0.0025 s/iter. Inference: 0.0966 s/iter. Eval: 0.0002 s/iter. Total: 0.0995 s/iter. ETA=0:04:03
[02/29 20:16:59 d2.evaluation.evaluator]: Inference done 522/2919. Dataloading: 0.0025 s/iter. Inference: 0.0965 s/iter. Eval: 0.0002 s/iter. Total: 0.0994 s/iter. ETA=0:03:58
[02/29 20:17:04 d2.evaluation.evaluator]: Inference done 573/2919. Dataloading: 0.0025 s/iter. Inference: 0.0965 s/iter. Eval: 0.0002 s/iter. Total: 0.0993 s/iter. ETA=0:03:53
[02/29 20:17:09 d2.evaluation.evaluator]: Inference done 624/2919. Dataloading: 0.0025 s/iter. Inference: 0.0965 s/iter. Eval: 0.0002 s/iter. Total: 0.0994 s/iter. ETA=0:03:48
[02/29 20:17:14 d2.evaluation.evaluator]: Inference done 675/2919. Dataloading: 0.0025 s/iter. Inference: 0.0965 s/iter. Eval: 0.0002 s/iter. Total: 0.0994 s/iter. ETA=0:03:43
[02/29 20:17:19 d2.evaluation.evaluator]: Inference done 725/2919. Dataloading: 0.0026 s/iter. Inference: 0.0967 s/iter. Eval: 0.0002 s/iter. Total: 0.0996 s/iter. ETA=0:03:38
[02/29 20:17:24 d2.evaluation.evaluator]: Inference done 773/2919. Dataloading: 0.0026 s/iter. Inference: 0.0970 s/iter. Eval: 0.0002 s/iter. Total: 0.0999 s/iter. ETA=0:03:34
[02/29 20:17:29 d2.evaluation.evaluator]: Inference done 822/2919. Dataloading: 0.0026 s/iter. Inference: 0.0971 s/iter. Eval: 0.0002 s/iter. Total: 0.1001 s/iter. ETA=0:03:29
[02/29 20:17:34 d2.evaluation.evaluator]: Inference done 872/2919. Dataloading: 0.0026 s/iter. Inference: 0.0971 s/iter. Eval: 0.0002 s/iter. Total: 0.1001 s/iter. ETA=0:03:24
[02/29 20:17:39 d2.evaluation.evaluator]: Inference done 922/2919. Dataloading: 0.0026 s/iter. Inference: 0.0972 s/iter. Eval: 0.0002 s/iter. Total: 0.1001 s/iter. ETA=0:03:19
[02/29 20:17:44 d2.evaluation.evaluator]: Inference done 971/2919. Dataloading: 0.0026 s/iter. Inference: 0.0973 s/iter. Eval: 0.0002 s/iter. Total: 0.1002 s/iter. ETA=0:03:15
[02/29 20:17:49 d2.evaluation.evaluator]: Inference done 1021/2919. Dataloading: 0.0026 s/iter. Inference: 0.0973 s/iter. Eval: 0.0002 s/iter. Total: 0.1002 s/iter. ETA=0:03:10
[02/29 20:17:54 d2.evaluation.evaluator]: Inference done 1071/2919. Dataloading: 0.0026 s/iter. Inference: 0.0973 s/iter. Eval: 0.0002 s/iter. Total: 0.1003 s/iter. ETA=0:03:05
[02/29 20:17:59 d2.evaluation.evaluator]: Inference done 1123/2919. Dataloading: 0.0026 s/iter. Inference: 0.0972 s/iter. Eval: 0.0002 s/iter. Total: 0.1001 s/iter. ETA=0:02:59
[02/29 20:18:05 d2.evaluation.evaluator]: Inference done 1174/2919. Dataloading: 0.0026 s/iter. Inference: 0.0972 s/iter. Eval: 0.0002 s/iter. Total: 0.1001 s/iter. ETA=0:02:54
[02/29 20:18:10 d2.evaluation.evaluator]: Inference done 1224/2919. Dataloading: 0.0026 s/iter. Inference: 0.0972 s/iter. Eval: 0.0002 s/iter. Total: 0.1001 s/iter. ETA=0:02:49
[02/29 20:18:15 d2.evaluation.evaluator]: Inference done 1274/2919. Dataloading: 0.0026 s/iter. Inference: 0.0972 s/iter. Eval: 0.0002 s/iter. Total: 0.1001 s/iter. ETA=0:02:44
[02/29 20:18:20 d2.evaluation.evaluator]: Inference done 1324/2919. Dataloading: 0.0026 s/iter. Inference: 0.0972 s/iter. Eval: 0.0002 s/iter. Total: 0.1002 s/iter. ETA=0:02:39
[02/29 20:18:25 d2.evaluation.evaluator]: Inference done 1374/2919. Dataloading: 0.0026 s/iter. Inference: 0.0973 s/iter. Eval: 0.0002 s/iter. Total: 0.1002 s/iter. ETA=0:02:34
[02/29 20:18:30 d2.evaluation.evaluator]: Inference done 1424/2919. Dataloading: 0.0026 s/iter. Inference: 0.0973 s/iter. Eval: 0.0002 s/iter. Total: 0.1003 s/iter. ETA=0:02:29
[02/29 20:18:35 d2.evaluation.evaluator]: Inference done 1473/2919. Dataloading: 0.0026 s/iter. Inference: 0.0974 s/iter. Eval: 0.0002 s/iter. Total: 0.1004 s/iter. ETA=0:02:25
[02/29 20:18:40 d2.evaluation.evaluator]: Inference done 1523/2919. Dataloading: 0.0026 s/iter. Inference: 0.0974 s/iter. Eval: 0.0002 s/iter. Total: 0.1004 s/iter. ETA=0:02:20
[02/29 20:18:45 d2.evaluation.evaluator]: Inference done 1573/2919. Dataloading: 0.0026 s/iter. Inference: 0.0974 s/iter. Eval: 0.0002 s/iter. Total: 0.1004 s/iter. ETA=0:02:15
[02/29 20:18:50 d2.evaluation.evaluator]: Inference done 1623/2919. Dataloading: 0.0026 s/iter. Inference: 0.0975 s/iter. Eval: 0.0002 s/iter. Total: 0.1004 s/iter. ETA=0:02:10
[02/29 20:18:55 d2.evaluation.evaluator]: Inference done 1672/2919. Dataloading: 0.0026 s/iter. Inference: 0.0975 s/iter. Eval: 0.0002 s/iter. Total: 0.1005 s/iter. ETA=0:02:05
[02/29 20:19:00 d2.evaluation.evaluator]: Inference done 1722/2919. Dataloading: 0.0026 s/iter. Inference: 0.0975 s/iter. Eval: 0.0002 s/iter. Total: 0.1005 s/iter. ETA=0:02:00
[02/29 20:19:05 d2.evaluation.evaluator]: Inference done 1772/2919. Dataloading: 0.0026 s/iter. Inference: 0.0975 s/iter. Eval: 0.0002 s/iter. Total: 0.1005 s/iter. ETA=0:01:55
[02/29 20:19:10 d2.evaluation.evaluator]: Inference done 1822/2919. Dataloading: 0.0026 s/iter. Inference: 0.0976 s/iter. Eval: 0.0002 s/iter. Total: 0.1005 s/iter. ETA=0:01:50
[02/29 20:19:15 d2.evaluation.evaluator]: Inference done 1872/2919. Dataloading: 0.0026 s/iter. Inference: 0.0976 s/iter. Eval: 0.0002 s/iter. Total: 0.1005 s/iter. ETA=0:01:45
[02/29 20:19:20 d2.evaluation.evaluator]: Inference done 1922/2919. Dataloading: 0.0026 s/iter. Inference: 0.0976 s/iter. Eval: 0.0002 s/iter. Total: 0.1005 s/iter. ETA=0:01:40
[02/29 20:19:25 d2.evaluation.evaluator]: Inference done 1972/2919. Dataloading: 0.0026 s/iter. Inference: 0.0976 s/iter. Eval: 0.0002 s/iter. Total: 0.1006 s/iter. ETA=0:01:35
[02/29 20:19:30 d2.evaluation.evaluator]: Inference done 2023/2919. Dataloading: 0.0026 s/iter. Inference: 0.0976 s/iter. Eval: 0.0002 s/iter. Total: 0.1005 s/iter. ETA=0:01:30
[02/29 20:19:35 d2.evaluation.evaluator]: Inference done 2073/2919. Dataloading: 0.0026 s/iter. Inference: 0.0976 s/iter. Eval: 0.0002 s/iter. Total: 0.1006 s/iter. ETA=0:01:25
[02/29 20:19:41 d2.evaluation.evaluator]: Inference done 2122/2919. Dataloading: 0.0026 s/iter. Inference: 0.0977 s/iter. Eval: 0.0002 s/iter. Total: 0.1006 s/iter. ETA=0:01:20
[02/29 20:19:46 d2.evaluation.evaluator]: Inference done 2172/2919. Dataloading: 0.0026 s/iter. Inference: 0.0977 s/iter. Eval: 0.0002 s/iter. Total: 0.1006 s/iter. ETA=0:01:15
[02/29 20:19:51 d2.evaluation.evaluator]: Inference done 2222/2919. Dataloading: 0.0026 s/iter. Inference: 0.0977 s/iter. Eval: 0.0002 s/iter. Total: 0.1007 s/iter. ETA=0:01:10
[02/29 20:19:56 d2.evaluation.evaluator]: Inference done 2272/2919. Dataloading: 0.0026 s/iter. Inference: 0.0977 s/iter. Eval: 0.0002 s/iter. Total: 0.1007 s/iter. ETA=0:01:05
[02/29 20:20:01 d2.evaluation.evaluator]: Inference done 2321/2919. Dataloading: 0.0026 s/iter. Inference: 0.0978 s/iter. Eval: 0.0002 s/iter. Total: 0.1007 s/iter. ETA=0:01:00
[02/29 20:20:06 d2.evaluation.evaluator]: Inference done 2371/2919. Dataloading: 0.0026 s/iter. Inference: 0.0978 s/iter. Eval: 0.0002 s/iter. Total: 0.1007 s/iter. ETA=0:00:55
[02/29 20:20:11 d2.evaluation.evaluator]: Inference done 2422/2919. Dataloading: 0.0026 s/iter. Inference: 0.0977 s/iter. Eval: 0.0002 s/iter. Total: 0.1007 s/iter. ETA=0:00:50
[02/29 20:20:16 d2.evaluation.evaluator]: Inference done 2471/2919. Dataloading: 0.0026 s/iter. Inference: 0.0978 s/iter. Eval: 0.0002 s/iter. Total: 0.1007 s/iter. ETA=0:00:45
[02/29 20:20:21 d2.evaluation.evaluator]: Inference done 2520/2919. Dataloading: 0.0026 s/iter. Inference: 0.0978 s/iter. Eval: 0.0002 s/iter. Total: 0.1008 s/iter. ETA=0:00:40
[02/29 20:20:26 d2.evaluation.evaluator]: Inference done 2570/2919. Dataloading: 0.0026 s/iter. Inference: 0.0978 s/iter. Eval: 0.0002 s/iter. Total: 0.1008 s/iter. ETA=0:00:35
[02/29 20:20:31 d2.evaluation.evaluator]: Inference done 2620/2919. Dataloading: 0.0026 s/iter. Inference: 0.0978 s/iter. Eval: 0.0002 s/iter. Total: 0.1008 s/iter. ETA=0:00:30
[02/29 20:20:36 d2.evaluation.evaluator]: Inference done 2670/2919. Dataloading: 0.0026 s/iter. Inference: 0.0978 s/iter. Eval: 0.0002 s/iter. Total: 0.1008 s/iter. ETA=0:00:25
[02/29 20:20:41 d2.evaluation.evaluator]: Inference done 2719/2919. Dataloading: 0.0026 s/iter. Inference: 0.0979 s/iter. Eval: 0.0002 s/iter. Total: 0.1008 s/iter. ETA=0:00:20
[02/29 20:20:46 d2.evaluation.evaluator]: Inference done 2768/2919. Dataloading: 0.0026 s/iter. Inference: 0.0979 s/iter. Eval: 0.0002 s/iter. Total: 0.1009 s/iter. ETA=0:00:15
[02/29 20:20:51 d2.evaluation.evaluator]: Inference done 2817/2919. Dataloading: 0.0027 s/iter. Inference: 0.0980 s/iter. Eval: 0.0002 s/iter. Total: 0.1009 s/iter. ETA=0:00:10
[02/29 20:20:56 d2.evaluation.evaluator]: Inference done 2867/2919. Dataloading: 0.0027 s/iter. Inference: 0.0980 s/iter. Eval: 0.0002 s/iter. Total: 0.1009 s/iter. ETA=0:00:05
[02/29 20:21:01 d2.evaluation.evaluator]: Inference done 2917/2919. Dataloading: 0.0027 s/iter. Inference: 0.0980 s/iter. Eval: 0.0002 s/iter. Total: 0.1009 s/iter. ETA=0:00:00
[02/29 20:21:02 d2.evaluation.evaluator]: Total inference time: 0:04:54.169263 (0.100950 s / iter per device, on 1 devices)
[02/29 20:21:02 d2.evaluation.evaluator]: Total inference pure compute time: 0:04:45 (0.097965 s / iter per device, on 1 devices)
[02/29 20:21:02 d2.evaluation.coco_evaluation]: Preparing results for COCO format ...
[02/29 20:21:02 d2.evaluation.coco_evaluation]: Saving results to outputs_prueba/COCO-Detection/coco_instances_results.json
[02/29 20:21:02 d2.evaluation.coco_evaluation]: Evaluating predictions with unofficial COCO API...
Loading and preparing results...
DONE (t=0.60s)
creating index...
index created!
[02/29 20:21:03 d2.evaluation.fast_eval_api]: Evaluate annotation type *bbox*
[02/29 20:21:08 d2.evaluation.fast_eval_api]: COCOeval_opt.evaluate() finished in 5.75 seconds.
[02/29 20:21:08 d2.evaluation.fast_eval_api]: Accumulating evaluation results...
[02/29 20:21:09 d2.evaluation.fast_eval_api]: COCOeval_opt.accumulate() finished in 0.67 seconds.
 Average Precision  (AP) @[ IoU=0.50:0.95 | area=   all | maxDets=100 ] = 0.359
 Average Precision  (AP) @[ IoU=0.50      | area=   all | maxDets=100 ] = 0.529
 Average Precision  (AP) @[ IoU=0.75      | area=   all | maxDets=100 ] = 0.395
 Average Precision  (AP) @[ IoU=0.50:0.95 | area= small | maxDets=100 ] = 0.216
 Average Precision  (AP) @[ IoU=0.50:0.95 | area=medium | maxDets=100 ] = 0.443
 Average Precision  (AP) @[ IoU=0.50:0.95 | area= large | maxDets=100 ] = 0.437
 Average Recall     (AR) @[ IoU=0.50:0.95 | area=   all | maxDets=  1 ] = 0.129
 Average Recall     (AR) @[ IoU=0.50:0.95 | area=   all | maxDets= 10 ] = 0.410
 Average Recall     (AR) @[ IoU=0.50:0.95 | area=   all | maxDets=100 ] = 0.420
 Average Recall     (AR) @[ IoU=0.50:0.95 | area= small | maxDets=100 ] = 0.294
 Average Recall     (AR) @[ IoU=0.50:0.95 | area=medium | maxDets=100 ] = 0.490
 Average Recall     (AR) @[ IoU=0.50:0.95 | area= large | maxDets=100 ] = 0.602
[02/29 20:21:09 d2.evaluation.coco_evaluation]: Evaluation results for bbox: 
|   AP   |  AP50  |  AP75  |  APs   |  APm   |  APl   |
|:------:|:------:|:------:|:------:|:------:|:------:|
| 35.891 | 52.933 | 39.548 | 21.552 | 44.309 | 43.735 |
[02/29 20:21:09 d2.evaluation.coco_evaluation]: Per-category bbox AP: 
| category   | AP     | category   | AP   | category   | AP     |
|:-----------|:-------|:-----------|:-----|:-----------|:-------|
| pedestrian | 45.015 |            | nan  | car        | 62.657 |
|            | nan    |            | nan  |            | nan    |
|            | nan    |            | nan  |            | nan    |
|            | nan    |            | nan  |            | nan    |
|            | nan    |            | nan  |            | nan    |
|            | nan    |            | nan  |            | nan    |
|            | nan    |            | nan  |            | nan    |
|            | nan    |            | nan  |            | nan    |
|            | nan    |            | nan  |            | nan    |
|            | nan    |            | nan  |            | nan    |
|            | nan    |            | nan  |            | nan    |
|            | nan    |            | nan  |            | nan    |
|            | nan    |            | nan  |            | nan    |
|            | nan    |            | nan  |            | nan    |
|            | nan    |            | nan  |            | nan    |
|            | nan    |            | nan  |            | nan    |
|            | nan    |            | nan  |            | nan    |
|            | nan    |            | nan  |            | nan    |
|            | nan    |            | nan  |            | nan    |
|            | nan    |            | nan  |            | nan    |
|            | nan    |            | nan  |            | nan    |
|            | nan    |            | nan  |            | nan    |
|            | nan    |            | nan  |            | nan    |
|            | nan    |            | nan  | sink       | 0.000  |
|            | nan    |            | nan  |            | nan    |
|            | nan    |            | nan  |            | nan    |
|            | nan    |            | nan  | background | nan    |
OrderedDict([('bbox', {'AP': 35.89092189096759, 'AP50': 52.933302184312744, 'AP75': 39.54752452663221, 'APs': 21.55172031867874, 'APm': 44.30894526261253, 'APl': 43.7351958275975, 'AP-pedestrian': 45.015294049143534, 'AP-': nan, 'AP-car': 62.65747162375923, 'AP-sink': 0.0, 'AP-background': nan})])
