Loading data.
Looping through test dataloader...
0 torch.Size([16, 3, 256, 256]) tensor([6, 7, 2, 0, 2, 2, 0, 2, 3, 1, 0, 5, 5, 1, 5, 3]) ('street', 'tallbuilding', 'forest', 'Opencountry', 'forest', 'forest', 'Opencountry', 'forest', 'highway', 'coast', 'Opencountry', 'mountain', 'mountain', 'coast', 'mountain', 'highway')
1 torch.Size([16, 3, 256, 256]) tensor([7, 6, 2, 1, 1, 0, 4, 1, 3, 1, 2, 0, 2, 7, 3, 0]) ('tallbuilding', 'street', 'forest', 'coast', 'coast', 'Opencountry', 'inside_city', 'coast', 'highway', 'coast', 'forest', 'Opencountry', 'forest', 'tallbuilding', 'highway', 'Opencountry')
2 torch.Size([16, 3, 256, 256]) tensor([4, 1, 5, 3, 0, 4, 1, 7, 3, 1, 6, 5, 3, 0, 0, 7]) ('inside_city', 'coast', 'mountain', 'highway', 'Opencountry', 'inside_city', 'coast', 'tallbuilding', 'highway', 'coast', 'street', 'mountain', 'highway', 'Opencountry', 'Opencountry', 'tallbuilding')
3 torch.Size([16, 3, 256, 256]) tensor([0, 5, 6, 3, 2, 5, 3, 1, 1, 6, 3, 3, 5, 6, 2, 4]) ('Opencountry', 'mountain', 'street', 'highway', 'forest', 'mountain', 'highway', 'coast', 'coast', 'street', 'highway', 'highway', 'mountain', 'street', 'forest', 'inside_city')
4 torch.Size([16, 3, 256, 256]) tensor([1, 0, 1, 0, 7, 7, 1, 4, 0, 3, 2, 4, 1, 3, 3, 4]) ('coast', 'Opencountry', 'coast', 'Opencountry', 'tallbuilding', 'tallbuilding', 'coast', 'inside_city', 'Opencountry', 'highway', 'forest', 'inside_city', 'coast', 'highway', 'highway', 'inside_city')
5 torch.Size([16, 3, 256, 256]) tensor([6, 2, 0, 2, 1, 7, 5, 4, 7, 5, 0, 6, 6, 0, 1, 7]) ('street', 'forest', 'Opencountry', 'forest', 'coast', 'tallbuilding', 'mountain', 'inside_city', 'tallbuilding', 'mountain', 'Opencountry', 'street', 'street', 'Opencountry', 'coast', 'tallbuilding')
6 torch.Size([16, 3, 256, 256]) tensor([1, 2, 7, 4, 7, 4, 1, 7, 3, 7, 0, 2, 5, 0, 7, 0]) ('coast', 'forest', 'tallbuilding', 'inside_city', 'tallbuilding', 'inside_city', 'coast', 'tallbuilding', 'highway', 'tallbuilding', 'Opencountry', 'forest', 'mountain', 'Opencountry', 'tallbuilding', 'Opencountry')
7 torch.Size([16, 3, 256, 256]) tensor([4, 1, 1, 7, 3, 5, 5, 3, 5, 6, 3, 7, 5, 5, 5, 1]) ('inside_city', 'coast', 'coast', 'tallbuilding', 'highway', 'mountain', 'mountain', 'highway', 'mountain', 'street', 'highway', 'tallbuilding', 'mountain', 'mountain', 'mountain', 'coast')
8 torch.Size([16, 3, 256, 256]) tensor([4, 1, 5, 0, 7, 3, 7, 0, 5, 2, 6, 5, 0, 5, 5, 5]) ('inside_city', 'coast', 'mountain', 'Opencountry', 'tallbuilding', 'highway', 'tallbuilding', 'Opencountry', 'mountain', 'forest', 'street', 'mountain', 'Opencountry', 'mountain', 'mountain', 'mountain')
9 torch.Size([16, 3, 256, 256]) tensor([1, 1, 1, 7, 5, 2, 0, 4, 4, 4, 6, 0, 0, 2, 7, 1]) ('coast', 'coast', 'coast', 'tallbuilding', 'mountain', 'forest', 'Opencountry', 'inside_city', 'inside_city', 'inside_city', 'street', 'Opencountry', 'Opencountry', 'forest', 'tallbuilding', 'coast')
10 torch.Size([16, 3, 256, 256]) tensor([6, 7, 4, 4, 7, 1, 0, 1, 3, 6, 2, 0, 0, 7, 6, 4]) ('street', 'tallbuilding', 'inside_city', 'inside_city', 'tallbuilding', 'coast', 'Opencountry', 'coast', 'highway', 'street', 'forest', 'Opencountry', 'Opencountry', 'tallbuilding', 'street', 'inside_city')
11 torch.Size([16, 3, 256, 256]) tensor([3, 2, 2, 6, 6, 7, 1, 3, 4, 1, 2, 3, 0, 2, 4, 1]) ('highway', 'forest', 'forest', 'street', 'street', 'tallbuilding', 'coast', 'highway', 'inside_city', 'coast', 'forest', 'highway', 'Opencountry', 'forest', 'inside_city', 'coast')
12 torch.Size([16, 3, 256, 256]) tensor([1, 7, 7, 7, 7, 4, 4, 1, 0, 3, 1, 4, 3, 2, 7, 7]) ('coast', 'tallbuilding', 'tallbuilding', 'tallbuilding', 'tallbuilding', 'inside_city', 'inside_city', 'coast', 'Opencountry', 'highway', 'coast', 'inside_city', 'highway', 'forest', 'tallbuilding', 'tallbuilding')
13 torch.Size([16, 3, 256, 256]) tensor([4, 4, 2, 4, 6, 0, 7, 0, 6, 6, 2, 1, 5, 7, 4, 7]) ('inside_city', 'inside_city', 'forest', 'inside_city', 'street', 'Opencountry', 'tallbuilding', 'Opencountry', 'street', 'street', 'forest', 'coast', 'mountain', 'tallbuilding', 'inside_city', 'tallbuilding')
14 torch.Size([16, 3, 256, 256]) tensor([1, 0, 5, 5, 5, 1, 2, 0, 4, 6, 5, 5, 1, 2, 0, 3]) ('coast', 'Opencountry', 'mountain', 'mountain', 'mountain', 'coast', 'forest', 'Opencountry', 'inside_city', 'street', 'mountain', 'mountain', 'coast', 'forest', 'Opencountry', 'highway')
15 torch.Size([16, 3, 256, 256]) tensor([5, 6, 4, 5, 6, 4, 6, 4, 1, 5, 2, 0, 0, 2, 5, 7]) ('mountain', 'street', 'inside_city', 'mountain', 'street', 'inside_city', 'street', 'inside_city', 'coast', 'mountain', 'forest', 'Opencountry', 'Opencountry', 'forest', 'mountain', 'tallbuilding')
16 torch.Size([16, 3, 256, 256]) tensor([2, 0, 7, 3, 0, 2, 7, 4, 0, 0, 1, 2, 5, 6, 3, 2]) ('forest', 'Opencountry', 'tallbuilding', 'highway', 'Opencountry', 'forest', 'tallbuilding', 'inside_city', 'Opencountry', 'Opencountry', 'coast', 'forest', 'mountain', 'street', 'highway', 'forest')
17 torch.Size([16, 3, 256, 256]) tensor([3, 5, 4, 7, 0, 7, 5, 4, 5, 2, 2, 7, 3, 1, 7, 4]) ('highway', 'mountain', 'inside_city', 'tallbuilding', 'Opencountry', 'tallbuilding', 'mountain', 'inside_city', 'mountain', 'forest', 'forest', 'tallbuilding', 'highway', 'coast', 'tallbuilding', 'inside_city')
18 torch.Size([16, 3, 256, 256]) tensor([7, 7, 1, 5, 4, 3, 0, 3, 6, 3, 0, 5, 7, 1, 7, 5]) ('tallbuilding', 'tallbuilding', 'coast', 'mountain', 'inside_city', 'highway', 'Opencountry', 'highway', 'street', 'highway', 'Opencountry', 'mountain', 'tallbuilding', 'coast', 'tallbuilding', 'mountain')
19 torch.Size([16, 3, 256, 256]) tensor([2, 3, 6, 7, 7, 3, 4, 5, 6, 6, 0, 1, 4, 2, 2, 5]) ('forest', 'highway', 'street', 'tallbuilding', 'tallbuilding', 'highway', 'inside_city', 'mountain', 'street', 'street', 'Opencountry', 'coast', 'inside_city', 'forest', 'forest', 'mountain')
20 torch.Size([16, 3, 256, 256]) tensor([5, 1, 3, 7, 0, 5, 7, 2, 0, 7, 1, 6, 3, 4, 1, 4]) ('mountain', 'coast', 'highway', 'tallbuilding', 'Opencountry', 'mountain', 'tallbuilding', 'forest', 'Opencountry', 'tallbuilding', 'coast', 'street', 'highway', 'inside_city', 'coast', 'inside_city')
21 torch.Size([16, 3, 256, 256]) tensor([2, 5, 0, 3, 7, 4, 4, 2, 0, 4, 5, 1, 2, 1, 1, 3]) ('forest', 'mountain', 'Opencountry', 'highway', 'tallbuilding', 'inside_city', 'inside_city', 'forest', 'Opencountry', 'inside_city', 'mountain', 'coast', 'forest', 'coast', 'coast', 'highway')
22 torch.Size([16, 3, 256, 256]) tensor([7, 4, 7, 0, 6, 0, 0, 0, 1, 7, 7, 6, 2, 2, 1, 5]) ('tallbuilding', 'inside_city', 'tallbuilding', 'Opencountry', 'street', 'Opencountry', 'Opencountry', 'Opencountry', 'coast', 'tallbuilding', 'tallbuilding', 'street', 'forest', 'forest', 'coast', 'mountain')
23 torch.Size([16, 3, 256, 256]) tensor([4, 4, 7, 7, 7, 0, 3, 0, 0, 1, 6, 7, 0, 0, 2, 7]) ('inside_city', 'inside_city', 'tallbuilding', 'tallbuilding', 'tallbuilding', 'Opencountry', 'highway', 'Opencountry', 'Opencountry', 'coast', 'street', 'tallbuilding', 'Opencountry', 'Opencountry', 'forest', 'tallbuilding')
24 torch.Size([16, 3, 256, 256]) tensor([1, 0, 3, 5, 1, 1, 7, 6, 6, 1, 0, 4, 5, 1, 7, 3]) ('coast', 'Opencountry', 'highway', 'mountain', 'coast', 'coast', 'tallbuilding', 'street', 'street', 'coast', 'Opencountry', 'inside_city', 'mountain', 'coast', 'tallbuilding', 'highway')
25 torch.Size([16, 3, 256, 256]) tensor([6, 2, 6, 2, 0, 0, 5, 1, 0, 1, 3, 2, 2, 4, 1, 4]) ('street', 'forest', 'street', 'forest', 'Opencountry', 'Opencountry', 'mountain', 'coast', 'Opencountry', 'coast', 'highway', 'forest', 'forest', 'inside_city', 'coast', 'inside_city')
26 torch.Size([16, 3, 256, 256]) tensor([7, 4, 0, 2, 6, 6, 5, 6, 2, 7, 5, 7, 4, 1, 0, 4]) ('tallbuilding', 'inside_city', 'Opencountry', 'forest', 'street', 'street', 'mountain', 'street', 'forest', 'tallbuilding', 'mountain', 'tallbuilding', 'inside_city', 'coast', 'Opencountry', 'inside_city')
27 torch.Size([16, 3, 256, 256]) tensor([5, 7, 0, 4, 5, 4, 2, 7, 5, 0, 2, 3, 1, 3, 0, 0]) ('mountain', 'tallbuilding', 'Opencountry', 'inside_city', 'mountain', 'inside_city', 'forest', 'tallbuilding', 'mountain', 'Opencountry', 'forest', 'highway', 'coast', 'highway', 'Opencountry', 'Opencountry')
28 torch.Size([16, 3, 256, 256]) tensor([5, 0, 0, 2, 5, 2, 7, 0, 1, 6, 0, 0, 3, 7, 6, 2]) ('mountain', 'Opencountry', 'Opencountry', 'forest', 'mountain', 'forest', 'tallbuilding', 'Opencountry', 'coast', 'street', 'Opencountry', 'Opencountry', 'highway', 'tallbuilding', 'street', 'forest')
29 torch.Size([16, 3, 256, 256]) tensor([5, 7, 1, 5, 0, 1, 7, 4, 6, 0, 2, 1, 1, 5, 2, 2]) ('mountain', 'tallbuilding', 'coast', 'mountain', 'Opencountry', 'coast', 'tallbuilding', 'inside_city', 'street', 'Opencountry', 'forest', 'coast', 'coast', 'mountain', 'forest', 'forest')
30 torch.Size([16, 3, 256, 256]) tensor([0, 2, 2, 1, 4, 3, 5, 6, 5, 2, 6, 4, 5, 5, 2, 7]) ('Opencountry', 'forest', 'forest', 'coast', 'inside_city', 'highway', 'mountain', 'street', 'mountain', 'forest', 'street', 'inside_city', 'mountain', 'mountain', 'forest', 'tallbuilding')
31 torch.Size([16, 3, 256, 256]) tensor([6, 0, 5, 6, 2, 5, 0, 2, 1, 1, 5, 0, 2, 2, 2, 4]) ('street', 'Opencountry', 'mountain', 'street', 'forest', 'mountain', 'Opencountry', 'forest', 'coast', 'coast', 'mountain', 'Opencountry', 'forest', 'forest', 'forest', 'inside_city')
32 torch.Size([16, 3, 256, 256]) tensor([1, 6, 6, 0, 3, 1, 1, 3, 1, 3, 1, 0, 6, 1, 1, 5]) ('coast', 'street', 'street', 'Opencountry', 'highway', 'coast', 'coast', 'highway', 'coast', 'highway', 'coast', 'Opencountry', 'street', 'coast', 'coast', 'mountain')
33 torch.Size([16, 3, 256, 256]) tensor([0, 4, 3, 3, 0, 4, 5, 4, 0, 2, 7, 5, 5, 0, 2, 4]) ('Opencountry', 'inside_city', 'highway', 'highway', 'Opencountry', 'inside_city', 'mountain', 'inside_city', 'Opencountry', 'forest', 'tallbuilding', 'mountain', 'mountain', 'Opencountry', 'forest', 'inside_city')
34 torch.Size([16, 3, 256, 256]) tensor([5, 5, 7, 7, 4, 4, 3, 7, 5, 5, 0, 6, 4, 0, 1, 3]) ('mountain', 'mountain', 'tallbuilding', 'tallbuilding', 'inside_city', 'inside_city', 'highway', 'tallbuilding', 'mountain', 'mountain', 'Opencountry', 'street', 'inside_city', 'Opencountry', 'coast', 'highway')
35 torch.Size([16, 3, 256, 256]) tensor([6, 7, 6, 5, 1, 2, 0, 0, 5, 0, 1, 1, 5, 0, 7, 2]) ('street', 'tallbuilding', 'street', 'mountain', 'coast', 'forest', 'Opencountry', 'Opencountry', 'mountain', 'Opencountry', 'coast', 'coast', 'mountain', 'Opencountry', 'tallbuilding', 'forest')
36 torch.Size([16, 3, 256, 256]) tensor([3, 4, 4, 2, 1, 7, 3, 1, 3, 4, 1, 5, 4, 0, 5, 3]) ('highway', 'inside_city', 'inside_city', 'forest', 'coast', 'tallbuilding', 'highway', 'coast', 'highway', 'inside_city', 'coast', 'mountain', 'inside_city', 'Opencountry', 'mountain', 'highway')
37 torch.Size([16, 3, 256, 256]) tensor([5, 3, 7, 2, 5, 5, 6, 3, 7, 1, 0, 1, 3, 6, 1, 6]) ('mountain', 'highway', 'tallbuilding', 'forest', 'mountain', 'mountain', 'street', 'highway', 'tallbuilding', 'coast', 'Opencountry', 'coast', 'highway', 'street', 'coast', 'street')
38 torch.Size([16, 3, 256, 256]) tensor([4, 2, 6, 2, 7, 2, 5, 3, 7, 7, 1, 1, 2, 2, 4, 5]) ('inside_city', 'forest', 'street', 'forest', 'tallbuilding', 'forest', 'mountain', 'highway', 'tallbuilding', 'tallbuilding', 'coast', 'coast', 'forest', 'forest', 'inside_city', 'mountain')
39 torch.Size([16, 3, 256, 256]) tensor([0, 5, 2, 1, 4, 6, 7, 7, 7, 7, 5, 2, 1, 2, 0, 7]) ('Opencountry', 'mountain', 'forest', 'coast', 'inside_city', 'street', 'tallbuilding', 'tallbuilding', 'tallbuilding', 'tallbuilding', 'mountain', 'forest', 'coast', 'forest', 'Opencountry', 'tallbuilding')
40 torch.Size([16, 3, 256, 256]) tensor([7, 0, 5, 7, 1, 2, 5, 5, 6, 5, 5, 1, 2, 3, 2, 6]) ('tallbuilding', 'Opencountry', 'mountain', 'tallbuilding', 'coast', 'forest', 'mountain', 'mountain', 'street', 'mountain', 'mountain', 'coast', 'forest', 'highway', 'forest', 'street')
41 torch.Size([16, 3, 256, 256]) tensor([1, 0, 1, 6, 7, 0, 6, 7, 5, 5, 0, 4, 6, 7, 5, 4]) ('coast', 'Opencountry', 'coast', 'street', 'tallbuilding', 'Opencountry', 'street', 'tallbuilding', 'mountain', 'mountain', 'Opencountry', 'inside_city', 'street', 'tallbuilding', 'mountain', 'inside_city')
42 torch.Size([16, 3, 256, 256]) tensor([4, 4, 0, 4, 2, 6, 6, 0, 7, 7, 1, 5, 6, 7, 4, 2]) ('inside_city', 'inside_city', 'Opencountry', 'inside_city', 'forest', 'street', 'street', 'Opencountry', 'tallbuilding', 'tallbuilding', 'coast', 'mountain', 'street', 'tallbuilding', 'inside_city', 'forest')
43 torch.Size([16, 3, 256, 256]) tensor([3, 6, 7, 4, 4, 3, 0, 0, 3, 6, 6, 1, 1, 5, 1, 2]) ('highway', 'street', 'tallbuilding', 'inside_city', 'inside_city', 'highway', 'Opencountry', 'Opencountry', 'highway', 'street', 'street', 'coast', 'coast', 'mountain', 'coast', 'forest')
44 torch.Size([16, 3, 256, 256]) tensor([7, 7, 2, 5, 5, 3, 1, 1, 1, 4, 0, 3, 0, 4, 7, 4]) ('tallbuilding', 'tallbuilding', 'forest', 'mountain', 'mountain', 'highway', 'coast', 'coast', 'coast', 'inside_city', 'Opencountry', 'highway', 'Opencountry', 'inside_city', 'tallbuilding', 'inside_city')
45 torch.Size([16, 3, 256, 256]) tensor([0, 0, 5, 1, 2, 6, 0, 2, 4, 5, 3, 1, 0, 7, 6, 5]) ('Opencountry', 'Opencountry', 'mountain', 'coast', 'forest', 'street', 'Opencountry', 'forest', 'inside_city', 'mountain', 'highway', 'coast', 'Opencountry', 'tallbuilding', 'street', 'mountain')
46 torch.Size([16, 3, 256, 256]) tensor([4, 6, 1, 4, 6, 5, 7, 5, 0, 2, 0, 3, 1, 7, 5, 1]) ('inside_city', 'street', 'coast', 'inside_city', 'street', 'mountain', 'tallbuilding', 'mountain', 'Opencountry', 'forest', 'Opencountry', 'highway', 'coast', 'tallbuilding', 'mountain', 'coast')
47 torch.Size([16, 3, 256, 256]) tensor([1, 7, 5, 2, 0, 4, 4, 5, 2, 4, 4, 5, 1, 5, 3, 3]) ('coast', 'tallbuilding', 'mountain', 'forest', 'Opencountry', 'inside_city', 'inside_city', 'mountain', 'forest', 'inside_city', 'inside_city', 'mountain', 'coast', 'mountain', 'highway', 'highway')
48 torch.Size([16, 3, 256, 256]) tensor([4, 4, 3, 2, 6, 5, 6, 1, 6, 0, 2, 1, 6, 2, 2, 5]) ('inside_city', 'inside_city', 'highway', 'forest', 'street', 'mountain', 'street', 'coast', 'street', 'Opencountry', 'forest', 'coast', 'street', 'forest', 'forest', 'mountain')
49 torch.Size([16, 3, 256, 256]) tensor([5, 1, 7, 7, 1, 0, 3, 6, 0, 0, 2, 3, 5, 7, 3, 4]) ('mountain', 'coast', 'tallbuilding', 'tallbuilding', 'coast', 'Opencountry', 'highway', 'street', 'Opencountry', 'Opencountry', 'forest', 'highway', 'mountain', 'tallbuilding', 'highway', 'inside_city')
50 torch.Size([7, 3, 256, 256]) tensor([4, 0, 6, 2, 6, 2, 1]) ('inside_city', 'Opencountry', 'street', 'forest', 'street', 'forest', 'coast')

Initializing the Model...
Initializing Model with cuda

loss: ContrastiveLoss(
  (distance): LpDistance()
  (reducer): MultipleReducers(
    (reducers): ModuleDict(
      (pos_loss): AvgNonZeroReducer()
      (neg_loss): AvgNonZeroReducer()
    )
    (default_reducer): MeanReducer()
  )
)
[3, 7, 1, 2, 6, 5, 2, 0, 2, 2, 3, 6, 3, 5, 5, 0, 5, 1, 1, 4, 5, 7, 5, 5, 0, 3, 0, 4, 7, 3, 5, 1, 4, 7, 3, 6, 7, 2, 2, 6, 1, 2, 3, 3, 0, 1, 1, 5, 3, 0, 2, 2, 7, 4, 1, 5, 6, 0, 4, 6, 0, 4, 1, 5, 4, 3, 6, 7, 3, 4, 7, 0, 5, 2, 5, 6, 3, 0, 2, 5, 7, 2, 2, 0, 5, 0, 0, 7, 2, 7, 1, 7, 6, 0, 1, 1, 6, 3, 5, 2, 7, 5, 4, 6, 7, 2, 1, 0, 0, 2, 4, 4, 3, 6, 6, 7, 0, 2, 7, 4, 6, 5, 1, 6, 4, 6, 4, 4, 6, 0, 0, 4, 7, 5, 1, 3, 2, 4, 0, 7, 5, 2, 1, 5, 5, 7, 3, 1, 3, 3, 6, 5, 0, 5, 6, 7, 7, 0, 4, 0, 4, 3, 1, 7, 2, 4, 1, 5, 1, 4, 1, 4, 6, 3, 5, 4, 4, 2, 4, 6, 1, 1, 0, 2, 0, 6, 3, 5, 5, 0, 5, 3, 6, 6, 1, 1, 0, 2, 3, 7, 4, 1, 0, 0, 7, 5, 6, 0, 2, 0, 0, 3, 4, 3, 7, 6, 5, 5, 1, 7, 7, 6, 7, 6, 1, 4, 0, 3, 4, 4, 4, 4, 2, 0, 1, 5, 0, 1, 1, 1, 5, 0, 1, 2, 5, 4, 4, 0, 2, 1, 0, 2, 4, 7, 0, 2, 0, 5, 6, 1, 6, 4, 5, 1, 7, 7, 3, 0, 3, 2, 5, 2, 2, 2, 1, 5, 3, 0, 5, 0, 6, 0, 7, 3, 4, 0, 4, 6, 3, 4, 4, 7, 4, 3, 1, 1, 5, 5, 4, 4, 1, 5, 6, 7, 5, 5, 6, 7, 5, 2, 6, 4, 7, 5, 5, 4, 1, 0, 3, 7, 4, 5, 0, 2, 6, 0, 7, 4, 3, 0, 5, 2, 4, 5, 0, 6, 5, 0, 7, 2, 0, 0, 0, 2, 2, 4, 5, 2, 5, 4, 1, 4, 2, 7, 5, 4, 7, 6, 6, 7, 0, 2, 4, 5, 4, 1, 6, 1, 1, 7, 1, 1, 2, 7, 1, 7, 6, 4, 5, 5, 5, 0, 3, 3, 0, 5, 5, 0, 0, 7, 5, 6, 1, 6, 5, 2, 0, 7, 5, 5, 1, 1, 7, 7, 0, 5, 5, 0, 2, 2, 5, 0, 1, 2, 0, 2, 4, 5, 4, 7, 0, 1, 7, 6, 0, 0, 6, 5, 3, 7, 1, 4, 0, 7, 0, 5, 2, 5, 4, 6, 3, 5, 7, 1, 4, 5, 3, 6, 7, 3, 7, 6, 6, 7, 0, 3, 3, 3, 0, 0, 5, 6, 4, 6, 2, 2, 7, 1, 1, 6, 7, 5, 0, 6, 3, 4, 0, 6, 6, 5, 2, 4, 1, 1, 2, 7, 1, 6, 3, 5, 4, 4, 0, 0, 0, 3, 1, 4, 7, 2, 4, 6, 4, 7, 3, 4, 4, 7, 1, 7, 2, 2, 2, 7, 7, 5, 0, 7, 7, 6, 3, 0, 0, 3, 1, 3, 7, 5, 1, 4, 7, 5, 4, 1, 4, 7, 5, 5, 6, 5, 0, 0, 4, 2, 6, 5, 1, 5, 0, 1, 6, 7, 2, 1, 1, 1, 5, 7, 0, 6, 1, 5, 5, 6, 2, 6, 7, 7, 7, 3, 1, 4, 2, 3, 6, 4, 5, 2, 6, 6, 6, 3, 7, 5, 6, 7, 2, 5, 0, 4, 7, 1, 4, 1, 1, 3, 4, 2, 1, 1, 5, 6, 2, 5, 1, 3, 0, 1, 5, 6, 5, 2, 1, 1, 5, 1, 5, 5, 4, 5, 7, 2, 5, 4, 1, 2, 2, 5, 1, 7, 3, 7, 2, 1, 0, 1, 5, 0, 0, 0, 2, 4, 6, 0, 5, 1, 2, 1, 5, 0, 2, 7, 1, 4, 4, 3, 4, 0, 1, 0, 0, 1, 1, 6, 1, 3, 0, 7, 4, 5, 4, 1, 6, 4, 1, 6, 6, 2, 2, 2, 0, 0, 7, 5, 1, 5, 0, 2, 6, 1, 0, 5, 2, 5, 7, 1, 7, 0, 5, 2, 2, 3, 5, 0, 2, 6, 4, 1, 7, 5, 7, 1, 1, 6, 1, 4, 5, 7, 5, 2, 1, 4, 6, 5, 1, 2, 0, 0, 5, 7, 0, 1, 4, 7, 2, 1, 1, 2, 1, 0, 0, 7, 1, 0, 7, 4, 5, 0, 5, 7, 1, 1, 6, 2, 4, 6, 1, 5, 5, 4, 0, 0, 0, 1, 6, 7, 4, 3, 6, 2, 1, 0, 0, 3, 2, 4, 6, 1, 6, 1, 6, 1, 1, 1, 5, 7, 1, 2, 4, 7, 2, 1, 5, 7, 6, 3, 3, 2, 6, 4, 0, 7, 0, 3, 7, 4, 0, 2, 1, 7, 3, 4, 4, 7, 2, 0, 3, 0, 6, 7, 6, 0, 6, 6, 6, 4, 7, 2, 6, 0, 4, 4, 2, 5, 5, 0, 2, 7, 1, 1, 0, 2, 6, 4, 4, 4, 2, 1, 1, 0, 3, 7, 1, 1, 0, 7, 7, 6, 7, 0, 2, 2, 5, 7, 3, 4, 2, 3, 1, 2, 6, 6, 0, 6, 1, 7, 1, 0, 3, 7, 3, 5, 6, 2, 6, 7, 2, 7, 0, 5, 6, 2, 3, 7, 3, 2, 7, 7, 4, 1, 0, 7, 7, 6, 6, 0, 6, 4, 6, 2, 4, 0, 6, 2, 2, 2, 0, 7, 4, 5, 4, 0, 6, 1, 6, 4, 5, 7, 5, 4, 0, 5, 2, 0, 3, 1, 2, 5, 7, 5, 7, 2, 1, 1, 7, 3, 3, 3, 2, 2, 7, 1, 6, 5, 1, 6, 5, 4, 3, 4, 6, 7, 4, 1, 3, 0, 3, 5, 3, 1, 3, 5, 4, 7, 2, 1, 6, 0, 5, 5, 2, 2, 1, 6, 1, 2, 3, 0, 7, 1, 7, 7, 2, 0, 2, 4, 6, 7, 1, 7, 2, 1, 3, 3, 1, 0, 5, 5, 6, 0, 5, 7, 6, 3, 2, 1, 7, 5, 3, 1, 0, 7, 3, 2, 0, 5, 5, 1, 3, 6, 6, 5, 2, 7, 6, 2, 3, 0, 7, 7, 0, 4, 7, 1, 5, 5, 4, 0, 3, 4, 5, 0, 6, 3, 7, 3, 0, 5, 0, 4, 0, 1, 1, 6, 7, 7, 5, 4, 7, 3, 3, 2, 2, 2, 2, 7, 1, 5, 1, 3, 7, 6, 1, 3, 0, 6, 6, 5, 3, 6, 1, 4, 7, 3, 0, 7, 3, 4, 2, 6, 4, 7, 4, 1, 7, 0, 0, 7, 6, 1, 6, 0, 1, 6, 7, 2, 2, 4, 6, 7, 2, 4, 0, 4, 3, 0, 1, 1, 6, 4, 2, 2, 0, 7, 2, 2, 0, 2, 1, 0, 5, 4, 0, 5, 4, 7, 5, 4, 4, 4, 0, 4, 7, 2, 0, 0, 3, 1, 5, 2, 5, 7, 5, 7, 2, 0, 1, 2, 4, 5, 5, 3, 2, 7, 2, 0, 4, 3, 0, 4, 5, 5, 5, 5, 0, 3, 0, 0, 0, 6, 3, 2, 4, 2, 7, 1, 2, 2, 6, 2, 4, 0, 2, 3, 2, 3, 7, 0, 6, 1, 1, 7, 5, 3, 7, 4, 7, 7, 1, 5, 5, 0, 0, 2, 7, 3, 4, 6, 1, 3, 6, 2, 1, 3, 4, 7, 4, 1, 7, 0, 4, 5, 4, 0, 5, 7, 4, 6, 3, 0, 6, 6, 3, 0, 0, 7, 1, 7, 3, 6, 3, 3, 1, 6, 5, 6, 4, 5, 0, 6, 1, 4, 1, 4, 2, 5, 6, 5, 5, 7, 2, 7, 1, 0, 3, 0, 5, 7, 6, 7, 6, 3, 1, 1, 4, 1, 0, 0, 0, 6, 4, 4, 5, 1, 2, 3, 7, 2, 4, 1, 7, 6, 2, 0, 2, 4, 7, 0, 6, 1, 0, 0, 0, 5, 5, 1, 0, 2, 1, 1, 7, 2, 0, 0, 1, 0, 7, 2, 5, 7, 0, 5, 2, 3, 0, 7, 6, 6, 7, 5, 3, 1, 3, 4, 7, 2, 6, 4, 1, 2, 2, 2, 4, 1, 2, 6, 0, 7, 2, 1, 5, 0, 7, 4, 5, 0, 6, 7, 5, 2, 1, 0, 0, 5, 4, 2, 4, 7, 7, 2, 2, 5, 0, 3, 5, 0, 5, 4, 1, 3, 5, 0, 6, 0, 7, 0, 4, 1, 3, 0, 4, 0, 2, 6, 6, 1, 1, 0, 2, 1, 7, 0, 7, 0, 4, 7, 4, 5, 2, 2, 0, 0, 1, 4, 5, 3, 0, 5, 4, 4, 2, 3, 6, 3, 1, 3, 4, 6, 3, 6, 0, 7, 0, 3, 1, 2, 6, 2, 2, 5, 4, 7, 3, 5, 7, 4, 5, 7, 5, 3, 0, 3, 5, 5, 6, 0, 6, 0, 2, 4, 7, 5, 3, 1, 0, 3, 3, 2, 6, 7, 0, 3, 7, 6, 5, 6, 1, 3, 0, 1, 2, 5, 2, 2, 0, 0, 1, 4, 4, 3, 5, 6, 3, 0, 6, 4, 7, 7, 7, 4, 7, 3, 5, 2, 5, 0, 3, 5, 1, 4, 3, 1, 1, 2, 2, 2, 7, 5, 6, 1, 7, 5, 0, 3, 5, 2, 6, 7, 0, 7, 4, 7, 7, 2, 4, 3, 0, 5, 0, 3, 6, 6, 4, 4, 3, 3, 3, 6, 4, 0, 7, 6, 6, 0, 0, 0, 5, 5, 3, 2, 4, 5, 3, 6, 5, 5, 7, 3, 6, 4, 0, 1, 6, 5, 0, 0, 1, 4, 3, 3, 2, 7, 6, 0, 0, 2, 5, 5, 1, 1, 1, 6, 0, 0, 7, 5, 7, 7, 5, 1, 5, 0, 0, 1, 3, 3, 1, 6, 2, 0, 3, 5, 1, 0, 6, 7, 5, 2, 2, 7, 0, 5, 7, 5, 3, 6, 2, 1, 0, 7, 5, 7, 0, 6, 6, 1, 3, 3, 2, 2, 3, 7, 4, 2, 2, 6, 6, 3, 0, 0, 2, 5, 1, 4, 7, 6, 5, 2, 0, 3, 1, 5, 0, 2, 1, 6, 5, 4, 5, 2, 1, 0, 0]
<torch.utils.data.dataloader.DataLoader object at 0x7f1aa871d3c0>


Obtained average precision: 0.8807428265118327

Obtained mapk1: 0.8872366790582404 and mapk5: 0.8889714993804212
