Loading data.
Looping through test dataloader...
0 torch.Size([16, 3, 256, 256]) tensor([5, 7, 7, 2, 6, 2, 3, 3, 5, 2, 6, 6, 2, 5, 5, 0]) ('mountain', 'tallbuilding', 'tallbuilding', 'forest', 'street', 'forest', 'highway', 'highway', 'mountain', 'forest', 'street', 'street', 'forest', 'mountain', 'mountain', 'Opencountry')
1 torch.Size([16, 3, 256, 256]) tensor([6, 5, 0, 1, 7, 6, 7, 2, 6, 1, 2, 4, 1, 7, 5, 2]) ('street', 'mountain', 'Opencountry', 'coast', 'tallbuilding', 'street', 'tallbuilding', 'forest', 'street', 'coast', 'forest', 'inside_city', 'coast', 'tallbuilding', 'mountain', 'forest')
2 torch.Size([16, 3, 256, 256]) tensor([4, 2, 1, 5, 1, 4, 1, 0, 3, 7, 0, 6, 7, 6, 0, 7]) ('inside_city', 'forest', 'coast', 'mountain', 'coast', 'inside_city', 'coast', 'Opencountry', 'highway', 'tallbuilding', 'Opencountry', 'street', 'tallbuilding', 'street', 'Opencountry', 'tallbuilding')
3 torch.Size([16, 3, 256, 256]) tensor([7, 5, 7, 1, 6, 4, 4, 0, 7, 5, 0, 0, 5, 3, 0, 2]) ('tallbuilding', 'mountain', 'tallbuilding', 'coast', 'street', 'inside_city', 'inside_city', 'Opencountry', 'tallbuilding', 'mountain', 'Opencountry', 'Opencountry', 'mountain', 'highway', 'Opencountry', 'forest')
4 torch.Size([16, 3, 256, 256]) tensor([2, 1, 1, 3, 0, 4, 7, 0, 6, 4, 6, 0, 0, 7, 2, 4]) ('forest', 'coast', 'coast', 'highway', 'Opencountry', 'inside_city', 'tallbuilding', 'Opencountry', 'street', 'inside_city', 'street', 'Opencountry', 'Opencountry', 'tallbuilding', 'forest', 'inside_city')
5 torch.Size([16, 3, 256, 256]) tensor([1, 5, 7, 0, 0, 3, 1, 7, 5, 2, 6, 1, 2, 7, 7, 4]) ('coast', 'mountain', 'tallbuilding', 'Opencountry', 'Opencountry', 'highway', 'coast', 'tallbuilding', 'mountain', 'forest', 'street', 'coast', 'forest', 'tallbuilding', 'tallbuilding', 'inside_city')
6 torch.Size([16, 3, 256, 256]) tensor([2, 3, 2, 1, 2, 4, 0, 0, 4, 5, 0, 5, 1, 0, 2, 2]) ('forest', 'highway', 'forest', 'coast', 'forest', 'inside_city', 'Opencountry', 'Opencountry', 'inside_city', 'mountain', 'Opencountry', 'mountain', 'coast', 'Opencountry', 'forest', 'forest')
7 torch.Size([16, 3, 256, 256]) tensor([3, 2, 2, 7, 4, 2, 0, 4, 3, 7, 7, 2, 5, 1, 2, 7]) ('highway', 'forest', 'forest', 'tallbuilding', 'inside_city', 'forest', 'Opencountry', 'inside_city', 'highway', 'tallbuilding', 'tallbuilding', 'forest', 'mountain', 'coast', 'forest', 'tallbuilding')
8 torch.Size([16, 3, 256, 256]) tensor([0, 4, 6, 0, 3, 2, 5, 1, 6, 2, 7, 4, 3, 0, 2, 1]) ('Opencountry', 'inside_city', 'street', 'Opencountry', 'highway', 'forest', 'mountain', 'coast', 'street', 'forest', 'tallbuilding', 'inside_city', 'highway', 'Opencountry', 'forest', 'coast')
9 torch.Size([16, 3, 256, 256]) tensor([3, 4, 0, 0, 1, 0, 6, 5, 1, 6, 0, 7, 1, 6, 2, 3]) ('highway', 'inside_city', 'Opencountry', 'Opencountry', 'coast', 'Opencountry', 'street', 'mountain', 'coast', 'street', 'Opencountry', 'tallbuilding', 'coast', 'street', 'forest', 'highway')
10 torch.Size([16, 3, 256, 256]) tensor([2, 7, 6, 0, 7, 3, 0, 2, 2, 6, 5, 1, 3, 6, 5, 0]) ('forest', 'tallbuilding', 'street', 'Opencountry', 'tallbuilding', 'highway', 'Opencountry', 'forest', 'forest', 'street', 'mountain', 'coast', 'highway', 'street', 'mountain', 'Opencountry')
11 torch.Size([16, 3, 256, 256]) tensor([4, 1, 7, 4, 4, 4, 7, 4, 1, 6, 6, 5, 6, 6, 6, 5]) ('inside_city', 'coast', 'tallbuilding', 'inside_city', 'inside_city', 'inside_city', 'tallbuilding', 'inside_city', 'coast', 'street', 'street', 'mountain', 'street', 'street', 'street', 'mountain')
12 torch.Size([16, 3, 256, 256]) tensor([2, 1, 1, 2, 2, 7, 0, 4, 3, 4, 1, 1, 5, 2, 0, 1]) ('forest', 'coast', 'coast', 'forest', 'forest', 'tallbuilding', 'Opencountry', 'inside_city', 'highway', 'inside_city', 'coast', 'coast', 'mountain', 'forest', 'Opencountry', 'coast')
13 torch.Size([16, 3, 256, 256]) tensor([1, 4, 7, 6, 5, 7, 5, 7, 1, 5, 4, 1, 4, 2, 0, 3]) ('coast', 'inside_city', 'tallbuilding', 'street', 'mountain', 'tallbuilding', 'mountain', 'tallbuilding', 'coast', 'mountain', 'inside_city', 'coast', 'inside_city', 'forest', 'Opencountry', 'highway')
14 torch.Size([16, 3, 256, 256]) tensor([0, 1, 0, 1, 6, 1, 5, 1, 3, 1, 0, 0, 3, 5, 5, 4]) ('Opencountry', 'coast', 'Opencountry', 'coast', 'street', 'coast', 'mountain', 'coast', 'highway', 'coast', 'Opencountry', 'Opencountry', 'highway', 'mountain', 'mountain', 'inside_city')
15 torch.Size([16, 3, 256, 256]) tensor([5, 7, 3, 1, 5, 2, 0, 0, 3, 3, 2, 6, 3, 5, 0, 1]) ('mountain', 'tallbuilding', 'highway', 'coast', 'mountain', 'forest', 'Opencountry', 'Opencountry', 'highway', 'highway', 'forest', 'street', 'highway', 'mountain', 'Opencountry', 'coast')
16 torch.Size([16, 3, 256, 256]) tensor([7, 0, 2, 6, 1, 1, 7, 5, 4, 5, 4, 7, 0, 7, 7, 0]) ('tallbuilding', 'Opencountry', 'forest', 'street', 'coast', 'coast', 'tallbuilding', 'mountain', 'inside_city', 'mountain', 'inside_city', 'tallbuilding', 'Opencountry', 'tallbuilding', 'tallbuilding', 'Opencountry')
17 torch.Size([16, 3, 256, 256]) tensor([7, 1, 1, 7, 5, 6, 7, 7, 7, 6, 0, 4, 6, 7, 3, 2]) ('tallbuilding', 'coast', 'coast', 'tallbuilding', 'mountain', 'street', 'tallbuilding', 'tallbuilding', 'tallbuilding', 'street', 'Opencountry', 'inside_city', 'street', 'tallbuilding', 'highway', 'forest')
18 torch.Size([16, 3, 256, 256]) tensor([4, 5, 6, 5, 3, 4, 2, 6, 0, 5, 2, 2, 1, 0, 2, 7]) ('inside_city', 'mountain', 'street', 'mountain', 'highway', 'inside_city', 'forest', 'street', 'Opencountry', 'mountain', 'forest', 'forest', 'coast', 'Opencountry', 'forest', 'tallbuilding')
19 torch.Size([16, 3, 256, 256]) tensor([4, 7, 1, 4, 6, 0, 2, 4, 4, 3, 3, 3, 6, 5, 2, 0]) ('inside_city', 'tallbuilding', 'coast', 'inside_city', 'street', 'Opencountry', 'forest', 'inside_city', 'inside_city', 'highway', 'highway', 'highway', 'street', 'mountain', 'forest', 'Opencountry')
20 torch.Size([16, 3, 256, 256]) tensor([2, 3, 7, 7, 5, 0, 1, 1, 4, 2, 6, 0, 1, 7, 4, 2]) ('forest', 'highway', 'tallbuilding', 'tallbuilding', 'mountain', 'Opencountry', 'coast', 'coast', 'inside_city', 'forest', 'street', 'Opencountry', 'coast', 'tallbuilding', 'inside_city', 'forest')
21 torch.Size([16, 3, 256, 256]) tensor([2, 3, 2, 1, 4, 0, 0, 7, 0, 5, 5, 7, 1, 2, 6, 5]) ('forest', 'highway', 'forest', 'coast', 'inside_city', 'Opencountry', 'Opencountry', 'tallbuilding', 'Opencountry', 'mountain', 'mountain', 'tallbuilding', 'coast', 'forest', 'street', 'mountain')
22 torch.Size([16, 3, 256, 256]) tensor([5, 0, 4, 2, 1, 1, 2, 5, 5, 5, 4, 1, 3, 3, 4, 4]) ('mountain', 'Opencountry', 'inside_city', 'forest', 'coast', 'coast', 'forest', 'mountain', 'mountain', 'mountain', 'inside_city', 'coast', 'highway', 'highway', 'inside_city', 'inside_city')
23 torch.Size([16, 3, 256, 256]) tensor([1, 2, 5, 6, 1, 3, 2, 6, 0, 6, 4, 0, 7, 4, 7, 3]) ('coast', 'forest', 'mountain', 'street', 'coast', 'highway', 'forest', 'street', 'Opencountry', 'street', 'inside_city', 'Opencountry', 'tallbuilding', 'inside_city', 'tallbuilding', 'highway')
24 torch.Size([16, 3, 256, 256]) tensor([5, 6, 6, 0, 1, 1, 7, 0, 0, 0, 3, 5, 6, 1, 1, 4]) ('mountain', 'street', 'street', 'Opencountry', 'coast', 'coast', 'tallbuilding', 'Opencountry', 'Opencountry', 'Opencountry', 'highway', 'mountain', 'street', 'coast', 'coast', 'inside_city')
25 torch.Size([16, 3, 256, 256]) tensor([4, 1, 6, 6, 6, 7, 1, 5, 5, 4, 5, 5, 3, 5, 2, 5]) ('inside_city', 'coast', 'street', 'street', 'street', 'tallbuilding', 'coast', 'mountain', 'mountain', 'inside_city', 'mountain', 'mountain', 'highway', 'mountain', 'forest', 'mountain')
26 torch.Size([16, 3, 256, 256]) tensor([0, 0, 1, 0, 1, 5, 5, 1, 0, 3, 4, 3, 0, 5, 2, 7]) ('Opencountry', 'Opencountry', 'coast', 'Opencountry', 'coast', 'mountain', 'mountain', 'coast', 'Opencountry', 'highway', 'inside_city', 'highway', 'Opencountry', 'mountain', 'forest', 'tallbuilding')
27 torch.Size([16, 3, 256, 256]) tensor([4, 7, 2, 6, 2, 1, 6, 4, 3, 0, 1, 4, 5, 0, 1, 6]) ('inside_city', 'tallbuilding', 'forest', 'street', 'forest', 'coast', 'street', 'inside_city', 'highway', 'Opencountry', 'coast', 'inside_city', 'mountain', 'Opencountry', 'coast', 'street')
28 torch.Size([16, 3, 256, 256]) tensor([0, 4, 1, 4, 5, 7, 4, 7, 2, 4, 2, 1, 5, 1, 4, 0]) ('Opencountry', 'inside_city', 'coast', 'inside_city', 'mountain', 'tallbuilding', 'inside_city', 'tallbuilding', 'forest', 'inside_city', 'forest', 'coast', 'mountain', 'coast', 'inside_city', 'Opencountry')
29 torch.Size([16, 3, 256, 256]) tensor([2, 3, 5, 0, 5, 2, 0, 5, 3, 5, 5, 5, 6, 2, 2, 4]) ('forest', 'highway', 'mountain', 'Opencountry', 'mountain', 'forest', 'Opencountry', 'mountain', 'highway', 'mountain', 'mountain', 'mountain', 'street', 'forest', 'forest', 'inside_city')
30 torch.Size([16, 3, 256, 256]) tensor([1, 2, 3, 5, 1, 2, 2, 7, 2, 4, 7, 7, 7, 4, 1, 2]) ('coast', 'forest', 'highway', 'mountain', 'coast', 'forest', 'forest', 'tallbuilding', 'forest', 'inside_city', 'tallbuilding', 'tallbuilding', 'tallbuilding', 'inside_city', 'coast', 'forest')
31 torch.Size([16, 3, 256, 256]) tensor([3, 6, 7, 4, 7, 1, 2, 3, 0, 5, 1, 7, 0, 5, 7, 1]) ('highway', 'street', 'tallbuilding', 'inside_city', 'tallbuilding', 'coast', 'forest', 'highway', 'Opencountry', 'mountain', 'coast', 'tallbuilding', 'Opencountry', 'mountain', 'tallbuilding', 'coast')
32 torch.Size([16, 3, 256, 256]) tensor([4, 3, 1, 6, 1, 6, 4, 1, 4, 7, 5, 5, 5, 7, 7, 6]) ('inside_city', 'highway', 'coast', 'street', 'coast', 'street', 'inside_city', 'coast', 'inside_city', 'tallbuilding', 'mountain', 'mountain', 'mountain', 'tallbuilding', 'tallbuilding', 'street')
33 torch.Size([16, 3, 256, 256]) tensor([1, 7, 6, 0, 1, 1, 3, 4, 5, 5, 7, 2, 2, 1, 5, 5]) ('coast', 'tallbuilding', 'street', 'Opencountry', 'coast', 'coast', 'highway', 'inside_city', 'mountain', 'mountain', 'tallbuilding', 'forest', 'forest', 'coast', 'mountain', 'mountain')
34 torch.Size([16, 3, 256, 256]) tensor([0, 2, 0, 3, 2, 7, 6, 1, 3, 2, 2, 4, 1, 7, 0, 1]) ('Opencountry', 'forest', 'Opencountry', 'highway', 'forest', 'tallbuilding', 'street', 'coast', 'highway', 'forest', 'forest', 'inside_city', 'coast', 'tallbuilding', 'Opencountry', 'coast')
35 torch.Size([16, 3, 256, 256]) tensor([2, 4, 2, 5, 0, 1, 0, 0, 6, 7, 0, 1, 0, 0, 4, 6]) ('forest', 'inside_city', 'forest', 'mountain', 'Opencountry', 'coast', 'Opencountry', 'Opencountry', 'street', 'tallbuilding', 'Opencountry', 'coast', 'Opencountry', 'Opencountry', 'inside_city', 'street')
36 torch.Size([16, 3, 256, 256]) tensor([1, 3, 3, 4, 4, 7, 2, 4, 3, 3, 4, 5, 3, 7, 7, 3]) ('coast', 'highway', 'highway', 'inside_city', 'inside_city', 'tallbuilding', 'forest', 'inside_city', 'highway', 'highway', 'inside_city', 'mountain', 'highway', 'tallbuilding', 'tallbuilding', 'highway')
37 torch.Size([16, 3, 256, 256]) tensor([1, 2, 3, 2, 7, 0, 2, 6, 3, 5, 0, 2, 2, 3, 5, 6]) ('coast', 'forest', 'highway', 'forest', 'tallbuilding', 'Opencountry', 'forest', 'street', 'highway', 'mountain', 'Opencountry', 'forest', 'forest', 'highway', 'mountain', 'street')
38 torch.Size([16, 3, 256, 256]) tensor([0, 5, 5, 0, 5, 4, 5, 6, 2, 0, 6, 6, 3, 6, 7, 6]) ('Opencountry', 'mountain', 'mountain', 'Opencountry', 'mountain', 'inside_city', 'mountain', 'street', 'forest', 'Opencountry', 'street', 'street', 'highway', 'street', 'tallbuilding', 'street')
39 torch.Size([16, 3, 256, 256]) tensor([4, 5, 1, 4, 6, 6, 3, 0, 4, 2, 1, 1, 7, 6, 6, 5]) ('inside_city', 'mountain', 'coast', 'inside_city', 'street', 'street', 'highway', 'Opencountry', 'inside_city', 'forest', 'coast', 'coast', 'tallbuilding', 'street', 'street', 'mountain')
40 torch.Size([16, 3, 256, 256]) tensor([1, 5, 5, 3, 7, 7, 7, 0, 7, 2, 0, 0, 2, 5, 2, 4]) ('coast', 'mountain', 'mountain', 'highway', 'tallbuilding', 'tallbuilding', 'tallbuilding', 'Opencountry', 'tallbuilding', 'forest', 'Opencountry', 'Opencountry', 'forest', 'mountain', 'forest', 'inside_city')
41 torch.Size([16, 3, 256, 256]) tensor([4, 1, 3, 0, 3, 3, 2, 5, 0, 7, 7, 1, 3, 4, 1, 1]) ('inside_city', 'coast', 'highway', 'Opencountry', 'highway', 'highway', 'forest', 'mountain', 'Opencountry', 'tallbuilding', 'tallbuilding', 'coast', 'highway', 'inside_city', 'coast', 'coast')
42 torch.Size([16, 3, 256, 256]) tensor([5, 0, 5, 6, 1, 1, 0, 1, 2, 2, 5, 5, 3, 0, 7, 4]) ('mountain', 'Opencountry', 'mountain', 'street', 'coast', 'coast', 'Opencountry', 'coast', 'forest', 'forest', 'mountain', 'mountain', 'highway', 'Opencountry', 'tallbuilding', 'inside_city')
43 torch.Size([16, 3, 256, 256]) tensor([6, 7, 3, 4, 3, 6, 7, 5, 6, 2, 0, 6, 5, 3, 0, 3]) ('street', 'tallbuilding', 'highway', 'inside_city', 'highway', 'street', 'tallbuilding', 'mountain', 'street', 'forest', 'Opencountry', 'street', 'mountain', 'highway', 'Opencountry', 'highway')
44 torch.Size([16, 3, 256, 256]) tensor([5, 1, 5, 5, 5, 4, 1, 0, 1, 5, 7, 1, 5, 0, 3, 0]) ('mountain', 'coast', 'mountain', 'mountain', 'mountain', 'inside_city', 'coast', 'Opencountry', 'coast', 'mountain', 'tallbuilding', 'coast', 'mountain', 'Opencountry', 'highway', 'Opencountry')
45 torch.Size([16, 3, 256, 256]) tensor([6, 0, 1, 5, 2, 0, 7, 7, 7, 5, 0, 0, 0, 1, 2, 4]) ('street', 'Opencountry', 'coast', 'mountain', 'forest', 'Opencountry', 'tallbuilding', 'tallbuilding', 'tallbuilding', 'mountain', 'Opencountry', 'Opencountry', 'Opencountry', 'coast', 'forest', 'inside_city')
46 torch.Size([16, 3, 256, 256]) tensor([7, 7, 4, 7, 7, 2, 1, 3, 5, 1, 4, 3, 2, 7, 5, 2]) ('tallbuilding', 'tallbuilding', 'inside_city', 'tallbuilding', 'tallbuilding', 'forest', 'coast', 'highway', 'mountain', 'coast', 'inside_city', 'highway', 'forest', 'tallbuilding', 'mountain', 'forest')
47 torch.Size([16, 3, 256, 256]) tensor([4, 4, 0, 7, 0, 3, 6, 3, 5, 5, 1, 0, 2, 0, 7, 0]) ('inside_city', 'inside_city', 'Opencountry', 'tallbuilding', 'Opencountry', 'highway', 'street', 'highway', 'mountain', 'mountain', 'coast', 'Opencountry', 'forest', 'Opencountry', 'tallbuilding', 'Opencountry')
48 torch.Size([16, 3, 256, 256]) tensor([0, 4, 7, 5, 0, 5, 1, 7, 4, 6, 0, 3, 1, 5, 4, 4]) ('Opencountry', 'inside_city', 'tallbuilding', 'mountain', 'Opencountry', 'mountain', 'coast', 'tallbuilding', 'inside_city', 'street', 'Opencountry', 'highway', 'coast', 'mountain', 'inside_city', 'inside_city')
49 torch.Size([16, 3, 256, 256]) tensor([3, 7, 6, 1, 7, 1, 4, 7, 2, 7, 0, 5, 4, 1, 5, 4]) ('highway', 'tallbuilding', 'street', 'coast', 'tallbuilding', 'coast', 'inside_city', 'tallbuilding', 'forest', 'tallbuilding', 'Opencountry', 'mountain', 'inside_city', 'coast', 'mountain', 'inside_city')
50 torch.Size([7, 3, 256, 256]) tensor([1, 7, 0, 7, 6, 1, 0]) ('coast', 'tallbuilding', 'Opencountry', 'tallbuilding', 'street', 'coast', 'Opencountry')

Initializing the Model...
Initializing Model with cuda

loss: TripletMarginLoss(
  (distance): LpDistance()
  (reducer): AvgNonZeroReducer()
)
[1, 6, 0, 0, 0, 5, 4, 3, 2, 7, 5, 0, 7, 7, 0, 1, 4, 7, 0, 0, 5, 1, 0, 2, 4, 7, 4, 7, 3, 5, 2, 6, 5, 5, 3, 1, 1, 3, 4, 3, 5, 6, 3, 1, 3, 2, 2, 3, 2, 4, 2, 5, 5, 3, 1, 6, 5, 7, 7, 2, 4, 1, 7, 5, 6, 7, 2, 4, 7, 0, 1, 6, 1, 4, 1, 0, 4, 4, 5, 6, 7, 5, 5, 0, 2, 7, 6, 2, 7, 7, 1, 1, 5, 1, 2, 0, 5, 4, 7, 5, 2, 3, 3, 5, 5, 0, 5, 4, 4, 5, 6, 6, 2, 3, 7, 0, 1, 6, 1, 0, 0, 3, 5, 3, 7, 3, 6, 5, 6, 6, 0, 5, 2, 7, 4, 0, 5, 0, 6, 1, 5, 3, 3, 3, 7, 2, 7, 1, 5, 1, 4, 0, 0, 7, 2, 2, 7, 0, 0, 1, 7, 7, 6, 3, 7, 2, 7, 7, 3, 2, 0, 7, 4, 5, 5, 6, 7, 3, 6, 7, 5, 4, 4, 1, 4, 6, 3, 4, 4, 7, 1, 5, 5, 6, 2, 1, 6, 3, 7, 4, 0, 2, 1, 7, 5, 1, 0, 3, 7, 7, 5, 3, 0, 4, 3, 7, 4, 1, 1, 1, 7, 4, 7, 0, 5, 0, 5, 7, 7, 0, 5, 3, 3, 3, 7, 0, 3, 5, 0, 3, 4, 2, 4, 2, 7, 4, 2, 4, 1, 1, 1, 0, 0, 2, 5, 7, 7, 0, 5, 1, 1, 6, 0, 6, 1, 7, 0, 1, 0, 3, 0, 7, 3, 6, 7, 4, 7, 1, 4, 3, 1, 0, 5, 4, 7, 3, 2, 2, 6, 1, 1, 0, 1, 1, 0, 7, 7, 2, 0, 2, 6, 0, 4, 1, 0, 5, 1, 5, 1, 4, 5, 5, 0, 1, 6, 6, 3, 7, 1, 4, 5, 5, 0, 4, 6, 3, 4, 7, 2, 5, 4, 4, 0, 4, 0, 2, 5, 1, 0, 5, 1, 5, 7, 4, 2, 0, 2, 2, 1, 5, 0, 0, 7, 6, 1, 5, 1, 0, 7, 0, 2, 0, 0, 2, 6, 2, 0, 6, 1, 2, 1, 2, 5, 7, 4, 7, 5, 5, 0, 2, 6, 5, 2, 5, 3, 1, 2, 7, 5, 6, 6, 2, 1, 0, 1, 3, 5, 7, 0, 1, 4, 5, 4, 6, 7, 5, 4, 5, 4, 4, 0, 6, 3, 2, 1, 4, 7, 3, 0, 1, 4, 7, 6, 0, 3, 2, 5, 3, 2, 6, 0, 4, 0, 6, 4, 4, 1, 7, 1, 6, 7, 0, 3, 7, 3, 1, 5, 6, 3, 5, 1, 7, 1, 6, 0, 6, 4, 0, 2, 1, 3, 1, 1, 5, 2, 2, 0, 2, 2, 4, 2, 6, 2, 4, 1, 2, 1, 6, 4, 6, 7, 5, 1, 3, 5, 2, 2, 4, 3, 7, 0, 7, 6, 7, 7, 6, 2, 4, 3, 0, 7, 2, 2, 6, 1, 7, 5, 2, 0, 0, 6, 5, 2, 3, 3, 1, 5, 4, 1, 1, 4, 2, 4, 1, 7, 6, 1, 2, 1, 5, 1, 3, 5, 6, 2, 6, 4, 1, 7, 7, 1, 2, 0, 0, 4, 5, 7, 0, 5, 5, 1, 7, 6, 5, 0, 7, 7, 2, 1, 4, 4, 3, 6, 1, 0, 7, 1, 3, 2, 1, 4, 2, 1, 7, 7, 3, 6, 2, 2, 3, 3, 3, 7, 2, 7, 7, 3, 0, 5, 5, 4, 6, 6, 2, 6, 1, 5, 2, 6, 3, 4, 4, 5, 2, 6, 2, 0, 2, 4, 0, 4, 4, 4, 5, 5, 5, 7, 6, 7, 0, 1, 1, 5, 7, 1, 2, 1, 4, 6, 0, 0, 7, 6, 7, 2, 5, 6, 6, 6, 2, 7, 1, 4, 7, 7, 4, 5, 0, 4, 5, 2, 3, 0, 2, 3, 5, 4, 5, 5, 0, 0, 5, 0, 6, 7, 0, 7, 4, 2, 0, 5, 2, 4, 5, 5, 7, 5, 3, 2, 6, 0, 7, 5, 2, 3, 3, 1, 7, 0, 4, 4, 7, 1, 3, 5, 3, 1, 7, 0, 2, 7, 0, 1, 0, 1, 6, 1, 1, 4, 1, 5, 2, 5, 5, 3, 7, 0, 5, 6, 6, 6, 0, 4, 5, 4, 7, 1, 7, 4, 0, 5, 7, 0, 1, 0, 2, 4, 0, 2, 2, 4, 0, 6, 4, 6, 0, 7, 6, 4, 1, 4, 7, 3, 1, 1, 0, 1, 7, 1, 1, 7, 4, 0, 6, 2, 0, 4, 1, 2, 7, 0, 0, 0, 0, 2, 6, 4, 4, 4, 3, 5, 1, 3, 1, 7, 0, 5, 3, 7, 5, 5, 6, 5, 6, 1, 6, 5, 6, 7, 0, 0, 0, 7, 4, 5, 2, 3, 1, 6, 0, 7, 6, 0, 7, 6, 1, 6, 3, 4, 1, 6, 6, 3, 4, 5, 2, 5, 7, 2, 7, 6, 7, 6, 0, 1, 0, 7, 1, 1, 1, 5, 2, 0, 6, 7, 0, 1, 5, 2, 7, 2, 5, 2, 3, 2, 1, 4, 7, 3, 5, 1, 4, 4, 6, 0, 0, 2, 2, 7, 0, 3, 4, 4, 3, 1, 3, 6, 0, 7, 3, 6, 0, 4, 5, 0, 7, 5, 0, 4, 5, 1, 1, 3, 5, 4, 7, 6, 0, 2, 2, 0, 6, 7, 0, 3, 3, 4, 5, 5, 1, 1, 1, 7, 1, 3, 5, 0, 7, 0, 5, 3, 0, 5, 0, 0, 3, 0, 1, 0, 6, 7, 0, 6, 5, 0, 0, 5, 3, 6, 5, 4, 7, 6, 4, 6, 4, 3, 7, 2, 1, 6, 5, 2, 4, 1, 5, 7, 2, 0, 0, 0, 3, 3, 7, 6, 2, 6, 2, 2, 6, 0, 1, 3, 1, 5, 3, 2, 7, 0, 0, 4, 5, 6, 5, 6, 2, 2, 6, 4, 5, 3, 5, 1, 1, 3, 0, 4, 5, 4, 0, 7, 7, 5, 7, 5, 2, 4, 3, 4, 5, 7, 2, 1, 3, 1, 5, 7, 2, 2, 3, 7, 0, 5, 2, 0, 1, 1, 3, 4, 4, 2, 5, 4, 3, 7, 0, 1, 2, 7, 5, 0, 2, 5, 2, 1, 4, 7, 0, 5, 0, 0, 1, 6, 0, 4, 4, 3, 0, 5, 0, 5, 0, 3, 6, 5, 4, 3, 2, 2, 1, 0, 6, 0, 5, 4, 4, 2, 0, 2, 1, 5, 3, 1, 5, 7, 2, 7, 3, 1, 4, 1, 7, 2, 4, 4, 2, 3, 0, 3, 5, 1, 6, 7, 1, 5, 5, 1, 0, 0, 0, 1, 3, 5, 2, 5, 7, 7, 5, 5, 7, 2, 4, 7, 5, 7, 3, 7, 7, 2, 3, 2, 1, 4, 0, 6, 7, 1, 7, 5, 1, 0, 6, 3, 1, 7, 7, 1, 0, 5, 1, 0, 5, 5, 2, 6, 4, 7, 2, 5, 0, 2, 0, 6, 0, 4, 0, 7, 7, 2, 0, 0, 2, 3, 5, 1, 4, 7, 5, 3, 5, 0, 7, 4, 2, 3, 4, 0, 0, 3, 6, 0, 2, 4, 5, 2, 6, 1, 7, 4, 4, 3, 7, 1, 4, 6, 4, 5, 2, 0, 2, 0, 5, 7, 5, 5, 0, 1, 2, 6, 4, 2, 1, 6, 0, 7, 1, 1, 6, 2, 2, 6, 3, 7, 6, 1, 4, 3, 5, 4, 4, 2, 3, 1, 5, 1, 6, 0, 3, 5, 1, 4, 3, 7, 5, 6, 1, 0, 7, 0, 0, 0, 0, 6, 0, 3, 3, 5, 0, 7, 6, 3, 0, 3, 0, 7, 4, 0, 1, 4, 6, 2, 2, 3, 7, 0, 3, 4, 6, 0, 0, 2, 3, 7, 4, 1, 2, 2, 2, 5, 3, 1, 4, 1, 6, 4, 6, 1, 1, 7, 6, 5, 6, 2, 2, 2, 0, 7, 7, 3, 1, 0, 1, 4, 3, 7, 6, 4, 2, 6, 3, 7, 4, 7, 0, 5, 7, 5, 6, 0, 5, 4, 5, 2, 2, 2, 3, 5, 3, 4, 5, 7, 5, 4, 1, 2, 3, 0, 6, 4, 5, 5, 2, 0, 6, 7, 5, 4, 7, 3, 2, 3, 0, 0, 6, 4, 1, 7, 1, 5, 6, 0, 5, 6, 6, 6, 5, 5, 2, 0, 4, 5, 3, 4, 3, 7, 6, 5, 1, 6, 0, 4, 3, 3, 6, 3, 3, 0, 4, 0, 5, 5, 4, 6, 3, 6, 7, 2, 1, 6, 6, 0, 0, 5, 5, 0, 2, 5, 6, 1, 7, 6, 5, 5, 3, 6, 3, 6, 6, 0, 7, 0, 5, 1, 0, 5, 1, 5, 6, 4, 0, 2, 4, 7, 1, 7, 3, 0, 7, 1, 7, 7, 5, 3, 2, 7, 7, 3, 3, 4, 0, 6, 4, 0, 7, 7, 2, 1, 4, 0, 6, 6, 1, 2, 0, 7, 3, 1, 1, 1, 6, 5, 3, 6, 7, 4, 2, 6, 2, 1, 7, 5, 7, 1, 2, 4, 7, 0, 6, 1, 4, 2, 0, 3, 2, 7, 0, 7, 0, 0, 7, 5, 3, 5, 3, 4, 7, 5, 1, 1, 2, 4, 5, 1, 3, 0, 0, 3, 3, 2, 7, 2, 5, 1, 5, 6, 1, 3, 5, 1, 7, 2, 7, 0, 6, 6, 0, 1, 2, 2, 6, 6, 2, 4, 6, 5, 4, 4, 2, 0, 0, 0, 6, 4, 6, 4, 5, 3, 0, 4, 5, 0, 1, 4, 2, 7, 4, 7, 0, 0, 6, 0, 1, 2, 1, 0, 0, 6, 7, 0, 6, 4, 1, 5, 4, 3, 7, 7, 5, 7, 4, 1, 4, 6, 4, 0, 1, 2, 3, 6, 3, 6, 6, 3, 2, 2, 0, 7, 4, 3, 1, 7, 7, 0, 7, 2, 5, 5, 7, 4, 4, 0, 7, 0, 6, 2, 0, 7, 0, 6, 4, 3, 7, 5, 4, 5, 5, 0, 6, 0, 5, 1, 1, 0, 0, 0, 0, 3, 4, 2, 7, 1, 4, 6, 3, 5, 3, 2, 6, 5, 7, 0, 6, 2, 3, 6, 2, 7, 6, 6, 6, 7, 0, 2]
<torch.utils.data.dataloader.DataLoader object at 0x7fe9a74c1480>


Obtained average precision: 0.9356663069576237

Obtained mapk1: 0.9169764560099133 and mapk5: 0.917472118959107
[t-SNE] Computing 91 nearest neighbors...
[t-SNE] Indexed 807 samples in 0.001s...
[t-SNE] Computed neighbors for 807 samples in 0.069s...
[t-SNE] Computed conditional probabilities for sample 807 / 807
[t-SNE] Mean sigma: 7.570999
[t-SNE] KL divergence after 250 iterations with early exaggeration: 51.824032
[t-SNE] KL divergence after 1000 iterations: 0.472450
