Loading data.
Looping through test dataloader...
Initializing Model with cuda

THE INFORMATION OF THE SELECTED MODEL IS THE FOLLOWING:


TASK:      b 

weights_name :  77fe8c85-83cd-4085-a827-94cab60b06e1
average_precision :  0.8934413166428816
mapk1 :  0.8847583643122676
mapk5 :  0.8728624535315987
fine_tune_time (s) :  123.03690505027771
BATCH_SIZE :  16
N_EPOCHS :  50
EMBED_SIZE :  2096
PREPROCESS :  []
BASE_LR :  0.0001



[t-SNE] Computing 91 nearest neighbors...
[t-SNE] Indexed 807 samples in 0.001s...
[t-SNE] Computed neighbors for 807 samples in 0.085s...
[t-SNE] Computed conditional probabilities for sample 807 / 807
[t-SNE] Mean sigma: 10.709235
[t-SNE] KL divergence after 250 iterations with early exaggeration: 51.530415
[t-SNE] KL divergence after 1000 iterations: 0.329047
