Loading data.
Looping through test dataloader...
0 torch.Size([16, 3, 256, 256]) tensor([5, 2, 0, 0, 1, 0, 0, 3, 2, 5, 4, 0, 1, 1, 2, 3]) ('mountain', 'forest', 'Opencountry', 'Opencountry', 'coast', 'Opencountry', 'Opencountry', 'highway', 'forest', 'mountain', 'inside_city', 'Opencountry', 'coast', 'coast', 'forest', 'highway')
1 torch.Size([16, 3, 256, 256]) tensor([6, 7, 4, 0, 1, 2, 1, 6, 3, 3, 7, 6, 3, 0, 6, 5]) ('street', 'tallbuilding', 'inside_city', 'Opencountry', 'coast', 'forest', 'coast', 'street', 'highway', 'highway', 'tallbuilding', 'street', 'highway', 'Opencountry', 'street', 'mountain')
2 torch.Size([16, 3, 256, 256]) tensor([1, 6, 1, 6, 3, 0, 5, 7, 7, 0, 0, 5, 2, 1, 1, 3]) ('coast', 'street', 'coast', 'street', 'highway', 'Opencountry', 'mountain', 'tallbuilding', 'tallbuilding', 'Opencountry', 'Opencountry', 'mountain', 'forest', 'coast', 'coast', 'highway')
3 torch.Size([16, 3, 256, 256]) tensor([0, 3, 2, 6, 3, 2, 4, 2, 3, 0, 1, 2, 0, 3, 1, 5]) ('Opencountry', 'highway', 'forest', 'street', 'highway', 'forest', 'inside_city', 'forest', 'highway', 'Opencountry', 'coast', 'forest', 'Opencountry', 'highway', 'coast', 'mountain')
4 torch.Size([16, 3, 256, 256]) tensor([7, 7, 0, 1, 2, 0, 0, 1, 6, 7, 6, 7, 6, 1, 5, 5]) ('tallbuilding', 'tallbuilding', 'Opencountry', 'coast', 'forest', 'Opencountry', 'Opencountry', 'coast', 'street', 'tallbuilding', 'street', 'tallbuilding', 'street', 'coast', 'mountain', 'mountain')
5 torch.Size([16, 3, 256, 256]) tensor([1, 6, 1, 0, 4, 4, 5, 2, 5, 0, 4, 0, 2, 0, 1, 5]) ('coast', 'street', 'coast', 'Opencountry', 'inside_city', 'inside_city', 'mountain', 'forest', 'mountain', 'Opencountry', 'inside_city', 'Opencountry', 'forest', 'Opencountry', 'coast', 'mountain')
6 torch.Size([16, 3, 256, 256]) tensor([2, 4, 1, 1, 4, 5, 5, 2, 5, 1, 0, 0, 1, 2, 6, 6]) ('forest', 'inside_city', 'coast', 'coast', 'inside_city', 'mountain', 'mountain', 'forest', 'mountain', 'coast', 'Opencountry', 'Opencountry', 'coast', 'forest', 'street', 'street')
7 torch.Size([16, 3, 256, 256]) tensor([7, 1, 0, 5, 3, 2, 5, 4, 5, 4, 0, 5, 2, 3, 7, 1]) ('tallbuilding', 'coast', 'Opencountry', 'mountain', 'highway', 'forest', 'mountain', 'inside_city', 'mountain', 'inside_city', 'Opencountry', 'mountain', 'forest', 'highway', 'tallbuilding', 'coast')
8 torch.Size([16, 3, 256, 256]) tensor([3, 2, 7, 6, 4, 5, 5, 2, 7, 2, 0, 0, 6, 4, 5, 2]) ('highway', 'forest', 'tallbuilding', 'street', 'inside_city', 'mountain', 'mountain', 'forest', 'tallbuilding', 'forest', 'Opencountry', 'Opencountry', 'street', 'inside_city', 'mountain', 'forest')
9 torch.Size([16, 3, 256, 256]) tensor([2, 3, 5, 4, 6, 0, 5, 3, 2, 0, 3, 5, 1, 3, 0, 5]) ('forest', 'highway', 'mountain', 'inside_city', 'street', 'Opencountry', 'mountain', 'highway', 'forest', 'Opencountry', 'highway', 'mountain', 'coast', 'highway', 'Opencountry', 'mountain')
10 torch.Size([16, 3, 256, 256]) tensor([5, 1, 7, 6, 0, 2, 5, 4, 7, 7, 1, 0, 2, 2, 2, 6]) ('mountain', 'coast', 'tallbuilding', 'street', 'Opencountry', 'forest', 'mountain', 'inside_city', 'tallbuilding', 'tallbuilding', 'coast', 'Opencountry', 'forest', 'forest', 'forest', 'street')
11 torch.Size([16, 3, 256, 256]) tensor([2, 1, 6, 2, 0, 6, 2, 3, 1, 5, 4, 4, 7, 1, 7, 0]) ('forest', 'coast', 'street', 'forest', 'Opencountry', 'street', 'forest', 'highway', 'coast', 'mountain', 'inside_city', 'inside_city', 'tallbuilding', 'coast', 'tallbuilding', 'Opencountry')
12 torch.Size([16, 3, 256, 256]) tensor([6, 7, 3, 6, 1, 5, 0, 7, 0, 6, 4, 2, 3, 7, 4, 7]) ('street', 'tallbuilding', 'highway', 'street', 'coast', 'mountain', 'Opencountry', 'tallbuilding', 'Opencountry', 'street', 'inside_city', 'forest', 'highway', 'tallbuilding', 'inside_city', 'tallbuilding')
13 torch.Size([16, 3, 256, 256]) tensor([3, 1, 1, 3, 3, 2, 4, 7, 2, 0, 4, 7, 4, 1, 4, 7]) ('highway', 'coast', 'coast', 'highway', 'highway', 'forest', 'inside_city', 'tallbuilding', 'forest', 'Opencountry', 'inside_city', 'tallbuilding', 'inside_city', 'coast', 'inside_city', 'tallbuilding')
14 torch.Size([16, 3, 256, 256]) tensor([5, 7, 5, 7, 3, 6, 0, 2, 3, 1, 2, 1, 4, 1, 2, 3]) ('mountain', 'tallbuilding', 'mountain', 'tallbuilding', 'highway', 'street', 'Opencountry', 'forest', 'highway', 'coast', 'forest', 'coast', 'inside_city', 'coast', 'forest', 'highway')
15 torch.Size([16, 3, 256, 256]) tensor([5, 6, 7, 0, 2, 2, 7, 1, 0, 0, 5, 5, 1, 5, 4, 4]) ('mountain', 'street', 'tallbuilding', 'Opencountry', 'forest', 'forest', 'tallbuilding', 'coast', 'Opencountry', 'Opencountry', 'mountain', 'mountain', 'coast', 'mountain', 'inside_city', 'inside_city')
16 torch.Size([16, 3, 256, 256]) tensor([0, 0, 6, 6, 1, 6, 7, 5, 5, 7, 0, 1, 4, 2, 4, 0]) ('Opencountry', 'Opencountry', 'street', 'street', 'coast', 'street', 'tallbuilding', 'mountain', 'mountain', 'tallbuilding', 'Opencountry', 'coast', 'inside_city', 'forest', 'inside_city', 'Opencountry')
17 torch.Size([16, 3, 256, 256]) tensor([4, 4, 3, 7, 0, 2, 4, 1, 2, 3, 2, 1, 4, 2, 0, 4]) ('inside_city', 'inside_city', 'highway', 'tallbuilding', 'Opencountry', 'forest', 'inside_city', 'coast', 'forest', 'highway', 'forest', 'coast', 'inside_city', 'forest', 'Opencountry', 'inside_city')
18 torch.Size([16, 3, 256, 256]) tensor([5, 2, 3, 2, 7, 4, 6, 1, 0, 1, 6, 7, 4, 7, 2, 5]) ('mountain', 'forest', 'highway', 'forest', 'tallbuilding', 'inside_city', 'street', 'coast', 'Opencountry', 'coast', 'street', 'tallbuilding', 'inside_city', 'tallbuilding', 'forest', 'mountain')
19 torch.Size([16, 3, 256, 256]) tensor([4, 2, 5, 7, 7, 7, 1, 2, 0, 0, 0, 0, 6, 5, 2, 4]) ('inside_city', 'forest', 'mountain', 'tallbuilding', 'tallbuilding', 'tallbuilding', 'coast', 'forest', 'Opencountry', 'Opencountry', 'Opencountry', 'Opencountry', 'street', 'mountain', 'forest', 'inside_city')
20 torch.Size([16, 3, 256, 256]) tensor([4, 6, 7, 0, 6, 7, 1, 0, 5, 1, 6, 1, 7, 5, 0, 4]) ('inside_city', 'street', 'tallbuilding', 'Opencountry', 'street', 'tallbuilding', 'coast', 'Opencountry', 'mountain', 'coast', 'street', 'coast', 'tallbuilding', 'mountain', 'Opencountry', 'inside_city')
21 torch.Size([16, 3, 256, 256]) tensor([2, 3, 5, 7, 1, 4, 0, 5, 7, 0, 6, 1, 5, 3, 4, 6]) ('forest', 'highway', 'mountain', 'tallbuilding', 'coast', 'inside_city', 'Opencountry', 'mountain', 'tallbuilding', 'Opencountry', 'street', 'coast', 'mountain', 'highway', 'inside_city', 'street')
22 torch.Size([16, 3, 256, 256]) tensor([3, 2, 3, 5, 5, 5, 0, 4, 0, 3, 7, 4, 2, 6, 7, 0]) ('highway', 'forest', 'highway', 'mountain', 'mountain', 'mountain', 'Opencountry', 'inside_city', 'Opencountry', 'highway', 'tallbuilding', 'inside_city', 'forest', 'street', 'tallbuilding', 'Opencountry')
23 torch.Size([16, 3, 256, 256]) tensor([5, 4, 1, 6, 0, 6, 4, 3, 7, 4, 7, 4, 1, 0, 1, 2]) ('mountain', 'inside_city', 'coast', 'street', 'Opencountry', 'street', 'inside_city', 'highway', 'tallbuilding', 'inside_city', 'tallbuilding', 'inside_city', 'coast', 'Opencountry', 'coast', 'forest')
24 torch.Size([16, 3, 256, 256]) tensor([6, 0, 7, 7, 0, 1, 7, 4, 0, 5, 3, 7, 0, 3, 0, 1]) ('street', 'Opencountry', 'tallbuilding', 'tallbuilding', 'Opencountry', 'coast', 'tallbuilding', 'inside_city', 'Opencountry', 'mountain', 'highway', 'tallbuilding', 'Opencountry', 'highway', 'Opencountry', 'coast')
25 torch.Size([16, 3, 256, 256]) tensor([5, 7, 2, 0, 5, 4, 0, 7, 2, 0, 6, 3, 0, 1, 3, 3]) ('mountain', 'tallbuilding', 'forest', 'Opencountry', 'mountain', 'inside_city', 'Opencountry', 'tallbuilding', 'forest', 'Opencountry', 'street', 'highway', 'Opencountry', 'coast', 'highway', 'highway')
26 torch.Size([16, 3, 256, 256]) tensor([5, 5, 5, 7, 0, 1, 5, 6, 7, 7, 0, 7, 3, 6, 3, 7]) ('mountain', 'mountain', 'mountain', 'tallbuilding', 'Opencountry', 'coast', 'mountain', 'street', 'tallbuilding', 'tallbuilding', 'Opencountry', 'tallbuilding', 'highway', 'street', 'highway', 'tallbuilding')
27 torch.Size([16, 3, 256, 256]) tensor([7, 4, 3, 6, 6, 1, 2, 5, 7, 1, 7, 1, 2, 7, 2, 4]) ('tallbuilding', 'inside_city', 'highway', 'street', 'street', 'coast', 'forest', 'mountain', 'tallbuilding', 'coast', 'tallbuilding', 'coast', 'forest', 'tallbuilding', 'forest', 'inside_city')
28 torch.Size([16, 3, 256, 256]) tensor([5, 1, 2, 1, 2, 1, 7, 6, 2, 0, 6, 3, 3, 6, 1, 4]) ('mountain', 'coast', 'forest', 'coast', 'forest', 'coast', 'tallbuilding', 'street', 'forest', 'Opencountry', 'street', 'highway', 'highway', 'street', 'coast', 'inside_city')
29 torch.Size([16, 3, 256, 256]) tensor([2, 6, 1, 1, 2, 5, 2, 0, 7, 3, 6, 2, 0, 2, 7, 3]) ('forest', 'street', 'coast', 'coast', 'forest', 'mountain', 'forest', 'Opencountry', 'tallbuilding', 'highway', 'street', 'forest', 'Opencountry', 'forest', 'tallbuilding', 'highway')
30 torch.Size([16, 3, 256, 256]) tensor([5, 0, 1, 7, 4, 1, 1, 4, 7, 5, 7, 0, 2, 2, 1, 4]) ('mountain', 'Opencountry', 'coast', 'tallbuilding', 'inside_city', 'coast', 'coast', 'inside_city', 'tallbuilding', 'mountain', 'tallbuilding', 'Opencountry', 'forest', 'forest', 'coast', 'inside_city')
31 torch.Size([16, 3, 256, 256]) tensor([7, 0, 5, 4, 5, 7, 4, 2, 4, 0, 1, 1, 1, 2, 5, 0]) ('tallbuilding', 'Opencountry', 'mountain', 'inside_city', 'mountain', 'tallbuilding', 'inside_city', 'forest', 'inside_city', 'Opencountry', 'coast', 'coast', 'coast', 'forest', 'mountain', 'Opencountry')
32 torch.Size([16, 3, 256, 256]) tensor([1, 5, 5, 6, 0, 2, 3, 6, 1, 7, 5, 7, 1, 7, 2, 6]) ('coast', 'mountain', 'mountain', 'street', 'Opencountry', 'forest', 'highway', 'street', 'coast', 'tallbuilding', 'mountain', 'tallbuilding', 'coast', 'tallbuilding', 'forest', 'street')
33 torch.Size([16, 3, 256, 256]) tensor([0, 4, 2, 4, 1, 3, 7, 5, 2, 5, 2, 5, 4, 4, 7, 4]) ('Opencountry', 'inside_city', 'forest', 'inside_city', 'coast', 'highway', 'tallbuilding', 'mountain', 'forest', 'mountain', 'forest', 'mountain', 'inside_city', 'inside_city', 'tallbuilding', 'inside_city')
34 torch.Size([16, 3, 256, 256]) tensor([7, 1, 0, 7, 6, 5, 4, 0, 4, 1, 1, 3, 5, 4, 7, 6]) ('tallbuilding', 'coast', 'Opencountry', 'tallbuilding', 'street', 'mountain', 'inside_city', 'Opencountry', 'inside_city', 'coast', 'coast', 'highway', 'mountain', 'inside_city', 'tallbuilding', 'street')
35 torch.Size([16, 3, 256, 256]) tensor([0, 3, 7, 1, 2, 2, 7, 4, 7, 0, 5, 0, 6, 5, 5, 3]) ('Opencountry', 'highway', 'tallbuilding', 'coast', 'forest', 'forest', 'tallbuilding', 'inside_city', 'tallbuilding', 'Opencountry', 'mountain', 'Opencountry', 'street', 'mountain', 'mountain', 'highway')
36 torch.Size([16, 3, 256, 256]) tensor([1, 4, 7, 7, 3, 1, 6, 4, 2, 1, 7, 0, 4, 3, 0, 5]) ('coast', 'inside_city', 'tallbuilding', 'tallbuilding', 'highway', 'coast', 'street', 'inside_city', 'forest', 'coast', 'tallbuilding', 'Opencountry', 'inside_city', 'highway', 'Opencountry', 'mountain')
37 torch.Size([16, 3, 256, 256]) tensor([7, 0, 1, 0, 0, 5, 2, 5, 5, 5, 5, 5, 0, 6, 4, 7]) ('tallbuilding', 'Opencountry', 'coast', 'Opencountry', 'Opencountry', 'mountain', 'forest', 'mountain', 'mountain', 'mountain', 'mountain', 'mountain', 'Opencountry', 'street', 'inside_city', 'tallbuilding')
38 torch.Size([16, 3, 256, 256]) tensor([0, 2, 4, 2, 0, 7, 5, 3, 4, 7, 2, 3, 7, 6, 5, 6]) ('Opencountry', 'forest', 'inside_city', 'forest', 'Opencountry', 'tallbuilding', 'mountain', 'highway', 'inside_city', 'tallbuilding', 'forest', 'highway', 'tallbuilding', 'street', 'mountain', 'street')
39 torch.Size([16, 3, 256, 256]) tensor([0, 6, 4, 4, 5, 4, 2, 4, 0, 6, 6, 4, 5, 1, 1, 2]) ('Opencountry', 'street', 'inside_city', 'inside_city', 'mountain', 'inside_city', 'forest', 'inside_city', 'Opencountry', 'street', 'street', 'inside_city', 'mountain', 'coast', 'coast', 'forest')
40 torch.Size([16, 3, 256, 256]) tensor([1, 5, 3, 2, 1, 2, 1, 1, 0, 5, 2, 0, 5, 3, 5, 2]) ('coast', 'mountain', 'highway', 'forest', 'coast', 'forest', 'coast', 'coast', 'Opencountry', 'mountain', 'forest', 'Opencountry', 'mountain', 'highway', 'mountain', 'forest')
41 torch.Size([16, 3, 256, 256]) tensor([4, 2, 2, 4, 5, 4, 4, 6, 6, 1, 6, 3, 5, 7, 0, 7]) ('inside_city', 'forest', 'forest', 'inside_city', 'mountain', 'inside_city', 'inside_city', 'street', 'street', 'coast', 'street', 'highway', 'mountain', 'tallbuilding', 'Opencountry', 'tallbuilding')
42 torch.Size([16, 3, 256, 256]) tensor([7, 6, 0, 0, 1, 3, 2, 7, 6, 3, 4, 3, 5, 7, 3, 7]) ('tallbuilding', 'street', 'Opencountry', 'Opencountry', 'coast', 'highway', 'forest', 'tallbuilding', 'street', 'highway', 'inside_city', 'highway', 'mountain', 'tallbuilding', 'highway', 'tallbuilding')
43 torch.Size([16, 3, 256, 256]) tensor([2, 5, 4, 2, 3, 1, 2, 1, 0, 6, 0, 5, 7, 5, 7, 5]) ('forest', 'mountain', 'inside_city', 'forest', 'highway', 'coast', 'forest', 'coast', 'Opencountry', 'street', 'Opencountry', 'mountain', 'tallbuilding', 'mountain', 'tallbuilding', 'mountain')
44 torch.Size([16, 3, 256, 256]) tensor([2, 4, 2, 7, 1, 1, 0, 4, 7, 6, 4, 7, 6, 5, 1, 6]) ('forest', 'inside_city', 'forest', 'tallbuilding', 'coast', 'coast', 'Opencountry', 'inside_city', 'tallbuilding', 'street', 'inside_city', 'tallbuilding', 'street', 'mountain', 'coast', 'street')
45 torch.Size([16, 3, 256, 256]) tensor([3, 5, 5, 7, 1, 0, 6, 0, 4, 1, 4, 3, 1, 6, 0, 1]) ('highway', 'mountain', 'mountain', 'tallbuilding', 'coast', 'Opencountry', 'street', 'Opencountry', 'inside_city', 'coast', 'inside_city', 'highway', 'coast', 'street', 'Opencountry', 'coast')
46 torch.Size([16, 3, 256, 256]) tensor([0, 6, 3, 5, 6, 3, 4, 5, 0, 4, 1, 2, 2, 5, 3, 1]) ('Opencountry', 'street', 'highway', 'mountain', 'street', 'highway', 'inside_city', 'mountain', 'Opencountry', 'inside_city', 'coast', 'forest', 'forest', 'mountain', 'highway', 'coast')
47 torch.Size([16, 3, 256, 256]) tensor([1, 5, 1, 5, 6, 7, 5, 5, 4, 3, 5, 5, 1, 5, 7, 6]) ('coast', 'mountain', 'coast', 'mountain', 'street', 'tallbuilding', 'mountain', 'mountain', 'inside_city', 'highway', 'mountain', 'mountain', 'coast', 'mountain', 'tallbuilding', 'street')
48 torch.Size([16, 3, 256, 256]) tensor([2, 7, 6, 2, 0, 1, 3, 0, 0, 3, 0, 7, 2, 6, 5, 0]) ('forest', 'tallbuilding', 'street', 'forest', 'Opencountry', 'coast', 'highway', 'Opencountry', 'Opencountry', 'highway', 'Opencountry', 'tallbuilding', 'forest', 'street', 'mountain', 'Opencountry')
49 torch.Size([16, 3, 256, 256]) tensor([0, 7, 4, 1, 7, 7, 1, 1, 0, 1, 7, 1, 4, 1, 4, 5]) ('Opencountry', 'tallbuilding', 'inside_city', 'coast', 'tallbuilding', 'tallbuilding', 'coast', 'coast', 'Opencountry', 'coast', 'tallbuilding', 'coast', 'inside_city', 'coast', 'inside_city', 'mountain')
50 torch.Size([7, 3, 256, 256]) tensor([5, 3, 3, 3, 0, 1, 1]) ('mountain', 'highway', 'highway', 'highway', 'Opencountry', 'coast', 'coast')

Initializing the Model...
Initializing Model with cuda

[5 2 1 ... 7 4 3]
[5 2 1 ... 7 4 3]
0.8577748447688059
